<?xml version="1.0" encoding="UTF-8"?>
<robot generator="Robot 7.1 (Python 3.13.0 on win32)" generated="2024-12-25T12:44:50.996687" rpa="false" schemaversion="5">
<suite id="s1" name="Testfile" source="D:\robot\testfile\TestCases\testfile.robot">
<test id="s1-t1" name="Launch the page" line="13">
<kw name="Open my browser" owner="easemytrip_keywords">
<kw name="Open Browser" owner="SeleniumLibrary">
<msg time="2024-12-25T12:44:51.438795" level="INFO">Opening browser 'chrome' to base url 'https://www.easemytrip.com/'.</msg>
<arg>${URL}</arg>
<arg>${BROWSER}</arg>
<arg>options=add_argument("--disable-notifications")</arg>
<doc>Opens a new browser instance to the optional ``url``.</doc>
<status status="PASS" start="2024-12-25T12:44:51.438527" elapsed="5.134527"/>
</kw>
<kw name="Maximize Browser Window" owner="SeleniumLibrary">
<doc>Maximizes current browser window.</doc>
<status status="PASS" start="2024-12-25T12:44:56.573488" elapsed="0.053198"/>
</kw>
<arg>${URL}</arg>
<arg>${BROWSER}</arg>
<doc>Opening the browser</doc>
<status status="PASS" start="2024-12-25T12:44:51.437644" elapsed="5.189185"/>
</kw>
<status status="PASS" start="2024-12-25T12:44:51.436964" elapsed="5.190281"/>
</test>
<test id="s1-t2" name="Booking flights" line="16">
<kw name="Enter destinations" owner="easemytrip_keywords">
<try>
<branch type="TRY">
<kw name="Click Element" owner="SeleniumLibrary">
<msg time="2024-12-25T12:44:56.629874" level="INFO">Clicking element 'id:frmcity'.</msg>
<arg>${txt_box_from}</arg>
<doc>Click the element identified by ``locator``.</doc>
<status status="PASS" start="2024-12-25T12:44:56.629414" elapsed="0.135759"/>
</kw>
<kw name="Clear Element Text" owner="SeleniumLibrary">
<arg>${clear_element_from}</arg>
<doc>Clears the value of the text-input-element identified by ``locator``.</doc>
<status status="PASS" start="2024-12-25T12:44:56.765368" elapsed="0.055999"/>
</kw>
<kw name="Set Selenium Implicit Wait" owner="SeleniumLibrary">
<arg>4</arg>
<doc>Sets the implicit wait value used by Selenium.</doc>
<status status="PASS" start="2024-12-25T12:44:56.821594" elapsed="0.001251"/>
</kw>
<kw name="Input Text" owner="SeleniumLibrary">
<msg time="2024-12-25T12:44:56.823282" level="INFO">Typing text 'MAA' into text field 'xpath://input[@id='a_FromSector_show']'.</msg>
<arg>${from_location_txt}</arg>
<arg>${from_city}</arg>
<doc>Types the given ``text`` into the text field identified by ``locator``.</doc>
<status status="PASS" start="2024-12-25T12:44:56.823033" elapsed="0.092874"/>
</kw>
<kw name="Sleep" owner="BuiltIn">
<msg time="2024-12-25T12:44:59.916399" level="INFO">Slept 3 seconds.</msg>
<arg>3</arg>
<doc>Pauses the test executed for the given time.</doc>
<status status="PASS" start="2024-12-25T12:44:56.916077" elapsed="3.000474"/>
</kw>
<kw name="Wait Until Element Is Visible" owner="SeleniumLibrary">
<arg>${from_location_click}</arg>
<arg>10</arg>
<doc>Waits until the element ``locator`` is visible.</doc>
<status status="PASS" start="2024-12-25T12:44:59.916755" elapsed="0.031231"/>
</kw>
<kw name="Sleep" owner="BuiltIn">
<msg time="2024-12-25T12:45:02.948920" level="INFO">Slept 3 seconds.</msg>
<arg>3</arg>
<doc>Pauses the test executed for the given time.</doc>
<status status="PASS" start="2024-12-25T12:44:59.948200" elapsed="3.000892"/>
</kw>
<kw name="Click Element" owner="SeleniumLibrary">
<msg time="2024-12-25T12:45:02.949859" level="INFO">Clicking element 'xpath://span[@id='spnChennai']'.</msg>
<arg>${from_location_click}</arg>
<doc>Click the element identified by ``locator``.</doc>
<status status="PASS" start="2024-12-25T12:45:02.949494" elapsed="0.179964"/>
</kw>
<status status="PASS" start="2024-12-25T12:44:56.629222" elapsed="6.500404"/>
</branch>
<branch type="EXCEPT">
<kw name="Sleep" owner="BuiltIn">
<arg>5</arg>
<doc>Pauses the test executed for the given time.</doc>
<status status="NOT RUN" start="2024-12-25T12:45:03.130215" elapsed="0.000070"/>
</kw>
<kw name="Click Element" owner="SeleniumLibrary">
<arg>xpath://p/span[contains(text(),'Chennai')]</arg>
<doc>Click the element identified by ``locator``.</doc>
<status status="NOT RUN" start="2024-12-25T12:45:03.130542" elapsed="0.000058"/>
</kw>
<status status="NOT RUN" start="2024-12-25T12:45:03.129893" elapsed="0.000795"/>
</branch>
<status status="PASS" start="2024-12-25T12:44:56.629160" elapsed="6.501638"/>
</try>
<try>
<branch type="TRY">
<kw name="Click Element" owner="SeleniumLibrary">
<msg time="2024-12-25T12:45:03.131559" level="INFO">Clicking element '//input[@id='a_Editbox13_show']'.</msg>
<arg>${txt_box_to}</arg>
<doc>Click the element identified by ``locator``.</doc>
<status status="PASS" start="2024-12-25T12:45:03.131195" elapsed="0.112577"/>
</kw>
<kw name="Input Text" owner="SeleniumLibrary">
<msg time="2024-12-25T12:45:03.244173" level="INFO">Typing text 'BOM' into text field 'xpath://input[@id='a_Editbox13_show']'.</msg>
<arg>${to_location_txt}</arg>
<arg>${to_city}</arg>
<doc>Types the given ``text`` into the text field identified by ``locator``.</doc>
<status status="PASS" start="2024-12-25T12:45:03.243946" elapsed="0.106015"/>
</kw>
<kw name="Wait Until Element Is Visible" owner="SeleniumLibrary">
<arg>${to_location_click}</arg>
<doc>Waits until the element ``locator`` is visible.</doc>
<status status="PASS" start="2024-12-25T12:45:03.350296" elapsed="0.089124"/>
</kw>
<kw name="Sleep" owner="BuiltIn">
<msg time="2024-12-25T12:45:06.440135" level="INFO">Slept 3 seconds.</msg>
<arg>3</arg>
<doc>Pauses the test executed for the given time.</doc>
<status status="PASS" start="2024-12-25T12:45:03.439597" elapsed="3.000660"/>
</kw>
<kw name="Click Element" owner="SeleniumLibrary">
<msg time="2024-12-25T12:45:06.440728" level="INFO">Clicking element 'xpath://span[@id='spnMumbai']'.</msg>
<arg>${to_location_click}</arg>
<doc>Click the element identified by ``locator``.</doc>
<status status="PASS" start="2024-12-25T12:45:06.440462" elapsed="0.085619"/>
</kw>
<status status="PASS" start="2024-12-25T12:45:03.130992" elapsed="3.395165"/>
</branch>
<branch type="EXCEPT">
<kw name="Sleep" owner="BuiltIn">
<arg>5</arg>
<doc>Pauses the test executed for the given time.</doc>
<status status="NOT RUN" start="2024-12-25T12:45:06.526360" elapsed="0.000030"/>
</kw>
<kw name="Click Element" owner="SeleniumLibrary">
<arg>xpath://p/span[contains(text(),'Mumbai')]</arg>
<doc>Click the element identified by ``locator``.</doc>
<status status="NOT RUN" start="2024-12-25T12:45:06.526492" elapsed="0.000026"/>
</kw>
<status status="NOT RUN" start="2024-12-25T12:45:06.526234" elapsed="0.000322"/>
</branch>
<status status="PASS" start="2024-12-25T12:45:03.130937" elapsed="3.395664"/>
</try>
<kw name="Click Element" owner="SeleniumLibrary">
<msg time="2024-12-25T12:45:06.526884" level="INFO">Clicking element 'id=fiv_5_31/01/2025'.</msg>
<arg>${date}</arg>
<doc>Click the element identified by ``locator``.</doc>
<status status="PASS" start="2024-12-25T12:45:06.526685" elapsed="0.161773"/>
</kw>
<kw name="Set Selenium Implicit Wait" owner="SeleniumLibrary">
<arg>5</arg>
<doc>Sets the implicit wait value used by Selenium.</doc>
<status status="PASS" start="2024-12-25T12:45:06.688667" elapsed="0.001262"/>
</kw>
<kw name="Click Element" owner="SeleniumLibrary">
<msg time="2024-12-25T12:45:06.690321" level="INFO">Clicking element 'xpath://button[@class='srchBtnSe']'.</msg>
<arg>${searchBtn}</arg>
<doc>Click the element identified by ``locator``.</doc>
<status status="PASS" start="2024-12-25T12:45:06.690112" elapsed="2.403188"/>
</kw>
<arg>${from_city}</arg>
<arg>${to_city}</arg>
<doc>Entering departure and arrival destinations and clicking "Search"</doc>
<status status="PASS" start="2024-12-25T12:44:56.628839" elapsed="12.464586"/>
</kw>
<status status="PASS" start="2024-12-25T12:44:56.627872" elapsed="12.465819"/>
</test>
<test id="s1-t3" name="Launching payment page" line="19">
<kw name="Clicking book now for the highest price" owner="easemytrip_keywords">
<kw name="Get WebElements" owner="SeleniumLibrary">
<msg time="2024-12-25T12:45:11.050812" level="INFO">@{fares} = [ &lt;selenium.webdriver.remote.webelement.WebElement (session="889ba404d3de3da2fcbea89ee04a0925", element="f.D5FD44D06D420DBAA34DFB8625AACCF1.d.89901A21463F3E8602AA20AD79ED170E.e.828")&gt; | &lt;selenium.webd...</msg>
<var>@{fares}</var>
<arg>${fare_details}</arg>
<doc>Returns a list of WebElement objects matching the ``locator``.</doc>
<status status="PASS" start="2024-12-25T12:45:09.095506" elapsed="1.955522"/>
</kw>
<kw name="Create List" owner="BuiltIn">
<msg time="2024-12-25T12:45:11.051437" level="INFO">${fare_values} = []</msg>
<var>${fare_values}</var>
<doc>Returns a list containing given items.</doc>
<status status="PASS" start="2024-12-25T12:45:11.051243" elapsed="0.000232"/>
</kw>
<for flavor="IN">
<iter>
<kw name="Get Text" owner="SeleniumLibrary">
<msg time="2024-12-25T12:45:11.071572" level="INFO">${fare_text} = 4,256</msg>
<var>${fare_text}</var>
<arg>${element}</arg>
<doc>Returns the text value of the element identified by ``locator``.</doc>
<status status="PASS" start="2024-12-25T12:45:11.051950" elapsed="0.019663"/>
</kw>
<kw name="Set Global Variable" owner="BuiltIn">
<msg time="2024-12-25T12:45:11.072677" level="INFO">${price_text} = 4,256</msg>
<arg>${price_text}</arg>
<arg>${fare_text}</arg>
<doc>Makes a variable available globally in all tests and suites.</doc>
<status status="PASS" start="2024-12-25T12:45:11.071776" elapsed="0.000953"/>
</kw>
<kw name="Replace String" owner="String">
<msg time="2024-12-25T12:45:11.073406" level="INFO">${replace} = 4256</msg>
<var>${replace}</var>
<arg>${fare_text}</arg>
<arg>,</arg>
<arg>${EMPTY}</arg>
<doc>Replaces ``search_for`` in the given ``string`` with ``replace_with``.</doc>
<status status="PASS" start="2024-12-25T12:45:11.072851" elapsed="0.000586"/>
</kw>
<kw name="Convert To Integer" owner="BuiltIn">
<msg time="2024-12-25T12:45:11.073748" level="INFO">${fare_number} = 4256</msg>
<var>${fare_number}</var>
<arg>${replace}</arg>
<doc>Converts the given item to an integer number.</doc>
<status status="PASS" start="2024-12-25T12:45:11.073563" elapsed="0.000213"/>
</kw>
<kw name="Append To List" owner="Collections">
<arg>${fare_values}</arg>
<arg>${fare_number}</arg>
<doc>Adds ``values`` to the end of ``list``.</doc>
<status status="PASS" start="2024-12-25T12:45:11.073894" elapsed="0.000159"/>
</kw>
<var name="${element}">&lt;selenium.webdriver.remote.webelement.WebElement (session="889ba404d3de3da2fcbea89ee04a0925", element="f.D5FD44D06D420DBAA34DFB8625AACCF1.d.89901A21463F3E8602AA20AD79ED170E.e.828")&gt;</var>
<status status="PASS" start="2024-12-25T12:45:11.051813" elapsed="0.022293"/>
</iter>
<iter>
<kw name="Get Text" owner="SeleniumLibrary">
<msg time="2024-12-25T12:45:11.083343" level="INFO">${fare_text} = 4,499</msg>
<var>${fare_text}</var>
<arg>${element}</arg>
<doc>Returns the text value of the element identified by ``locator``.</doc>
<status status="PASS" start="2024-12-25T12:45:11.074373" elapsed="0.009010"/>
</kw>
<kw name="Set Global Variable" owner="BuiltIn">
<msg time="2024-12-25T12:45:11.083757" level="INFO">${price_text} = 4,499</msg>
<arg>${price_text}</arg>
<arg>${fare_text}</arg>
<doc>Makes a variable available globally in all tests and suites.</doc>
<status status="PASS" start="2024-12-25T12:45:11.083545" elapsed="0.000257"/>
</kw>
<kw name="Replace String" owner="String">
<msg time="2024-12-25T12:45:11.084435" level="INFO">${replace} = 4499</msg>
<var>${replace}</var>
<arg>${fare_text}</arg>
<arg>,</arg>
<arg>${EMPTY}</arg>
<doc>Replaces ``search_for`` in the given ``string`` with ``replace_with``.</doc>
<status status="PASS" start="2024-12-25T12:45:11.083916" elapsed="0.000546"/>
</kw>
<kw name="Convert To Integer" owner="BuiltIn">
<msg time="2024-12-25T12:45:11.084748" level="INFO">${fare_number} = 4499</msg>
<var>${fare_number}</var>
<arg>${replace}</arg>
<doc>Converts the given item to an integer number.</doc>
<status status="PASS" start="2024-12-25T12:45:11.084578" elapsed="0.000196"/>
</kw>
<kw name="Append To List" owner="Collections">
<arg>${fare_values}</arg>
<arg>${fare_number}</arg>
<doc>Adds ``values`` to the end of ``list``.</doc>
<status status="PASS" start="2024-12-25T12:45:11.084874" elapsed="0.000139"/>
</kw>
<var name="${element}">&lt;selenium.webdriver.remote.webelement.WebElement (session="889ba404d3de3da2fcbea89ee04a0925", element="f.D5FD44D06D420DBAA34DFB8625AACCF1.d.89901A21463F3E8602AA20AD79ED170E.e.829")&gt;</var>
<status status="PASS" start="2024-12-25T12:45:11.074259" elapsed="0.010803"/>
</iter>
<iter>
<kw name="Get Text" owner="SeleniumLibrary">
<msg time="2024-12-25T12:45:11.095609" level="INFO">${fare_text} = 4,600</msg>
<var>${fare_text}</var>
<arg>${element}</arg>
<doc>Returns the text value of the element identified by ``locator``.</doc>
<status status="PASS" start="2024-12-25T12:45:11.085297" elapsed="0.010355"/>
</kw>
<kw name="Set Global Variable" owner="BuiltIn">
<msg time="2024-12-25T12:45:11.096036" level="INFO">${price_text} = 4,600</msg>
<arg>${price_text}</arg>
<arg>${fare_text}</arg>
<doc>Makes a variable available globally in all tests and suites.</doc>
<status status="PASS" start="2024-12-25T12:45:11.095826" elapsed="0.000253"/>
</kw>
<kw name="Replace String" owner="String">
<msg time="2024-12-25T12:45:11.096709" level="INFO">${replace} = 4600</msg>
<var>${replace}</var>
<arg>${fare_text}</arg>
<arg>,</arg>
<arg>${EMPTY}</arg>
<doc>Replaces ``search_for`` in the given ``string`` with ``replace_with``.</doc>
<status status="PASS" start="2024-12-25T12:45:11.096186" elapsed="0.000551"/>
</kw>
<kw name="Convert To Integer" owner="BuiltIn">
<msg time="2024-12-25T12:45:11.097020" level="INFO">${fare_number} = 4600</msg>
<var>${fare_number}</var>
<arg>${replace}</arg>
<doc>Converts the given item to an integer number.</doc>
<status status="PASS" start="2024-12-25T12:45:11.096852" elapsed="0.000194"/>
</kw>
<kw name="Append To List" owner="Collections">
<arg>${fare_values}</arg>
<arg>${fare_number}</arg>
<doc>Adds ``values`` to the end of ``list``.</doc>
<status status="PASS" start="2024-12-25T12:45:11.097147" elapsed="0.000161"/>
</kw>
<var name="${element}">&lt;selenium.webdriver.remote.webelement.WebElement (session="889ba404d3de3da2fcbea89ee04a0925", element="f.D5FD44D06D420DBAA34DFB8625AACCF1.d.89901A21463F3E8602AA20AD79ED170E.e.830")&gt;</var>
<status status="PASS" start="2024-12-25T12:45:11.085194" elapsed="0.012169"/>
</iter>
<iter>
<kw name="Get Text" owner="SeleniumLibrary">
<msg time="2024-12-25T12:45:11.107441" level="INFO">${fare_text} = 4,600</msg>
<var>${fare_text}</var>
<arg>${element}</arg>
<doc>Returns the text value of the element identified by ``locator``.</doc>
<status status="PASS" start="2024-12-25T12:45:11.097630" elapsed="0.009852"/>
</kw>
<kw name="Set Global Variable" owner="BuiltIn">
<msg time="2024-12-25T12:45:11.107846" level="INFO">${price_text} = 4,600</msg>
<arg>${price_text}</arg>
<arg>${fare_text}</arg>
<doc>Makes a variable available globally in all tests and suites.</doc>
<status status="PASS" start="2024-12-25T12:45:11.107643" elapsed="0.000247"/>
</kw>
<kw name="Replace String" owner="String">
<msg time="2024-12-25T12:45:11.108514" level="INFO">${replace} = 4600</msg>
<var>${replace}</var>
<arg>${fare_text}</arg>
<arg>,</arg>
<arg>${EMPTY}</arg>
<doc>Replaces ``search_for`` in the given ``string`` with ``replace_with``.</doc>
<status status="PASS" start="2024-12-25T12:45:11.107998" elapsed="0.000544"/>
</kw>
<kw name="Convert To Integer" owner="BuiltIn">
<msg time="2024-12-25T12:45:11.108823" level="INFO">${fare_number} = 4600</msg>
<var>${fare_number}</var>
<arg>${replace}</arg>
<doc>Converts the given item to an integer number.</doc>
<status status="PASS" start="2024-12-25T12:45:11.108656" elapsed="0.000192"/>
</kw>
<kw name="Append To List" owner="Collections">
<arg>${fare_values}</arg>
<arg>${fare_number}</arg>
<doc>Adds ``values`` to the end of ``list``.</doc>
<status status="PASS" start="2024-12-25T12:45:11.108947" elapsed="0.000138"/>
</kw>
<var name="${element}">&lt;selenium.webdriver.remote.webelement.WebElement (session="889ba404d3de3da2fcbea89ee04a0925", element="f.D5FD44D06D420DBAA34DFB8625AACCF1.d.89901A21463F3E8602AA20AD79ED170E.e.831")&gt;</var>
<status status="PASS" start="2024-12-25T12:45:11.097510" elapsed="0.011630"/>
</iter>
<iter>
<kw name="Get Text" owner="SeleniumLibrary">
<msg time="2024-12-25T12:45:11.119369" level="INFO">${fare_text} = 4,600</msg>
<var>${fare_text}</var>
<arg>${element}</arg>
<doc>Returns the text value of the element identified by ``locator``.</doc>
<status status="PASS" start="2024-12-25T12:45:11.109502" elapsed="0.009907"/>
</kw>
<kw name="Set Global Variable" owner="BuiltIn">
<msg time="2024-12-25T12:45:11.119772" level="INFO">${price_text} = 4,600</msg>
<arg>${price_text}</arg>
<arg>${fare_text}</arg>
<doc>Makes a variable available globally in all tests and suites.</doc>
<status status="PASS" start="2024-12-25T12:45:11.119567" elapsed="0.000248"/>
</kw>
<kw name="Replace String" owner="String">
<msg time="2024-12-25T12:45:11.120439" level="INFO">${replace} = 4600</msg>
<var>${replace}</var>
<arg>${fare_text}</arg>
<arg>,</arg>
<arg>${EMPTY}</arg>
<doc>Replaces ``search_for`` in the given ``string`` with ``replace_with``.</doc>
<status status="PASS" start="2024-12-25T12:45:11.119922" elapsed="0.000544"/>
</kw>
<kw name="Convert To Integer" owner="BuiltIn">
<msg time="2024-12-25T12:45:11.120748" level="INFO">${fare_number} = 4600</msg>
<var>${fare_number}</var>
<arg>${replace}</arg>
<doc>Converts the given item to an integer number.</doc>
<status status="PASS" start="2024-12-25T12:45:11.120581" elapsed="0.000193"/>
</kw>
<kw name="Append To List" owner="Collections">
<arg>${fare_values}</arg>
<arg>${fare_number}</arg>
<doc>Adds ``values`` to the end of ``list``.</doc>
<status status="PASS" start="2024-12-25T12:45:11.120876" elapsed="0.000138"/>
</kw>
<var name="${element}">&lt;selenium.webdriver.remote.webelement.WebElement (session="889ba404d3de3da2fcbea89ee04a0925", element="f.D5FD44D06D420DBAA34DFB8625AACCF1.d.89901A21463F3E8602AA20AD79ED170E.e.832")&gt;</var>
<status status="PASS" start="2024-12-25T12:45:11.109401" elapsed="0.011662"/>
</iter>
<iter>
<kw name="Get Text" owner="SeleniumLibrary">
<msg time="2024-12-25T12:45:11.131881" level="INFO">${fare_text} = 4,600</msg>
<var>${fare_text}</var>
<arg>${element}</arg>
<doc>Returns the text value of the element identified by ``locator``.</doc>
<status status="PASS" start="2024-12-25T12:45:11.121276" elapsed="0.010648"/>
</kw>
<kw name="Set Global Variable" owner="BuiltIn">
<msg time="2024-12-25T12:45:11.132307" level="INFO">${price_text} = 4,600</msg>
<arg>${price_text}</arg>
<arg>${fare_text}</arg>
<doc>Makes a variable available globally in all tests and suites.</doc>
<status status="PASS" start="2024-12-25T12:45:11.132097" elapsed="0.000281"/>
</kw>
<kw name="Replace String" owner="String">
<msg time="2024-12-25T12:45:11.133063" level="INFO">${replace} = 4600</msg>
<var>${replace}</var>
<arg>${fare_text}</arg>
<arg>,</arg>
<arg>${EMPTY}</arg>
<doc>Replaces ``search_for`` in the given ``string`` with ``replace_with``.</doc>
<status status="PASS" start="2024-12-25T12:45:11.132486" elapsed="0.000605"/>
</kw>
<kw name="Convert To Integer" owner="BuiltIn">
<msg time="2024-12-25T12:45:11.133374" level="INFO">${fare_number} = 4600</msg>
<var>${fare_number}</var>
<arg>${replace}</arg>
<doc>Converts the given item to an integer number.</doc>
<status status="PASS" start="2024-12-25T12:45:11.133207" elapsed="0.000191"/>
</kw>
<kw name="Append To List" owner="Collections">
<arg>${fare_values}</arg>
<arg>${fare_number}</arg>
<doc>Adds ``values`` to the end of ``list``.</doc>
<status status="PASS" start="2024-12-25T12:45:11.133495" elapsed="0.000151"/>
</kw>
<var name="${element}">&lt;selenium.webdriver.remote.webelement.WebElement (session="889ba404d3de3da2fcbea89ee04a0925", element="f.D5FD44D06D420DBAA34DFB8625AACCF1.d.89901A21463F3E8602AA20AD79ED170E.e.833")&gt;</var>
<status status="PASS" start="2024-12-25T12:45:11.121188" elapsed="0.012507"/>
</iter>
<iter>
<kw name="Get Text" owner="SeleniumLibrary">
<msg time="2024-12-25T12:45:11.144916" level="INFO">${fare_text} = 4,600</msg>
<var>${fare_text}</var>
<arg>${element}</arg>
<doc>Returns the text value of the element identified by ``locator``.</doc>
<status status="PASS" start="2024-12-25T12:45:11.133906" elapsed="0.011053"/>
</kw>
<kw name="Set Global Variable" owner="BuiltIn">
<msg time="2024-12-25T12:45:11.145337" level="INFO">${price_text} = 4,600</msg>
<arg>${price_text}</arg>
<arg>${fare_text}</arg>
<doc>Makes a variable available globally in all tests and suites.</doc>
<status status="PASS" start="2024-12-25T12:45:11.145128" elapsed="0.000256"/>
</kw>
<kw name="Replace String" owner="String">
<msg time="2024-12-25T12:45:11.146020" level="INFO">${replace} = 4600</msg>
<var>${replace}</var>
<arg>${fare_text}</arg>
<arg>,</arg>
<arg>${EMPTY}</arg>
<doc>Replaces ``search_for`` in the given ``string`` with ``replace_with``.</doc>
<status status="PASS" start="2024-12-25T12:45:11.145490" elapsed="0.000559"/>
</kw>
<kw name="Convert To Integer" owner="BuiltIn">
<msg time="2024-12-25T12:45:11.146347" level="INFO">${fare_number} = 4600</msg>
<var>${fare_number}</var>
<arg>${replace}</arg>
<doc>Converts the given item to an integer number.</doc>
<status status="PASS" start="2024-12-25T12:45:11.146171" elapsed="0.000203"/>
</kw>
<kw name="Append To List" owner="Collections">
<arg>${fare_values}</arg>
<arg>${fare_number}</arg>
<doc>Adds ``values`` to the end of ``list``.</doc>
<status status="PASS" start="2024-12-25T12:45:11.146483" elapsed="0.000212"/>
</kw>
<var name="${element}">&lt;selenium.webdriver.remote.webelement.WebElement (session="889ba404d3de3da2fcbea89ee04a0925", element="f.D5FD44D06D420DBAA34DFB8625AACCF1.d.89901A21463F3E8602AA20AD79ED170E.e.834")&gt;</var>
<status status="PASS" start="2024-12-25T12:45:11.133821" elapsed="0.012952"/>
</iter>
<iter>
<kw name="Get Text" owner="SeleniumLibrary">
<msg time="2024-12-25T12:45:11.156462" level="INFO">${fare_text} = 4,600</msg>
<var>${fare_text}</var>
<arg>${element}</arg>
<doc>Returns the text value of the element identified by ``locator``.</doc>
<status status="PASS" start="2024-12-25T12:45:11.147107" elapsed="0.009395"/>
</kw>
<kw name="Set Global Variable" owner="BuiltIn">
<msg time="2024-12-25T12:45:11.156859" level="INFO">${price_text} = 4,600</msg>
<arg>${price_text}</arg>
<arg>${fare_text}</arg>
<doc>Makes a variable available globally in all tests and suites.</doc>
<status status="PASS" start="2024-12-25T12:45:11.156658" elapsed="0.000243"/>
</kw>
<kw name="Replace String" owner="String">
<msg time="2024-12-25T12:45:11.157522" level="INFO">${replace} = 4600</msg>
<var>${replace}</var>
<arg>${fare_text}</arg>
<arg>,</arg>
<arg>${EMPTY}</arg>
<doc>Replaces ``search_for`` in the given ``string`` with ``replace_with``.</doc>
<status status="PASS" start="2024-12-25T12:45:11.157012" elapsed="0.000537"/>
</kw>
<kw name="Convert To Integer" owner="BuiltIn">
<msg time="2024-12-25T12:45:11.157827" level="INFO">${fare_number} = 4600</msg>
<var>${fare_number}</var>
<arg>${replace}</arg>
<doc>Converts the given item to an integer number.</doc>
<status status="PASS" start="2024-12-25T12:45:11.157663" elapsed="0.000191"/>
</kw>
<kw name="Append To List" owner="Collections">
<arg>${fare_values}</arg>
<arg>${fare_number}</arg>
<doc>Adds ``values`` to the end of ``list``.</doc>
<status status="PASS" start="2024-12-25T12:45:11.157951" elapsed="0.000150"/>
</kw>
<var name="${element}">&lt;selenium.webdriver.remote.webelement.WebElement (session="889ba404d3de3da2fcbea89ee04a0925", element="f.D5FD44D06D420DBAA34DFB8625AACCF1.d.89901A21463F3E8602AA20AD79ED170E.e.835")&gt;</var>
<status status="PASS" start="2024-12-25T12:45:11.146969" elapsed="0.011180"/>
</iter>
<iter>
<kw name="Get Text" owner="SeleniumLibrary">
<msg time="2024-12-25T12:45:11.169317" level="INFO">${fare_text} = 4,600</msg>
<var>${fare_text}</var>
<arg>${element}</arg>
<doc>Returns the text value of the element identified by ``locator``.</doc>
<status status="PASS" start="2024-12-25T12:45:11.158359" elapsed="0.011000"/>
</kw>
<kw name="Set Global Variable" owner="BuiltIn">
<msg time="2024-12-25T12:45:11.169803" level="INFO">${price_text} = 4,600</msg>
<arg>${price_text}</arg>
<arg>${fare_text}</arg>
<doc>Makes a variable available globally in all tests and suites.</doc>
<status status="PASS" start="2024-12-25T12:45:11.169527" elapsed="0.000321"/>
</kw>
<kw name="Replace String" owner="String">
<msg time="2024-12-25T12:45:11.170475" level="INFO">${replace} = 4600</msg>
<var>${replace}</var>
<arg>${fare_text}</arg>
<arg>,</arg>
<arg>${EMPTY}</arg>
<doc>Replaces ``search_for`` in the given ``string`` with ``replace_with``.</doc>
<status status="PASS" start="2024-12-25T12:45:11.169962" elapsed="0.000541"/>
</kw>
<kw name="Convert To Integer" owner="BuiltIn">
<msg time="2024-12-25T12:45:11.170779" level="INFO">${fare_number} = 4600</msg>
<var>${fare_number}</var>
<arg>${replace}</arg>
<doc>Converts the given item to an integer number.</doc>
<status status="PASS" start="2024-12-25T12:45:11.170615" elapsed="0.000189"/>
</kw>
<kw name="Append To List" owner="Collections">
<arg>${fare_values}</arg>
<arg>${fare_number}</arg>
<doc>Adds ``values`` to the end of ``list``.</doc>
<status status="PASS" start="2024-12-25T12:45:11.170902" elapsed="0.000143"/>
</kw>
<var name="${element}">&lt;selenium.webdriver.remote.webelement.WebElement (session="889ba404d3de3da2fcbea89ee04a0925", element="f.D5FD44D06D420DBAA34DFB8625AACCF1.d.89901A21463F3E8602AA20AD79ED170E.e.836")&gt;</var>
<status status="PASS" start="2024-12-25T12:45:11.158274" elapsed="0.012819"/>
</iter>
<iter>
<kw name="Get Text" owner="SeleniumLibrary">
<msg time="2024-12-25T12:45:11.183181" level="INFO">${fare_text} = 4,600</msg>
<var>${fare_text}</var>
<arg>${element}</arg>
<doc>Returns the text value of the element identified by ``locator``.</doc>
<status status="PASS" start="2024-12-25T12:45:11.171308" elapsed="0.011914"/>
</kw>
<kw name="Set Global Variable" owner="BuiltIn">
<msg time="2024-12-25T12:45:11.183578" level="INFO">${price_text} = 4,600</msg>
<arg>${price_text}</arg>
<arg>${fare_text}</arg>
<doc>Makes a variable available globally in all tests and suites.</doc>
<status status="PASS" start="2024-12-25T12:45:11.183378" elapsed="0.000244"/>
</kw>
<kw name="Replace String" owner="String">
<msg time="2024-12-25T12:45:11.184242" level="INFO">${replace} = 4600</msg>
<var>${replace}</var>
<arg>${fare_text}</arg>
<arg>,</arg>
<arg>${EMPTY}</arg>
<doc>Replaces ``search_for`` in the given ``string`` with ``replace_with``.</doc>
<status status="PASS" start="2024-12-25T12:45:11.183728" elapsed="0.000543"/>
</kw>
<kw name="Convert To Integer" owner="BuiltIn">
<msg time="2024-12-25T12:45:11.184547" level="INFO">${fare_number} = 4600</msg>
<var>${fare_number}</var>
<arg>${replace}</arg>
<doc>Converts the given item to an integer number.</doc>
<status status="PASS" start="2024-12-25T12:45:11.184383" elapsed="0.000189"/>
</kw>
<kw name="Append To List" owner="Collections">
<arg>${fare_values}</arg>
<arg>${fare_number}</arg>
<doc>Adds ``values`` to the end of ``list``.</doc>
<status status="PASS" start="2024-12-25T12:45:11.184669" elapsed="0.000137"/>
</kw>
<var name="${element}">&lt;selenium.webdriver.remote.webelement.WebElement (session="889ba404d3de3da2fcbea89ee04a0925", element="f.D5FD44D06D420DBAA34DFB8625AACCF1.d.89901A21463F3E8602AA20AD79ED170E.e.837")&gt;</var>
<status status="PASS" start="2024-12-25T12:45:11.171222" elapsed="0.013632"/>
</iter>
<iter>
<kw name="Get Text" owner="SeleniumLibrary">
<msg time="2024-12-25T12:45:11.194885" level="INFO">${fare_text} = 4,686</msg>
<var>${fare_text}</var>
<arg>${element}</arg>
<doc>Returns the text value of the element identified by ``locator``.</doc>
<status status="PASS" start="2024-12-25T12:45:11.185067" elapsed="0.009859"/>
</kw>
<kw name="Set Global Variable" owner="BuiltIn">
<msg time="2024-12-25T12:45:11.195298" level="INFO">${price_text} = 4,686</msg>
<arg>${price_text}</arg>
<arg>${fare_text}</arg>
<doc>Makes a variable available globally in all tests and suites.</doc>
<status status="PASS" start="2024-12-25T12:45:11.195092" elapsed="0.000248"/>
</kw>
<kw name="Replace String" owner="String">
<msg time="2024-12-25T12:45:11.195964" level="INFO">${replace} = 4686</msg>
<var>${replace}</var>
<arg>${fare_text}</arg>
<arg>,</arg>
<arg>${EMPTY}</arg>
<doc>Replaces ``search_for`` in the given ``string`` with ``replace_with``.</doc>
<status status="PASS" start="2024-12-25T12:45:11.195450" elapsed="0.000541"/>
</kw>
<kw name="Convert To Integer" owner="BuiltIn">
<msg time="2024-12-25T12:45:11.196266" level="INFO">${fare_number} = 4686</msg>
<var>${fare_number}</var>
<arg>${replace}</arg>
<doc>Converts the given item to an integer number.</doc>
<status status="PASS" start="2024-12-25T12:45:11.196102" elapsed="0.000189"/>
</kw>
<kw name="Append To List" owner="Collections">
<arg>${fare_values}</arg>
<arg>${fare_number}</arg>
<doc>Adds ``values`` to the end of ``list``.</doc>
<status status="PASS" start="2024-12-25T12:45:11.196389" elapsed="0.000135"/>
</kw>
<var name="${element}">&lt;selenium.webdriver.remote.webelement.WebElement (session="889ba404d3de3da2fcbea89ee04a0925", element="f.D5FD44D06D420DBAA34DFB8625AACCF1.d.89901A21463F3E8602AA20AD79ED170E.e.838")&gt;</var>
<status status="PASS" start="2024-12-25T12:45:11.184982" elapsed="0.011589"/>
</iter>
<iter>
<kw name="Get Text" owner="SeleniumLibrary">
<msg time="2024-12-25T12:45:11.206189" level="INFO">${fare_text} = 4,686</msg>
<var>${fare_text}</var>
<arg>${element}</arg>
<doc>Returns the text value of the element identified by ``locator``.</doc>
<status status="PASS" start="2024-12-25T12:45:11.196781" elapsed="0.009450"/>
</kw>
<kw name="Set Global Variable" owner="BuiltIn">
<msg time="2024-12-25T12:45:11.206600" level="INFO">${price_text} = 4,686</msg>
<arg>${price_text}</arg>
<arg>${fare_text}</arg>
<doc>Makes a variable available globally in all tests and suites.</doc>
<status status="PASS" start="2024-12-25T12:45:11.206388" elapsed="0.000254"/>
</kw>
<kw name="Replace String" owner="String">
<msg time="2024-12-25T12:45:11.207259" level="INFO">${replace} = 4686</msg>
<var>${replace}</var>
<arg>${fare_text}</arg>
<arg>,</arg>
<arg>${EMPTY}</arg>
<doc>Replaces ``search_for`` in the given ``string`` with ``replace_with``.</doc>
<status status="PASS" start="2024-12-25T12:45:11.206749" elapsed="0.000538"/>
</kw>
<kw name="Convert To Integer" owner="BuiltIn">
<msg time="2024-12-25T12:45:11.207563" level="INFO">${fare_number} = 4686</msg>
<var>${fare_number}</var>
<arg>${replace}</arg>
<doc>Converts the given item to an integer number.</doc>
<status status="PASS" start="2024-12-25T12:45:11.207400" elapsed="0.000188"/>
</kw>
<kw name="Append To List" owner="Collections">
<arg>${fare_values}</arg>
<arg>${fare_number}</arg>
<doc>Adds ``values`` to the end of ``list``.</doc>
<status status="PASS" start="2024-12-25T12:45:11.207686" elapsed="0.000139"/>
</kw>
<var name="${element}">&lt;selenium.webdriver.remote.webelement.WebElement (session="889ba404d3de3da2fcbea89ee04a0925", element="f.D5FD44D06D420DBAA34DFB8625AACCF1.d.89901A21463F3E8602AA20AD79ED170E.e.839")&gt;</var>
<status status="PASS" start="2024-12-25T12:45:11.196697" elapsed="0.011176"/>
</iter>
<iter>
<kw name="Get Text" owner="SeleniumLibrary">
<msg time="2024-12-25T12:45:11.218171" level="INFO">${fare_text} = 4,800</msg>
<var>${fare_text}</var>
<arg>${element}</arg>
<doc>Returns the text value of the element identified by ``locator``.</doc>
<status status="PASS" start="2024-12-25T12:45:11.208088" elapsed="0.010124"/>
</kw>
<kw name="Set Global Variable" owner="BuiltIn">
<msg time="2024-12-25T12:45:11.218575" level="INFO">${price_text} = 4,800</msg>
<arg>${price_text}</arg>
<arg>${fare_text}</arg>
<doc>Makes a variable available globally in all tests and suites.</doc>
<status status="PASS" start="2024-12-25T12:45:11.218369" elapsed="0.000250"/>
</kw>
<kw name="Replace String" owner="String">
<msg time="2024-12-25T12:45:11.219228" level="INFO">${replace} = 4800</msg>
<var>${replace}</var>
<arg>${fare_text}</arg>
<arg>,</arg>
<arg>${EMPTY}</arg>
<doc>Replaces ``search_for`` in the given ``string`` with ``replace_with``.</doc>
<status status="PASS" start="2024-12-25T12:45:11.218724" elapsed="0.000532"/>
</kw>
<kw name="Convert To Integer" owner="BuiltIn">
<msg time="2024-12-25T12:45:11.219648" level="INFO">${fare_number} = 4800</msg>
<var>${fare_number}</var>
<arg>${replace}</arg>
<doc>Converts the given item to an integer number.</doc>
<status status="PASS" start="2024-12-25T12:45:11.219468" elapsed="0.000206"/>
</kw>
<kw name="Append To List" owner="Collections">
<arg>${fare_values}</arg>
<arg>${fare_number}</arg>
<doc>Adds ``values`` to the end of ``list``.</doc>
<status status="PASS" start="2024-12-25T12:45:11.219772" elapsed="0.000135"/>
</kw>
<var name="${element}">&lt;selenium.webdriver.remote.webelement.WebElement (session="889ba404d3de3da2fcbea89ee04a0925", element="f.D5FD44D06D420DBAA34DFB8625AACCF1.d.89901A21463F3E8602AA20AD79ED170E.e.840")&gt;</var>
<status status="PASS" start="2024-12-25T12:45:11.207998" elapsed="0.011956"/>
</iter>
<iter>
<kw name="Get Text" owner="SeleniumLibrary">
<msg time="2024-12-25T12:45:11.230864" level="INFO">${fare_text} = 4,908</msg>
<var>${fare_text}</var>
<arg>${element}</arg>
<doc>Returns the text value of the element identified by ``locator``.</doc>
<status status="PASS" start="2024-12-25T12:45:11.220163" elapsed="0.010750"/>
</kw>
<kw name="Set Global Variable" owner="BuiltIn">
<msg time="2024-12-25T12:45:11.231384" level="INFO">${price_text} = 4,908</msg>
<arg>${price_text}</arg>
<arg>${fare_text}</arg>
<doc>Makes a variable available globally in all tests and suites.</doc>
<status status="PASS" start="2024-12-25T12:45:11.231159" elapsed="0.000269"/>
</kw>
<kw name="Replace String" owner="String">
<msg time="2024-12-25T12:45:11.232083" level="INFO">${replace} = 4908</msg>
<var>${replace}</var>
<arg>${fare_text}</arg>
<arg>,</arg>
<arg>${EMPTY}</arg>
<doc>Replaces ``search_for`` in the given ``string`` with ``replace_with``.</doc>
<status status="PASS" start="2024-12-25T12:45:11.231544" elapsed="0.000568"/>
</kw>
<kw name="Convert To Integer" owner="BuiltIn">
<msg time="2024-12-25T12:45:11.232397" level="INFO">${fare_number} = 4908</msg>
<var>${fare_number}</var>
<arg>${replace}</arg>
<doc>Converts the given item to an integer number.</doc>
<status status="PASS" start="2024-12-25T12:45:11.232228" elapsed="0.000194"/>
</kw>
<kw name="Append To List" owner="Collections">
<arg>${fare_values}</arg>
<arg>${fare_number}</arg>
<doc>Adds ``values`` to the end of ``list``.</doc>
<status status="PASS" start="2024-12-25T12:45:11.232519" elapsed="0.000142"/>
</kw>
<var name="${element}">&lt;selenium.webdriver.remote.webelement.WebElement (session="889ba404d3de3da2fcbea89ee04a0925", element="f.D5FD44D06D420DBAA34DFB8625AACCF1.d.89901A21463F3E8602AA20AD79ED170E.e.841")&gt;</var>
<status status="PASS" start="2024-12-25T12:45:11.220078" elapsed="0.012656"/>
</iter>
<iter>
<kw name="Get Text" owner="SeleniumLibrary">
<msg time="2024-12-25T12:45:11.243430" level="INFO">${fare_text} = 4,992</msg>
<var>${fare_text}</var>
<arg>${element}</arg>
<doc>Returns the text value of the element identified by ``locator``.</doc>
<status status="PASS" start="2024-12-25T12:45:11.232950" elapsed="0.010523"/>
</kw>
<kw name="Set Global Variable" owner="BuiltIn">
<msg time="2024-12-25T12:45:11.243848" level="INFO">${price_text} = 4,992</msg>
<arg>${price_text}</arg>
<arg>${fare_text}</arg>
<doc>Makes a variable available globally in all tests and suites.</doc>
<status status="PASS" start="2024-12-25T12:45:11.243641" elapsed="0.000248"/>
</kw>
<kw name="Replace String" owner="String">
<msg time="2024-12-25T12:45:11.244512" level="INFO">${replace} = 4992</msg>
<var>${replace}</var>
<arg>${fare_text}</arg>
<arg>,</arg>
<arg>${EMPTY}</arg>
<doc>Replaces ``search_for`` in the given ``string`` with ``replace_with``.</doc>
<status status="PASS" start="2024-12-25T12:45:11.243998" elapsed="0.000545"/>
</kw>
<kw name="Convert To Integer" owner="BuiltIn">
<msg time="2024-12-25T12:45:11.244815" level="INFO">${fare_number} = 4992</msg>
<var>${fare_number}</var>
<arg>${replace}</arg>
<doc>Converts the given item to an integer number.</doc>
<status status="PASS" start="2024-12-25T12:45:11.244653" elapsed="0.000187"/>
</kw>
<kw name="Append To List" owner="Collections">
<arg>${fare_values}</arg>
<arg>${fare_number}</arg>
<doc>Adds ``values`` to the end of ``list``.</doc>
<status status="PASS" start="2024-12-25T12:45:11.244941" elapsed="0.000140"/>
</kw>
<var name="${element}">&lt;selenium.webdriver.remote.webelement.WebElement (session="889ba404d3de3da2fcbea89ee04a0925", element="f.D5FD44D06D420DBAA34DFB8625AACCF1.d.89901A21463F3E8602AA20AD79ED170E.e.842")&gt;</var>
<status status="PASS" start="2024-12-25T12:45:11.232864" elapsed="0.012265"/>
</iter>
<iter>
<kw name="Get Text" owner="SeleniumLibrary">
<msg time="2024-12-25T12:45:11.255718" level="INFO">${fare_text} = 4,992</msg>
<var>${fare_text}</var>
<arg>${element}</arg>
<doc>Returns the text value of the element identified by ``locator``.</doc>
<status status="PASS" start="2024-12-25T12:45:11.245342" elapsed="0.010417"/>
</kw>
<kw name="Set Global Variable" owner="BuiltIn">
<msg time="2024-12-25T12:45:11.256114" level="INFO">${price_text} = 4,992</msg>
<arg>${price_text}</arg>
<arg>${fare_text}</arg>
<doc>Makes a variable available globally in all tests and suites.</doc>
<status status="PASS" start="2024-12-25T12:45:11.255915" elapsed="0.000241"/>
</kw>
<kw name="Replace String" owner="String">
<msg time="2024-12-25T12:45:11.256760" level="INFO">${replace} = 4992</msg>
<var>${replace}</var>
<arg>${fare_text}</arg>
<arg>,</arg>
<arg>${EMPTY}</arg>
<doc>Replaces ``search_for`` in the given ``string`` with ``replace_with``.</doc>
<status status="PASS" start="2024-12-25T12:45:11.256260" elapsed="0.000527"/>
</kw>
<kw name="Convert To Integer" owner="BuiltIn">
<msg time="2024-12-25T12:45:11.257062" level="INFO">${fare_number} = 4992</msg>
<var>${fare_number}</var>
<arg>${replace}</arg>
<doc>Converts the given item to an integer number.</doc>
<status status="PASS" start="2024-12-25T12:45:11.256900" elapsed="0.000187"/>
</kw>
<kw name="Append To List" owner="Collections">
<arg>${fare_values}</arg>
<arg>${fare_number}</arg>
<doc>Adds ``values`` to the end of ``list``.</doc>
<status status="PASS" start="2024-12-25T12:45:11.257186" elapsed="0.000143"/>
</kw>
<var name="${element}">&lt;selenium.webdriver.remote.webelement.WebElement (session="889ba404d3de3da2fcbea89ee04a0925", element="f.D5FD44D06D420DBAA34DFB8625AACCF1.d.89901A21463F3E8602AA20AD79ED170E.e.843")&gt;</var>
<status status="PASS" start="2024-12-25T12:45:11.245256" elapsed="0.012120"/>
</iter>
<iter>
<kw name="Get Text" owner="SeleniumLibrary">
<msg time="2024-12-25T12:45:11.268157" level="INFO">${fare_text} = 5,130</msg>
<var>${fare_text}</var>
<arg>${element}</arg>
<doc>Returns the text value of the element identified by ``locator``.</doc>
<status status="PASS" start="2024-12-25T12:45:11.257583" elapsed="0.010617"/>
</kw>
<kw name="Set Global Variable" owner="BuiltIn">
<msg time="2024-12-25T12:45:11.268616" level="INFO">${price_text} = 5,130</msg>
<arg>${price_text}</arg>
<arg>${fare_text}</arg>
<doc>Makes a variable available globally in all tests and suites.</doc>
<status status="PASS" start="2024-12-25T12:45:11.268355" elapsed="0.000333"/>
</kw>
<kw name="Replace String" owner="String">
<msg time="2024-12-25T12:45:11.269647" level="INFO">${replace} = 5130</msg>
<var>${replace}</var>
<arg>${fare_text}</arg>
<arg>,</arg>
<arg>${EMPTY}</arg>
<doc>Replaces ``search_for`` in the given ``string`` with ``replace_with``.</doc>
<status status="PASS" start="2024-12-25T12:45:11.268850" elapsed="0.000827"/>
</kw>
<kw name="Convert To Integer" owner="BuiltIn">
<msg time="2024-12-25T12:45:11.269973" level="INFO">${fare_number} = 5130</msg>
<var>${fare_number}</var>
<arg>${replace}</arg>
<doc>Converts the given item to an integer number.</doc>
<status status="PASS" start="2024-12-25T12:45:11.269799" elapsed="0.000199"/>
</kw>
<kw name="Append To List" owner="Collections">
<arg>${fare_values}</arg>
<arg>${fare_number}</arg>
<doc>Adds ``values`` to the end of ``list``.</doc>
<status status="PASS" start="2024-12-25T12:45:11.270149" elapsed="0.000154"/>
</kw>
<var name="${element}">&lt;selenium.webdriver.remote.webelement.WebElement (session="889ba404d3de3da2fcbea89ee04a0925", element="f.D5FD44D06D420DBAA34DFB8625AACCF1.d.89901A21463F3E8602AA20AD79ED170E.e.844")&gt;</var>
<status status="PASS" start="2024-12-25T12:45:11.257498" elapsed="0.012855"/>
</iter>
<iter>
<kw name="Get Text" owner="SeleniumLibrary">
<msg time="2024-12-25T12:45:11.280320" level="INFO">${fare_text} = 5,160</msg>
<var>${fare_text}</var>
<arg>${element}</arg>
<doc>Returns the text value of the element identified by ``locator``.</doc>
<status status="PASS" start="2024-12-25T12:45:11.270570" elapsed="0.009789"/>
</kw>
<kw name="Set Global Variable" owner="BuiltIn">
<msg time="2024-12-25T12:45:11.280750" level="INFO">${price_text} = 5,160</msg>
<arg>${price_text}</arg>
<arg>${fare_text}</arg>
<doc>Makes a variable available globally in all tests and suites.</doc>
<status status="PASS" start="2024-12-25T12:45:11.280526" elapsed="0.000273"/>
</kw>
<kw name="Replace String" owner="String">
<msg time="2024-12-25T12:45:11.281457" level="INFO">${replace} = 5160</msg>
<var>${replace}</var>
<arg>${fare_text}</arg>
<arg>,</arg>
<arg>${EMPTY}</arg>
<doc>Replaces ``search_for`` in the given ``string`` with ``replace_with``.</doc>
<status status="PASS" start="2024-12-25T12:45:11.280925" elapsed="0.000560"/>
</kw>
<kw name="Convert To Integer" owner="BuiltIn">
<msg time="2024-12-25T12:45:11.281780" level="INFO">${fare_number} = 5160</msg>
<var>${fare_number}</var>
<arg>${replace}</arg>
<doc>Converts the given item to an integer number.</doc>
<status status="PASS" start="2024-12-25T12:45:11.281605" elapsed="0.000200"/>
</kw>
<kw name="Append To List" owner="Collections">
<arg>${fare_values}</arg>
<arg>${fare_number}</arg>
<doc>Adds ``values`` to the end of ``list``.</doc>
<status status="PASS" start="2024-12-25T12:45:11.281904" elapsed="0.000137"/>
</kw>
<var name="${element}">&lt;selenium.webdriver.remote.webelement.WebElement (session="889ba404d3de3da2fcbea89ee04a0925", element="f.D5FD44D06D420DBAA34DFB8625AACCF1.d.89901A21463F3E8602AA20AD79ED170E.e.845")&gt;</var>
<status status="PASS" start="2024-12-25T12:45:11.270482" elapsed="0.011606"/>
</iter>
<iter>
<kw name="Get Text" owner="SeleniumLibrary">
<msg time="2024-12-25T12:45:11.294730" level="INFO">${fare_text} = 5,160</msg>
<var>${fare_text}</var>
<arg>${element}</arg>
<doc>Returns the text value of the element identified by ``locator``.</doc>
<status status="PASS" start="2024-12-25T12:45:11.282301" elapsed="0.012470"/>
</kw>
<kw name="Set Global Variable" owner="BuiltIn">
<msg time="2024-12-25T12:45:11.295128" level="INFO">${price_text} = 5,160</msg>
<arg>${price_text}</arg>
<arg>${fare_text}</arg>
<doc>Makes a variable available globally in all tests and suites.</doc>
<status status="PASS" start="2024-12-25T12:45:11.294927" elapsed="0.000244"/>
</kw>
<kw name="Replace String" owner="String">
<msg time="2024-12-25T12:45:11.295783" level="INFO">${replace} = 5160</msg>
<var>${replace}</var>
<arg>${fare_text}</arg>
<arg>,</arg>
<arg>${EMPTY}</arg>
<doc>Replaces ``search_for`` in the given ``string`` with ``replace_with``.</doc>
<status status="PASS" start="2024-12-25T12:45:11.295275" elapsed="0.000535"/>
</kw>
<kw name="Convert To Integer" owner="BuiltIn">
<msg time="2024-12-25T12:45:11.296085" level="INFO">${fare_number} = 5160</msg>
<var>${fare_number}</var>
<arg>${replace}</arg>
<doc>Converts the given item to an integer number.</doc>
<status status="PASS" start="2024-12-25T12:45:11.295922" elapsed="0.000189"/>
</kw>
<kw name="Append To List" owner="Collections">
<arg>${fare_values}</arg>
<arg>${fare_number}</arg>
<doc>Adds ``values`` to the end of ``list``.</doc>
<status status="PASS" start="2024-12-25T12:45:11.296208" elapsed="0.000134"/>
</kw>
<var name="${element}">&lt;selenium.webdriver.remote.webelement.WebElement (session="889ba404d3de3da2fcbea89ee04a0925", element="f.D5FD44D06D420DBAA34DFB8625AACCF1.d.89901A21463F3E8602AA20AD79ED170E.e.846")&gt;</var>
<status status="PASS" start="2024-12-25T12:45:11.282214" elapsed="0.014177"/>
</iter>
<iter>
<kw name="Get Text" owner="SeleniumLibrary">
<msg time="2024-12-25T12:45:11.306925" level="INFO">${fare_text} = 5,295</msg>
<var>${fare_text}</var>
<arg>${element}</arg>
<doc>Returns the text value of the element identified by ``locator``.</doc>
<status status="PASS" start="2024-12-25T12:45:11.296607" elapsed="0.010358"/>
</kw>
<kw name="Set Global Variable" owner="BuiltIn">
<msg time="2024-12-25T12:45:11.307318" level="INFO">${price_text} = 5,295</msg>
<arg>${price_text}</arg>
<arg>${fare_text}</arg>
<doc>Makes a variable available globally in all tests and suites.</doc>
<status status="PASS" start="2024-12-25T12:45:11.307120" elapsed="0.000240"/>
</kw>
<kw name="Replace String" owner="String">
<msg time="2024-12-25T12:45:11.307972" level="INFO">${replace} = 5295</msg>
<var>${replace}</var>
<arg>${fare_text}</arg>
<arg>,</arg>
<arg>${EMPTY}</arg>
<doc>Replaces ``search_for`` in the given ``string`` with ``replace_with``.</doc>
<status status="PASS" start="2024-12-25T12:45:11.307468" elapsed="0.000532"/>
</kw>
<kw name="Convert To Integer" owner="BuiltIn">
<msg time="2024-12-25T12:45:11.308567" level="INFO">${fare_number} = 5295</msg>
<var>${fare_number}</var>
<arg>${replace}</arg>
<doc>Converts the given item to an integer number.</doc>
<status status="PASS" start="2024-12-25T12:45:11.308111" elapsed="0.000483"/>
</kw>
<kw name="Append To List" owner="Collections">
<arg>${fare_values}</arg>
<arg>${fare_number}</arg>
<doc>Adds ``values`` to the end of ``list``.</doc>
<status status="PASS" start="2024-12-25T12:45:11.308694" elapsed="0.000139"/>
</kw>
<var name="${element}">&lt;selenium.webdriver.remote.webelement.WebElement (session="889ba404d3de3da2fcbea89ee04a0925", element="f.D5FD44D06D420DBAA34DFB8625AACCF1.d.89901A21463F3E8602AA20AD79ED170E.e.847")&gt;</var>
<status status="PASS" start="2024-12-25T12:45:11.296521" elapsed="0.012359"/>
</iter>
<iter>
<kw name="Get Text" owner="SeleniumLibrary">
<msg time="2024-12-25T12:45:11.319614" level="INFO">${fare_text} = 5,370</msg>
<var>${fare_text}</var>
<arg>${element}</arg>
<doc>Returns the text value of the element identified by ``locator``.</doc>
<status status="PASS" start="2024-12-25T12:45:11.309087" elapsed="0.010566"/>
</kw>
<kw name="Set Global Variable" owner="BuiltIn">
<msg time="2024-12-25T12:45:11.320004" level="INFO">${price_text} = 5,370</msg>
<arg>${price_text}</arg>
<arg>${fare_text}</arg>
<doc>Makes a variable available globally in all tests and suites.</doc>
<status status="PASS" start="2024-12-25T12:45:11.319805" elapsed="0.000241"/>
</kw>
<kw name="Replace String" owner="String">
<msg time="2024-12-25T12:45:11.320666" level="INFO">${replace} = 5370</msg>
<var>${replace}</var>
<arg>${fare_text}</arg>
<arg>,</arg>
<arg>${EMPTY}</arg>
<doc>Replaces ``search_for`` in the given ``string`` with ``replace_with``.</doc>
<status status="PASS" start="2024-12-25T12:45:11.320149" elapsed="0.000544"/>
</kw>
<kw name="Convert To Integer" owner="BuiltIn">
<msg time="2024-12-25T12:45:11.320970" level="INFO">${fare_number} = 5370</msg>
<var>${fare_number}</var>
<arg>${replace}</arg>
<doc>Converts the given item to an integer number.</doc>
<status status="PASS" start="2024-12-25T12:45:11.320806" elapsed="0.000189"/>
</kw>
<kw name="Append To List" owner="Collections">
<arg>${fare_values}</arg>
<arg>${fare_number}</arg>
<doc>Adds ``values`` to the end of ``list``.</doc>
<status status="PASS" start="2024-12-25T12:45:11.321092" elapsed="0.000135"/>
</kw>
<var name="${element}">&lt;selenium.webdriver.remote.webelement.WebElement (session="889ba404d3de3da2fcbea89ee04a0925", element="f.D5FD44D06D420DBAA34DFB8625AACCF1.d.89901A21463F3E8602AA20AD79ED170E.e.848")&gt;</var>
<status status="PASS" start="2024-12-25T12:45:11.309002" elapsed="0.012287"/>
</iter>
<iter>
<kw name="Get Text" owner="SeleniumLibrary">
<msg time="2024-12-25T12:45:11.332083" level="INFO">${fare_text} = 5,370</msg>
<var>${fare_text}</var>
<arg>${element}</arg>
<doc>Returns the text value of the element identified by ``locator``.</doc>
<status status="PASS" start="2024-12-25T12:45:11.321615" elapsed="0.010509"/>
</kw>
<kw name="Set Global Variable" owner="BuiltIn">
<msg time="2024-12-25T12:45:11.332480" level="INFO">${price_text} = 5,370</msg>
<arg>${price_text}</arg>
<arg>${fare_text}</arg>
<doc>Makes a variable available globally in all tests and suites.</doc>
<status status="PASS" start="2024-12-25T12:45:11.332281" elapsed="0.000241"/>
</kw>
<kw name="Replace String" owner="String">
<msg time="2024-12-25T12:45:11.333131" level="INFO">${replace} = 5370</msg>
<var>${replace}</var>
<arg>${fare_text}</arg>
<arg>,</arg>
<arg>${EMPTY}</arg>
<doc>Replaces ``search_for`` in the given ``string`` with ``replace_with``.</doc>
<status status="PASS" start="2024-12-25T12:45:11.332627" elapsed="0.000532"/>
</kw>
<kw name="Convert To Integer" owner="BuiltIn">
<msg time="2024-12-25T12:45:11.333433" level="INFO">${fare_number} = 5370</msg>
<var>${fare_number}</var>
<arg>${replace}</arg>
<doc>Converts the given item to an integer number.</doc>
<status status="PASS" start="2024-12-25T12:45:11.333269" elapsed="0.000188"/>
</kw>
<kw name="Append To List" owner="Collections">
<arg>${fare_values}</arg>
<arg>${fare_number}</arg>
<doc>Adds ``values`` to the end of ``list``.</doc>
<status status="PASS" start="2024-12-25T12:45:11.333555" elapsed="0.000137"/>
</kw>
<var name="${element}">&lt;selenium.webdriver.remote.webelement.WebElement (session="889ba404d3de3da2fcbea89ee04a0925", element="f.D5FD44D06D420DBAA34DFB8625AACCF1.d.89901A21463F3E8602AA20AD79ED170E.e.849")&gt;</var>
<status status="PASS" start="2024-12-25T12:45:11.321519" elapsed="0.012221"/>
</iter>
<iter>
<kw name="Get Text" owner="SeleniumLibrary">
<msg time="2024-12-25T12:45:11.344379" level="INFO">${fare_text} = 5,421</msg>
<var>${fare_text}</var>
<arg>${element}</arg>
<doc>Returns the text value of the element identified by ``locator``.</doc>
<status status="PASS" start="2024-12-25T12:45:11.333952" elapsed="0.010472"/>
</kw>
<kw name="Set Global Variable" owner="BuiltIn">
<msg time="2024-12-25T12:45:11.344794" level="INFO">${price_text} = 5,421</msg>
<arg>${price_text}</arg>
<arg>${fare_text}</arg>
<doc>Makes a variable available globally in all tests and suites.</doc>
<status status="PASS" start="2024-12-25T12:45:11.344590" elapsed="0.000248"/>
</kw>
<kw name="Replace String" owner="String">
<msg time="2024-12-25T12:45:11.345465" level="INFO">${replace} = 5421</msg>
<var>${replace}</var>
<arg>${fare_text}</arg>
<arg>,</arg>
<arg>${EMPTY}</arg>
<doc>Replaces ``search_for`` in the given ``string`` with ``replace_with``.</doc>
<status status="PASS" start="2024-12-25T12:45:11.344945" elapsed="0.000547"/>
</kw>
<kw name="Convert To Integer" owner="BuiltIn">
<msg time="2024-12-25T12:45:11.345769" level="INFO">${fare_number} = 5421</msg>
<var>${fare_number}</var>
<arg>${replace}</arg>
<doc>Converts the given item to an integer number.</doc>
<status status="PASS" start="2024-12-25T12:45:11.345604" elapsed="0.000189"/>
</kw>
<kw name="Append To List" owner="Collections">
<arg>${fare_values}</arg>
<arg>${fare_number}</arg>
<doc>Adds ``values`` to the end of ``list``.</doc>
<status status="PASS" start="2024-12-25T12:45:11.345891" elapsed="0.000165"/>
</kw>
<var name="${element}">&lt;selenium.webdriver.remote.webelement.WebElement (session="889ba404d3de3da2fcbea89ee04a0925", element="f.D5FD44D06D420DBAA34DFB8625AACCF1.d.89901A21463F3E8602AA20AD79ED170E.e.850")&gt;</var>
<status status="PASS" start="2024-12-25T12:45:11.333864" elapsed="0.012242"/>
</iter>
<iter>
<kw name="Get Text" owner="SeleniumLibrary">
<msg time="2024-12-25T12:45:11.357772" level="INFO">${fare_text} = 5,421</msg>
<var>${fare_text}</var>
<arg>${element}</arg>
<doc>Returns the text value of the element identified by ``locator``.</doc>
<status status="PASS" start="2024-12-25T12:45:11.346321" elapsed="0.011492"/>
</kw>
<kw name="Set Global Variable" owner="BuiltIn">
<msg time="2024-12-25T12:45:11.358188" level="INFO">${price_text} = 5,421</msg>
<arg>${price_text}</arg>
<arg>${fare_text}</arg>
<doc>Makes a variable available globally in all tests and suites.</doc>
<status status="PASS" start="2024-12-25T12:45:11.357984" elapsed="0.000246"/>
</kw>
<kw name="Replace String" owner="String">
<msg time="2024-12-25T12:45:11.358852" level="INFO">${replace} = 5421</msg>
<var>${replace}</var>
<arg>${fare_text}</arg>
<arg>,</arg>
<arg>${EMPTY}</arg>
<doc>Replaces ``search_for`` in the given ``string`` with ``replace_with``.</doc>
<status status="PASS" start="2024-12-25T12:45:11.358335" elapsed="0.000545"/>
</kw>
<kw name="Convert To Integer" owner="BuiltIn">
<msg time="2024-12-25T12:45:11.359158" level="INFO">${fare_number} = 5421</msg>
<var>${fare_number}</var>
<arg>${replace}</arg>
<doc>Converts the given item to an integer number.</doc>
<status status="PASS" start="2024-12-25T12:45:11.358994" elapsed="0.000188"/>
</kw>
<kw name="Append To List" owner="Collections">
<arg>${fare_values}</arg>
<arg>${fare_number}</arg>
<doc>Adds ``values`` to the end of ``list``.</doc>
<status status="PASS" start="2024-12-25T12:45:11.359279" elapsed="0.000134"/>
</kw>
<var name="${element}">&lt;selenium.webdriver.remote.webelement.WebElement (session="889ba404d3de3da2fcbea89ee04a0925", element="f.D5FD44D06D420DBAA34DFB8625AACCF1.d.89901A21463F3E8602AA20AD79ED170E.e.851")&gt;</var>
<status status="PASS" start="2024-12-25T12:45:11.346234" elapsed="0.013227"/>
</iter>
<iter>
<kw name="Get Text" owner="SeleniumLibrary">
<msg time="2024-12-25T12:45:11.370557" level="INFO">${fare_text} = 5,421</msg>
<var>${fare_text}</var>
<arg>${element}</arg>
<doc>Returns the text value of the element identified by ``locator``.</doc>
<status status="PASS" start="2024-12-25T12:45:11.359671" elapsed="0.010927"/>
</kw>
<kw name="Set Global Variable" owner="BuiltIn">
<msg time="2024-12-25T12:45:11.370972" level="INFO">${price_text} = 5,421</msg>
<arg>${price_text}</arg>
<arg>${fare_text}</arg>
<doc>Makes a variable available globally in all tests and suites.</doc>
<status status="PASS" start="2024-12-25T12:45:11.370764" elapsed="0.000251"/>
</kw>
<kw name="Replace String" owner="String">
<msg time="2024-12-25T12:45:11.371639" level="INFO">${replace} = 5421</msg>
<var>${replace}</var>
<arg>${fare_text}</arg>
<arg>,</arg>
<arg>${EMPTY}</arg>
<doc>Replaces ``search_for`` in the given ``string`` with ``replace_with``.</doc>
<status status="PASS" start="2024-12-25T12:45:11.371123" elapsed="0.000543"/>
</kw>
<kw name="Convert To Integer" owner="BuiltIn">
<msg time="2024-12-25T12:45:11.371944" level="INFO">${fare_number} = 5421</msg>
<var>${fare_number}</var>
<arg>${replace}</arg>
<doc>Converts the given item to an integer number.</doc>
<status status="PASS" start="2024-12-25T12:45:11.371777" elapsed="0.000194"/>
</kw>
<kw name="Append To List" owner="Collections">
<arg>${fare_values}</arg>
<arg>${fare_number}</arg>
<doc>Adds ``values`` to the end of ``list``.</doc>
<status status="PASS" start="2024-12-25T12:45:11.372073" elapsed="0.000141"/>
</kw>
<var name="${element}">&lt;selenium.webdriver.remote.webelement.WebElement (session="889ba404d3de3da2fcbea89ee04a0925", element="f.D5FD44D06D420DBAA34DFB8625AACCF1.d.89901A21463F3E8602AA20AD79ED170E.e.852")&gt;</var>
<status status="PASS" start="2024-12-25T12:45:11.359585" elapsed="0.012678"/>
</iter>
<iter>
<kw name="Get Text" owner="SeleniumLibrary">
<msg time="2024-12-25T12:45:11.383600" level="INFO">${fare_text} = 5,519</msg>
<var>${fare_text}</var>
<arg>${element}</arg>
<doc>Returns the text value of the element identified by ``locator``.</doc>
<status status="PASS" start="2024-12-25T12:45:11.372477" elapsed="0.011165"/>
</kw>
<kw name="Set Global Variable" owner="BuiltIn">
<msg time="2024-12-25T12:45:11.384016" level="INFO">${price_text} = 5,519</msg>
<arg>${price_text}</arg>
<arg>${fare_text}</arg>
<doc>Makes a variable available globally in all tests and suites.</doc>
<status status="PASS" start="2024-12-25T12:45:11.383809" elapsed="0.000249"/>
</kw>
<kw name="Replace String" owner="String">
<msg time="2024-12-25T12:45:11.384815" level="INFO">${replace} = 5519</msg>
<var>${replace}</var>
<arg>${fare_text}</arg>
<arg>,</arg>
<arg>${EMPTY}</arg>
<doc>Replaces ``search_for`` in the given ``string`` with ``replace_with``.</doc>
<status status="PASS" start="2024-12-25T12:45:11.384270" elapsed="0.000573"/>
</kw>
<kw name="Convert To Integer" owner="BuiltIn">
<msg time="2024-12-25T12:45:11.385124" level="INFO">${fare_number} = 5519</msg>
<var>${fare_number}</var>
<arg>${replace}</arg>
<doc>Converts the given item to an integer number.</doc>
<status status="PASS" start="2024-12-25T12:45:11.384959" elapsed="0.000191"/>
</kw>
<kw name="Append To List" owner="Collections">
<arg>${fare_values}</arg>
<arg>${fare_number}</arg>
<doc>Adds ``values`` to the end of ``list``.</doc>
<status status="PASS" start="2024-12-25T12:45:11.385249" elapsed="0.000143"/>
</kw>
<var name="${element}">&lt;selenium.webdriver.remote.webelement.WebElement (session="889ba404d3de3da2fcbea89ee04a0925", element="f.D5FD44D06D420DBAA34DFB8625AACCF1.d.89901A21463F3E8602AA20AD79ED170E.e.853")&gt;</var>
<status status="PASS" start="2024-12-25T12:45:11.372390" elapsed="0.013050"/>
</iter>
<iter>
<kw name="Get Text" owner="SeleniumLibrary">
<msg time="2024-12-25T12:45:11.396690" level="INFO">${fare_text} = 5,519</msg>
<var>${fare_text}</var>
<arg>${element}</arg>
<doc>Returns the text value of the element identified by ``locator``.</doc>
<status status="PASS" start="2024-12-25T12:45:11.385657" elapsed="0.011073"/>
</kw>
<kw name="Set Global Variable" owner="BuiltIn">
<msg time="2024-12-25T12:45:11.397255" level="INFO">${price_text} = 5,519</msg>
<arg>${price_text}</arg>
<arg>${fare_text}</arg>
<doc>Makes a variable available globally in all tests and suites.</doc>
<status status="PASS" start="2024-12-25T12:45:11.396959" elapsed="0.000369"/>
</kw>
<kw name="Replace String" owner="String">
<msg time="2024-12-25T12:45:11.398060" level="INFO">${replace} = 5519</msg>
<var>${replace}</var>
<arg>${fare_text}</arg>
<arg>,</arg>
<arg>${EMPTY}</arg>
<doc>Replaces ``search_for`` in the given ``string`` with ``replace_with``.</doc>
<status status="PASS" start="2024-12-25T12:45:11.397485" elapsed="0.000606"/>
</kw>
<kw name="Convert To Integer" owner="BuiltIn">
<msg time="2024-12-25T12:45:11.398403" level="INFO">${fare_number} = 5519</msg>
<var>${fare_number}</var>
<arg>${replace}</arg>
<doc>Converts the given item to an integer number.</doc>
<status status="PASS" start="2024-12-25T12:45:11.398220" elapsed="0.000209"/>
</kw>
<kw name="Append To List" owner="Collections">
<arg>${fare_values}</arg>
<arg>${fare_number}</arg>
<doc>Adds ``values`` to the end of ``list``.</doc>
<status status="PASS" start="2024-12-25T12:45:11.398530" elapsed="0.000137"/>
</kw>
<var name="${element}">&lt;selenium.webdriver.remote.webelement.WebElement (session="889ba404d3de3da2fcbea89ee04a0925", element="f.D5FD44D06D420DBAA34DFB8625AACCF1.d.89901A21463F3E8602AA20AD79ED170E.e.854")&gt;</var>
<status status="PASS" start="2024-12-25T12:45:11.385569" elapsed="0.013148"/>
</iter>
<iter>
<kw name="Get Text" owner="SeleniumLibrary">
<msg time="2024-12-25T12:45:11.410536" level="INFO">${fare_text} = 5,519</msg>
<var>${fare_text}</var>
<arg>${element}</arg>
<doc>Returns the text value of the element identified by ``locator``.</doc>
<status status="PASS" start="2024-12-25T12:45:11.398933" elapsed="0.011644"/>
</kw>
<kw name="Set Global Variable" owner="BuiltIn">
<msg time="2024-12-25T12:45:11.410933" level="INFO">${price_text} = 5,519</msg>
<arg>${price_text}</arg>
<arg>${fare_text}</arg>
<doc>Makes a variable available globally in all tests and suites.</doc>
<status status="PASS" start="2024-12-25T12:45:11.410731" elapsed="0.000244"/>
</kw>
<kw name="Replace String" owner="String">
<msg time="2024-12-25T12:45:11.411587" level="INFO">${replace} = 5519</msg>
<var>${replace}</var>
<arg>${fare_text}</arg>
<arg>,</arg>
<arg>${EMPTY}</arg>
<doc>Replaces ``search_for`` in the given ``string`` with ``replace_with``.</doc>
<status status="PASS" start="2024-12-25T12:45:11.411081" elapsed="0.000534"/>
</kw>
<kw name="Convert To Integer" owner="BuiltIn">
<msg time="2024-12-25T12:45:11.411891" level="INFO">${fare_number} = 5519</msg>
<var>${fare_number}</var>
<arg>${replace}</arg>
<doc>Converts the given item to an integer number.</doc>
<status status="PASS" start="2024-12-25T12:45:11.411726" elapsed="0.000190"/>
</kw>
<kw name="Append To List" owner="Collections">
<arg>${fare_values}</arg>
<arg>${fare_number}</arg>
<doc>Adds ``values`` to the end of ``list``.</doc>
<status status="PASS" start="2024-12-25T12:45:11.412014" elapsed="0.000138"/>
</kw>
<var name="${element}">&lt;selenium.webdriver.remote.webelement.WebElement (session="889ba404d3de3da2fcbea89ee04a0925", element="f.D5FD44D06D420DBAA34DFB8625AACCF1.d.89901A21463F3E8602AA20AD79ED170E.e.855")&gt;</var>
<status status="PASS" start="2024-12-25T12:45:11.398847" elapsed="0.013351"/>
</iter>
<iter>
<kw name="Get Text" owner="SeleniumLibrary">
<msg time="2024-12-25T12:45:11.422308" level="INFO">${fare_text} = 5,534</msg>
<var>${fare_text}</var>
<arg>${element}</arg>
<doc>Returns the text value of the element identified by ``locator``.</doc>
<status status="PASS" start="2024-12-25T12:45:11.412405" elapsed="0.009942"/>
</kw>
<kw name="Set Global Variable" owner="BuiltIn">
<msg time="2024-12-25T12:45:11.422709" level="INFO">${price_text} = 5,534</msg>
<arg>${price_text}</arg>
<arg>${fare_text}</arg>
<doc>Makes a variable available globally in all tests and suites.</doc>
<status status="PASS" start="2024-12-25T12:45:11.422504" elapsed="0.000248"/>
</kw>
<kw name="Replace String" owner="String">
<msg time="2024-12-25T12:45:11.423367" level="INFO">${replace} = 5534</msg>
<var>${replace}</var>
<arg>${fare_text}</arg>
<arg>,</arg>
<arg>${EMPTY}</arg>
<doc>Replaces ``search_for`` in the given ``string`` with ``replace_with``.</doc>
<status status="PASS" start="2024-12-25T12:45:11.422857" elapsed="0.000537"/>
</kw>
<kw name="Convert To Integer" owner="BuiltIn">
<msg time="2024-12-25T12:45:11.423668" level="INFO">${fare_number} = 5534</msg>
<var>${fare_number}</var>
<arg>${replace}</arg>
<doc>Converts the given item to an integer number.</doc>
<status status="PASS" start="2024-12-25T12:45:11.423507" elapsed="0.000186"/>
</kw>
<kw name="Append To List" owner="Collections">
<arg>${fare_values}</arg>
<arg>${fare_number}</arg>
<doc>Adds ``values`` to the end of ``list``.</doc>
<status status="PASS" start="2024-12-25T12:45:11.423789" elapsed="0.000138"/>
</kw>
<var name="${element}">&lt;selenium.webdriver.remote.webelement.WebElement (session="889ba404d3de3da2fcbea89ee04a0925", element="f.D5FD44D06D420DBAA34DFB8625AACCF1.d.89901A21463F3E8602AA20AD79ED170E.e.856")&gt;</var>
<status status="PASS" start="2024-12-25T12:45:11.412320" elapsed="0.011654"/>
</iter>
<iter>
<kw name="Get Text" owner="SeleniumLibrary">
<msg time="2024-12-25T12:45:11.433922" level="INFO">${fare_text} = 5,534</msg>
<var>${fare_text}</var>
<arg>${element}</arg>
<doc>Returns the text value of the element identified by ``locator``.</doc>
<status status="PASS" start="2024-12-25T12:45:11.424180" elapsed="0.009781"/>
</kw>
<kw name="Set Global Variable" owner="BuiltIn">
<msg time="2024-12-25T12:45:11.434314" level="INFO">${price_text} = 5,534</msg>
<arg>${price_text}</arg>
<arg>${fare_text}</arg>
<doc>Makes a variable available globally in all tests and suites.</doc>
<status status="PASS" start="2024-12-25T12:45:11.434116" elapsed="0.000241"/>
</kw>
<kw name="Replace String" owner="String">
<msg time="2024-12-25T12:45:11.434978" level="INFO">${replace} = 5534</msg>
<var>${replace}</var>
<arg>${fare_text}</arg>
<arg>,</arg>
<arg>${EMPTY}</arg>
<doc>Replaces ``search_for`` in the given ``string`` with ``replace_with``.</doc>
<status status="PASS" start="2024-12-25T12:45:11.434465" elapsed="0.000541"/>
</kw>
<kw name="Convert To Integer" owner="BuiltIn">
<msg time="2024-12-25T12:45:11.435346" level="INFO">${fare_number} = 5534</msg>
<var>${fare_number}</var>
<arg>${replace}</arg>
<doc>Converts the given item to an integer number.</doc>
<status status="PASS" start="2024-12-25T12:45:11.435178" elapsed="0.000193"/>
</kw>
<kw name="Append To List" owner="Collections">
<arg>${fare_values}</arg>
<arg>${fare_number}</arg>
<doc>Adds ``values`` to the end of ``list``.</doc>
<status status="PASS" start="2024-12-25T12:45:11.435473" elapsed="0.000137"/>
</kw>
<var name="${element}">&lt;selenium.webdriver.remote.webelement.WebElement (session="889ba404d3de3da2fcbea89ee04a0925", element="f.D5FD44D06D420DBAA34DFB8625AACCF1.d.89901A21463F3E8602AA20AD79ED170E.e.857")&gt;</var>
<status status="PASS" start="2024-12-25T12:45:11.424095" elapsed="0.011563"/>
</iter>
<iter>
<kw name="Get Text" owner="SeleniumLibrary">
<msg time="2024-12-25T12:45:11.446506" level="INFO">${fare_text} = 5,534</msg>
<var>${fare_text}</var>
<arg>${element}</arg>
<doc>Returns the text value of the element identified by ``locator``.</doc>
<status status="PASS" start="2024-12-25T12:45:11.435867" elapsed="0.010684"/>
</kw>
<kw name="Set Global Variable" owner="BuiltIn">
<msg time="2024-12-25T12:45:11.446929" level="INFO">${price_text} = 5,534</msg>
<arg>${price_text}</arg>
<arg>${fare_text}</arg>
<doc>Makes a variable available globally in all tests and suites.</doc>
<status status="PASS" start="2024-12-25T12:45:11.446722" elapsed="0.000250"/>
</kw>
<kw name="Replace String" owner="String">
<msg time="2024-12-25T12:45:11.447709" level="INFO">${replace} = 5534</msg>
<var>${replace}</var>
<arg>${fare_text}</arg>
<arg>,</arg>
<arg>${EMPTY}</arg>
<doc>Replaces ``search_for`` in the given ``string`` with ``replace_with``.</doc>
<status status="PASS" start="2024-12-25T12:45:11.447080" elapsed="0.000667"/>
</kw>
<kw name="Convert To Integer" owner="BuiltIn">
<msg time="2024-12-25T12:45:11.448066" level="INFO">${fare_number} = 5534</msg>
<var>${fare_number}</var>
<arg>${replace}</arg>
<doc>Converts the given item to an integer number.</doc>
<status status="PASS" start="2024-12-25T12:45:11.447890" elapsed="0.000202"/>
</kw>
<kw name="Append To List" owner="Collections">
<arg>${fare_values}</arg>
<arg>${fare_number}</arg>
<doc>Adds ``values`` to the end of ``list``.</doc>
<status status="PASS" start="2024-12-25T12:45:11.448193" elapsed="0.000136"/>
</kw>
<var name="${element}">&lt;selenium.webdriver.remote.webelement.WebElement (session="889ba404d3de3da2fcbea89ee04a0925", element="f.D5FD44D06D420DBAA34DFB8625AACCF1.d.89901A21463F3E8602AA20AD79ED170E.e.858")&gt;</var>
<status status="PASS" start="2024-12-25T12:45:11.435782" elapsed="0.012594"/>
</iter>
<iter>
<kw name="Get Text" owner="SeleniumLibrary">
<msg time="2024-12-25T12:45:11.459812" level="INFO">${fare_text} = 5,534</msg>
<var>${fare_text}</var>
<arg>${element}</arg>
<doc>Returns the text value of the element identified by ``locator``.</doc>
<status status="PASS" start="2024-12-25T12:45:11.448591" elapsed="0.011263"/>
</kw>
<kw name="Set Global Variable" owner="BuiltIn">
<msg time="2024-12-25T12:45:11.460219" level="INFO">${price_text} = 5,534</msg>
<arg>${price_text}</arg>
<arg>${fare_text}</arg>
<doc>Makes a variable available globally in all tests and suites.</doc>
<status status="PASS" start="2024-12-25T12:45:11.460020" elapsed="0.000240"/>
</kw>
<kw name="Replace String" owner="String">
<msg time="2024-12-25T12:45:11.460868" level="INFO">${replace} = 5534</msg>
<var>${replace}</var>
<arg>${fare_text}</arg>
<arg>,</arg>
<arg>${EMPTY}</arg>
<doc>Replaces ``search_for`` in the given ``string`` with ``replace_with``.</doc>
<status status="PASS" start="2024-12-25T12:45:11.460361" elapsed="0.000533"/>
</kw>
<kw name="Convert To Integer" owner="BuiltIn">
<msg time="2024-12-25T12:45:11.461162" level="INFO">${fare_number} = 5534</msg>
<var>${fare_number}</var>
<arg>${replace}</arg>
<doc>Converts the given item to an integer number.</doc>
<status status="PASS" start="2024-12-25T12:45:11.461004" elapsed="0.000182"/>
</kw>
<kw name="Append To List" owner="Collections">
<arg>${fare_values}</arg>
<arg>${fare_number}</arg>
<doc>Adds ``values`` to the end of ``list``.</doc>
<status status="PASS" start="2024-12-25T12:45:11.461281" elapsed="0.000148"/>
</kw>
<var name="${element}">&lt;selenium.webdriver.remote.webelement.WebElement (session="889ba404d3de3da2fcbea89ee04a0925", element="f.D5FD44D06D420DBAA34DFB8625AACCF1.d.89901A21463F3E8602AA20AD79ED170E.e.859")&gt;</var>
<status status="PASS" start="2024-12-25T12:45:11.448504" elapsed="0.012977"/>
</iter>
<iter>
<kw name="Get Text" owner="SeleniumLibrary">
<msg time="2024-12-25T12:45:11.472984" level="INFO">${fare_text} = 5,661</msg>
<var>${fare_text}</var>
<arg>${element}</arg>
<doc>Returns the text value of the element identified by ``locator``.</doc>
<status status="PASS" start="2024-12-25T12:45:11.461693" elapsed="0.011334"/>
</kw>
<kw name="Set Global Variable" owner="BuiltIn">
<msg time="2024-12-25T12:45:11.473421" level="INFO">${price_text} = 5,661</msg>
<arg>${price_text}</arg>
<arg>${fare_text}</arg>
<doc>Makes a variable available globally in all tests and suites.</doc>
<status status="PASS" start="2024-12-25T12:45:11.473197" elapsed="0.000268"/>
</kw>
<kw name="Replace String" owner="String">
<msg time="2024-12-25T12:45:11.474090" level="INFO">${replace} = 5661</msg>
<var>${replace}</var>
<arg>${fare_text}</arg>
<arg>,</arg>
<arg>${EMPTY}</arg>
<doc>Replaces ``search_for`` in the given ``string`` with ``replace_with``.</doc>
<status status="PASS" start="2024-12-25T12:45:11.473572" elapsed="0.000546"/>
</kw>
<kw name="Convert To Integer" owner="BuiltIn">
<msg time="2024-12-25T12:45:11.474394" level="INFO">${fare_number} = 5661</msg>
<var>${fare_number}</var>
<arg>${replace}</arg>
<doc>Converts the given item to an integer number.</doc>
<status status="PASS" start="2024-12-25T12:45:11.474230" elapsed="0.000190"/>
</kw>
<kw name="Append To List" owner="Collections">
<arg>${fare_values}</arg>
<arg>${fare_number}</arg>
<doc>Adds ``values`` to the end of ``list``.</doc>
<status status="PASS" start="2024-12-25T12:45:11.474518" elapsed="0.000138"/>
</kw>
<var name="${element}">&lt;selenium.webdriver.remote.webelement.WebElement (session="889ba404d3de3da2fcbea89ee04a0925", element="f.D5FD44D06D420DBAA34DFB8625AACCF1.d.89901A21463F3E8602AA20AD79ED170E.e.860")&gt;</var>
<status status="PASS" start="2024-12-25T12:45:11.461609" elapsed="0.013095"/>
</iter>
<iter>
<kw name="Get Text" owner="SeleniumLibrary">
<msg time="2024-12-25T12:45:11.485503" level="INFO">${fare_text} = 5,697</msg>
<var>${fare_text}</var>
<arg>${element}</arg>
<doc>Returns the text value of the element identified by ``locator``.</doc>
<status status="PASS" start="2024-12-25T12:45:11.474918" elapsed="0.010627"/>
</kw>
<kw name="Set Global Variable" owner="BuiltIn">
<msg time="2024-12-25T12:45:11.485919" level="INFO">${price_text} = 5,697</msg>
<arg>${price_text}</arg>
<arg>${fare_text}</arg>
<doc>Makes a variable available globally in all tests and suites.</doc>
<status status="PASS" start="2024-12-25T12:45:11.485713" elapsed="0.000249"/>
</kw>
<kw name="Replace String" owner="String">
<msg time="2024-12-25T12:45:11.486586" level="INFO">${replace} = 5697</msg>
<var>${replace}</var>
<arg>${fare_text}</arg>
<arg>,</arg>
<arg>${EMPTY}</arg>
<doc>Replaces ``search_for`` in the given ``string`` with ``replace_with``.</doc>
<status status="PASS" start="2024-12-25T12:45:11.486069" elapsed="0.000545"/>
</kw>
<kw name="Convert To Integer" owner="BuiltIn">
<msg time="2024-12-25T12:45:11.486892" level="INFO">${fare_number} = 5697</msg>
<var>${fare_number}</var>
<arg>${replace}</arg>
<doc>Converts the given item to an integer number.</doc>
<status status="PASS" start="2024-12-25T12:45:11.486725" elapsed="0.000192"/>
</kw>
<kw name="Append To List" owner="Collections">
<arg>${fare_values}</arg>
<arg>${fare_number}</arg>
<doc>Adds ``values`` to the end of ``list``.</doc>
<status status="PASS" start="2024-12-25T12:45:11.487016" elapsed="0.000134"/>
</kw>
<var name="${element}">&lt;selenium.webdriver.remote.webelement.WebElement (session="889ba404d3de3da2fcbea89ee04a0925", element="f.D5FD44D06D420DBAA34DFB8625AACCF1.d.89901A21463F3E8602AA20AD79ED170E.e.861")&gt;</var>
<status status="PASS" start="2024-12-25T12:45:11.474830" elapsed="0.012431"/>
</iter>
<iter>
<kw name="Get Text" owner="SeleniumLibrary">
<msg time="2024-12-25T12:45:11.498358" level="INFO">${fare_text} = 5,697</msg>
<var>${fare_text}</var>
<arg>${element}</arg>
<doc>Returns the text value of the element identified by ``locator``.</doc>
<status status="PASS" start="2024-12-25T12:45:11.487473" elapsed="0.010924"/>
</kw>
<kw name="Set Global Variable" owner="BuiltIn">
<msg time="2024-12-25T12:45:11.498809" level="INFO">${price_text} = 5,697</msg>
<arg>${price_text}</arg>
<arg>${fare_text}</arg>
<doc>Makes a variable available globally in all tests and suites.</doc>
<status status="PASS" start="2024-12-25T12:45:11.498580" elapsed="0.000270"/>
</kw>
<kw name="Replace String" owner="String">
<msg time="2024-12-25T12:45:11.499471" level="INFO">${replace} = 5697</msg>
<var>${replace}</var>
<arg>${fare_text}</arg>
<arg>,</arg>
<arg>${EMPTY}</arg>
<doc>Replaces ``search_for`` in the given ``string`` with ``replace_with``.</doc>
<status status="PASS" start="2024-12-25T12:45:11.498956" elapsed="0.000543"/>
</kw>
<kw name="Convert To Integer" owner="BuiltIn">
<msg time="2024-12-25T12:45:11.499776" level="INFO">${fare_number} = 5697</msg>
<var>${fare_number}</var>
<arg>${replace}</arg>
<doc>Converts the given item to an integer number.</doc>
<status status="PASS" start="2024-12-25T12:45:11.499613" elapsed="0.000188"/>
</kw>
<kw name="Append To List" owner="Collections">
<arg>${fare_values}</arg>
<arg>${fare_number}</arg>
<doc>Adds ``values`` to the end of ``list``.</doc>
<status status="PASS" start="2024-12-25T12:45:11.499899" elapsed="0.000135"/>
</kw>
<var name="${element}">&lt;selenium.webdriver.remote.webelement.WebElement (session="889ba404d3de3da2fcbea89ee04a0925", element="f.D5FD44D06D420DBAA34DFB8625AACCF1.d.89901A21463F3E8602AA20AD79ED170E.e.862")&gt;</var>
<status status="PASS" start="2024-12-25T12:45:11.487388" elapsed="0.012696"/>
</iter>
<iter>
<kw name="Get Text" owner="SeleniumLibrary">
<msg time="2024-12-25T12:45:11.511026" level="INFO">${fare_text} = 5,697</msg>
<var>${fare_text}</var>
<arg>${element}</arg>
<doc>Returns the text value of the element identified by ``locator``.</doc>
<status status="PASS" start="2024-12-25T12:45:11.500305" elapsed="0.010763"/>
</kw>
<kw name="Set Global Variable" owner="BuiltIn">
<msg time="2024-12-25T12:45:11.511437" level="INFO">${price_text} = 5,697</msg>
<arg>${price_text}</arg>
<arg>${fare_text}</arg>
<doc>Makes a variable available globally in all tests and suites.</doc>
<status status="PASS" start="2024-12-25T12:45:11.511233" elapsed="0.000248"/>
</kw>
<kw name="Replace String" owner="String">
<msg time="2024-12-25T12:45:11.512114" level="INFO">${replace} = 5697</msg>
<var>${replace}</var>
<arg>${fare_text}</arg>
<arg>,</arg>
<arg>${EMPTY}</arg>
<doc>Replaces ``search_for`` in the given ``string`` with ``replace_with``.</doc>
<status status="PASS" start="2024-12-25T12:45:11.511588" elapsed="0.000553"/>
</kw>
<kw name="Convert To Integer" owner="BuiltIn">
<msg time="2024-12-25T12:45:11.512417" level="INFO">${fare_number} = 5697</msg>
<var>${fare_number}</var>
<arg>${replace}</arg>
<doc>Converts the given item to an integer number.</doc>
<status status="PASS" start="2024-12-25T12:45:11.512253" elapsed="0.000189"/>
</kw>
<kw name="Append To List" owner="Collections">
<arg>${fare_values}</arg>
<arg>${fare_number}</arg>
<doc>Adds ``values`` to the end of ``list``.</doc>
<status status="PASS" start="2024-12-25T12:45:11.512548" elapsed="0.000146"/>
</kw>
<var name="${element}">&lt;selenium.webdriver.remote.webelement.WebElement (session="889ba404d3de3da2fcbea89ee04a0925", element="f.D5FD44D06D420DBAA34DFB8625AACCF1.d.89901A21463F3E8602AA20AD79ED170E.e.863")&gt;</var>
<status status="PASS" start="2024-12-25T12:45:11.500206" elapsed="0.012537"/>
</iter>
<iter>
<kw name="Get Text" owner="SeleniumLibrary">
<msg time="2024-12-25T12:45:11.523971" level="INFO">${fare_text} = 5,831</msg>
<var>${fare_text}</var>
<arg>${element}</arg>
<doc>Returns the text value of the element identified by ``locator``.</doc>
<status status="PASS" start="2024-12-25T12:45:11.512963" elapsed="0.011053"/>
</kw>
<kw name="Set Global Variable" owner="BuiltIn">
<msg time="2024-12-25T12:45:11.524390" level="INFO">${price_text} = 5,831</msg>
<arg>${price_text}</arg>
<arg>${fare_text}</arg>
<doc>Makes a variable available globally in all tests and suites.</doc>
<status status="PASS" start="2024-12-25T12:45:11.524182" elapsed="0.000250"/>
</kw>
<kw name="Replace String" owner="String">
<msg time="2024-12-25T12:45:11.525057" level="INFO">${replace} = 5831</msg>
<var>${replace}</var>
<arg>${fare_text}</arg>
<arg>,</arg>
<arg>${EMPTY}</arg>
<doc>Replaces ``search_for`` in the given ``string`` with ``replace_with``.</doc>
<status status="PASS" start="2024-12-25T12:45:11.524538" elapsed="0.000546"/>
</kw>
<kw name="Convert To Integer" owner="BuiltIn">
<msg time="2024-12-25T12:45:11.525356" level="INFO">${fare_number} = 5831</msg>
<var>${fare_number}</var>
<arg>${replace}</arg>
<doc>Converts the given item to an integer number.</doc>
<status status="PASS" start="2024-12-25T12:45:11.525194" elapsed="0.000187"/>
</kw>
<kw name="Append To List" owner="Collections">
<arg>${fare_values}</arg>
<arg>${fare_number}</arg>
<doc>Adds ``values`` to the end of ``list``.</doc>
<status status="PASS" start="2024-12-25T12:45:11.525479" elapsed="0.000135"/>
</kw>
<var name="${element}">&lt;selenium.webdriver.remote.webelement.WebElement (session="889ba404d3de3da2fcbea89ee04a0925", element="f.D5FD44D06D420DBAA34DFB8625AACCF1.d.89901A21463F3E8602AA20AD79ED170E.e.864")&gt;</var>
<status status="PASS" start="2024-12-25T12:45:11.512874" elapsed="0.012787"/>
</iter>
<iter>
<kw name="Get Text" owner="SeleniumLibrary">
<msg time="2024-12-25T12:45:11.536723" level="INFO">${fare_text} = 5,865</msg>
<var>${fare_text}</var>
<arg>${element}</arg>
<doc>Returns the text value of the element identified by ``locator``.</doc>
<status status="PASS" start="2024-12-25T12:45:11.525873" elapsed="0.010890"/>
</kw>
<kw name="Set Global Variable" owner="BuiltIn">
<msg time="2024-12-25T12:45:11.537119" level="INFO">${price_text} = 5,865</msg>
<arg>${price_text}</arg>
<arg>${fare_text}</arg>
<doc>Makes a variable available globally in all tests and suites.</doc>
<status status="PASS" start="2024-12-25T12:45:11.536920" elapsed="0.000241"/>
</kw>
<kw name="Replace String" owner="String">
<msg time="2024-12-25T12:45:11.537783" level="INFO">${replace} = 5865</msg>
<var>${replace}</var>
<arg>${fare_text}</arg>
<arg>,</arg>
<arg>${EMPTY}</arg>
<doc>Replaces ``search_for`` in the given ``string`` with ``replace_with``.</doc>
<status status="PASS" start="2024-12-25T12:45:11.537264" elapsed="0.000547"/>
</kw>
<kw name="Convert To Integer" owner="BuiltIn">
<msg time="2024-12-25T12:45:11.538088" level="INFO">${fare_number} = 5865</msg>
<var>${fare_number}</var>
<arg>${replace}</arg>
<doc>Converts the given item to an integer number.</doc>
<status status="PASS" start="2024-12-25T12:45:11.537924" elapsed="0.000190"/>
</kw>
<kw name="Append To List" owner="Collections">
<arg>${fare_values}</arg>
[...]
<arg>${element}</arg>
<doc>Returns the text value of the element identified by ``locator``.</doc>
<status status="PASS" start="2024-12-25T12:45:12.537494" elapsed="0.009704"/>
</kw>
<kw name="Set Global Variable" owner="BuiltIn">
<msg time="2024-12-25T12:45:12.547599" level="INFO">${price_text} = 19,779</msg>
<arg>${price_text}</arg>
<arg>${fare_text}</arg>
<doc>Makes a variable available globally in all tests and suites.</doc>
<status status="PASS" start="2024-12-25T12:45:12.547376" elapsed="0.000284"/>
</kw>
<kw name="Replace String" owner="String">
<msg time="2024-12-25T12:45:12.548309" level="INFO">${replace} = 19779</msg>
<var>${replace}</var>
<arg>${fare_text}</arg>
<arg>,</arg>
<arg>${EMPTY}</arg>
<doc>Replaces ``search_for`` in the given ``string`` with ``replace_with``.</doc>
<status status="PASS" start="2024-12-25T12:45:12.547775" elapsed="0.000562"/>
</kw>
<kw name="Convert To Integer" owner="BuiltIn">
<msg time="2024-12-25T12:45:12.548618" level="INFO">${fare_number} = 19779</msg>
<var>${fare_number}</var>
<arg>${replace}</arg>
<doc>Converts the given item to an integer number.</doc>
<status status="PASS" start="2024-12-25T12:45:12.548453" elapsed="0.000190"/>
</kw>
<kw name="Append To List" owner="Collections">
<arg>${fare_values}</arg>
<arg>${fare_number}</arg>
<doc>Adds ``values`` to the end of ``list``.</doc>
<status status="PASS" start="2024-12-25T12:45:12.548742" elapsed="0.000137"/>
</kw>
<var name="${element}">&lt;selenium.webdriver.remote.webelement.WebElement (session="889ba404d3de3da2fcbea89ee04a0925", element="f.D5FD44D06D420DBAA34DFB8625AACCF1.d.89901A21463F3E8602AA20AD79ED170E.e.944")&gt;</var>
<status status="PASS" start="2024-12-25T12:45:12.537409" elapsed="0.011519"/>
</iter>
<iter>
<kw name="Get Text" owner="SeleniumLibrary">
<msg time="2024-12-25T12:45:12.560507" level="INFO">${fare_text} = 20,199</msg>
<var>${fare_text}</var>
<arg>${element}</arg>
<doc>Returns the text value of the element identified by ``locator``.</doc>
<status status="PASS" start="2024-12-25T12:45:12.549142" elapsed="0.011409"/>
</kw>
<kw name="Set Global Variable" owner="BuiltIn">
<msg time="2024-12-25T12:45:12.560919" level="INFO">${price_text} = 20,199</msg>
<arg>${price_text}</arg>
<arg>${fare_text}</arg>
<doc>Makes a variable available globally in all tests and suites.</doc>
<status status="PASS" start="2024-12-25T12:45:12.560715" elapsed="0.000247"/>
</kw>
<kw name="Replace String" owner="String">
<msg time="2024-12-25T12:45:12.561652" level="INFO">${replace} = 20199</msg>
<var>${replace}</var>
<arg>${fare_text}</arg>
<arg>,</arg>
<arg>${EMPTY}</arg>
<doc>Replaces ``search_for`` in the given ``string`` with ``replace_with``.</doc>
<status status="PASS" start="2024-12-25T12:45:12.561071" elapsed="0.000611"/>
</kw>
<kw name="Convert To Integer" owner="BuiltIn">
<msg time="2024-12-25T12:45:12.561966" level="INFO">${fare_number} = 20199</msg>
<var>${fare_number}</var>
<arg>${replace}</arg>
<doc>Converts the given item to an integer number.</doc>
<status status="PASS" start="2024-12-25T12:45:12.561799" elapsed="0.000192"/>
</kw>
<kw name="Append To List" owner="Collections">
<arg>${fare_values}</arg>
<arg>${fare_number}</arg>
<doc>Adds ``values`` to the end of ``list``.</doc>
<status status="PASS" start="2024-12-25T12:45:12.562095" elapsed="0.000148"/>
</kw>
<var name="${element}">&lt;selenium.webdriver.remote.webelement.WebElement (session="889ba404d3de3da2fcbea89ee04a0925", element="f.D5FD44D06D420DBAA34DFB8625AACCF1.d.89901A21463F3E8602AA20AD79ED170E.e.945")&gt;</var>
<status status="PASS" start="2024-12-25T12:45:12.549055" elapsed="0.013246"/>
</iter>
<iter>
<kw name="Get Text" owner="SeleniumLibrary">
<msg time="2024-12-25T12:45:12.572971" level="INFO">${fare_text} = 20,402</msg>
<var>${fare_text}</var>
<arg>${element}</arg>
<doc>Returns the text value of the element identified by ``locator``.</doc>
<status status="PASS" start="2024-12-25T12:45:12.562543" elapsed="0.010472"/>
</kw>
<kw name="Set Global Variable" owner="BuiltIn">
<msg time="2024-12-25T12:45:12.573396" level="INFO">${price_text} = 20,402</msg>
<arg>${price_text}</arg>
<arg>${fare_text}</arg>
<doc>Makes a variable available globally in all tests and suites.</doc>
<status status="PASS" start="2024-12-25T12:45:12.573188" elapsed="0.000252"/>
</kw>
<kw name="Replace String" owner="String">
<msg time="2024-12-25T12:45:12.574071" level="INFO">${replace} = 20402</msg>
<var>${replace}</var>
<arg>${fare_text}</arg>
<arg>,</arg>
<arg>${EMPTY}</arg>
<doc>Replaces ``search_for`` in the given ``string`` with ``replace_with``.</doc>
<status status="PASS" start="2024-12-25T12:45:12.573551" elapsed="0.000547"/>
</kw>
<kw name="Convert To Integer" owner="BuiltIn">
<msg time="2024-12-25T12:45:12.574378" level="INFO">${fare_number} = 20402</msg>
<var>${fare_number}</var>
<arg>${replace}</arg>
<doc>Converts the given item to an integer number.</doc>
<status status="PASS" start="2024-12-25T12:45:12.574214" elapsed="0.000189"/>
</kw>
<kw name="Append To List" owner="Collections">
<arg>${fare_values}</arg>
<arg>${fare_number}</arg>
<doc>Adds ``values`` to the end of ``list``.</doc>
<status status="PASS" start="2024-12-25T12:45:12.574506" elapsed="0.000138"/>
</kw>
<var name="${element}">&lt;selenium.webdriver.remote.webelement.WebElement (session="889ba404d3de3da2fcbea89ee04a0925", element="f.D5FD44D06D420DBAA34DFB8625AACCF1.d.89901A21463F3E8602AA20AD79ED170E.e.946")&gt;</var>
<status status="PASS" start="2024-12-25T12:45:12.562453" elapsed="0.012240"/>
</iter>
<iter>
<kw name="Get Text" owner="SeleniumLibrary">
<msg time="2024-12-25T12:45:12.586013" level="INFO">${fare_text} = 22,462</msg>
<var>${fare_text}</var>
<arg>${element}</arg>
<doc>Returns the text value of the element identified by ``locator``.</doc>
<status status="PASS" start="2024-12-25T12:45:12.574970" elapsed="0.011086"/>
</kw>
<kw name="Set Global Variable" owner="BuiltIn">
<msg time="2024-12-25T12:45:12.586439" level="INFO">${price_text} = 22,462</msg>
<arg>${price_text}</arg>
<arg>${fare_text}</arg>
<doc>Makes a variable available globally in all tests and suites.</doc>
<status status="PASS" start="2024-12-25T12:45:12.586228" elapsed="0.000255"/>
</kw>
<kw name="Replace String" owner="String">
<msg time="2024-12-25T12:45:12.587104" level="INFO">${replace} = 22462</msg>
<var>${replace}</var>
<arg>${fare_text}</arg>
<arg>,</arg>
<arg>${EMPTY}</arg>
<doc>Replaces ``search_for`` in the given ``string`` with ``replace_with``.</doc>
<status status="PASS" start="2024-12-25T12:45:12.586592" elapsed="0.000539"/>
</kw>
<kw name="Convert To Integer" owner="BuiltIn">
<msg time="2024-12-25T12:45:12.587416" level="INFO">${fare_number} = 22462</msg>
<var>${fare_number}</var>
<arg>${replace}</arg>
<doc>Converts the given item to an integer number.</doc>
<status status="PASS" start="2024-12-25T12:45:12.587246" elapsed="0.000195"/>
</kw>
<kw name="Append To List" owner="Collections">
<arg>${fare_values}</arg>
<arg>${fare_number}</arg>
<doc>Adds ``values`` to the end of ``list``.</doc>
<status status="PASS" start="2024-12-25T12:45:12.587541" elapsed="0.000136"/>
</kw>
<var name="${element}">&lt;selenium.webdriver.remote.webelement.WebElement (session="889ba404d3de3da2fcbea89ee04a0925", element="f.D5FD44D06D420DBAA34DFB8625AACCF1.d.89901A21463F3E8602AA20AD79ED170E.e.947")&gt;</var>
<status status="PASS" start="2024-12-25T12:45:12.574879" elapsed="0.012846"/>
</iter>
<iter>
<kw name="Get Text" owner="SeleniumLibrary">
<msg time="2024-12-25T12:45:12.598643" level="INFO">${fare_text} = 22,530</msg>
<var>${fare_text}</var>
<arg>${element}</arg>
<doc>Returns the text value of the element identified by ``locator``.</doc>
<status status="PASS" start="2024-12-25T12:45:12.587937" elapsed="0.010749"/>
</kw>
<kw name="Set Global Variable" owner="BuiltIn">
<msg time="2024-12-25T12:45:12.599056" level="INFO">${price_text} = 22,530</msg>
<arg>${price_text}</arg>
<arg>${fare_text}</arg>
<doc>Makes a variable available globally in all tests and suites.</doc>
<status status="PASS" start="2024-12-25T12:45:12.598852" elapsed="0.000247"/>
</kw>
<kw name="Replace String" owner="String">
<msg time="2024-12-25T12:45:12.599731" level="INFO">${replace} = 22530</msg>
<var>${replace}</var>
<arg>${fare_text}</arg>
<arg>,</arg>
<arg>${EMPTY}</arg>
<doc>Replaces ``search_for`` in the given ``string`` with ``replace_with``.</doc>
<status status="PASS" start="2024-12-25T12:45:12.599207" elapsed="0.000552"/>
</kw>
<kw name="Convert To Integer" owner="BuiltIn">
<msg time="2024-12-25T12:45:12.600039" level="INFO">${fare_number} = 22530</msg>
<var>${fare_number}</var>
<arg>${replace}</arg>
<doc>Converts the given item to an integer number.</doc>
<status status="PASS" start="2024-12-25T12:45:12.599874" elapsed="0.000190"/>
</kw>
<kw name="Append To List" owner="Collections">
<arg>${fare_values}</arg>
<arg>${fare_number}</arg>
<doc>Adds ``values`` to the end of ``list``.</doc>
<status status="PASS" start="2024-12-25T12:45:12.600163" elapsed="0.000136"/>
</kw>
<var name="${element}">&lt;selenium.webdriver.remote.webelement.WebElement (session="889ba404d3de3da2fcbea89ee04a0925", element="f.D5FD44D06D420DBAA34DFB8625AACCF1.d.89901A21463F3E8602AA20AD79ED170E.e.948")&gt;</var>
<status status="PASS" start="2024-12-25T12:45:12.587850" elapsed="0.012497"/>
</iter>
<iter>
<kw name="Get Text" owner="SeleniumLibrary">
<msg time="2024-12-25T12:45:12.612264" level="INFO">${fare_text} = 27,191</msg>
<var>${fare_text}</var>
<arg>${element}</arg>
<doc>Returns the text value of the element identified by ``locator``.</doc>
<status status="PASS" start="2024-12-25T12:45:12.600571" elapsed="0.011736"/>
</kw>
<kw name="Set Global Variable" owner="BuiltIn">
<msg time="2024-12-25T12:45:12.612796" level="INFO">${price_text} = 27,191</msg>
<arg>${price_text}</arg>
<arg>${fare_text}</arg>
<doc>Makes a variable available globally in all tests and suites.</doc>
<status status="PASS" start="2024-12-25T12:45:12.612465" elapsed="0.000414"/>
</kw>
<kw name="Replace String" owner="String">
<msg time="2024-12-25T12:45:12.613624" level="INFO">${replace} = 27191</msg>
<var>${replace}</var>
<arg>${fare_text}</arg>
<arg>,</arg>
<arg>${EMPTY}</arg>
<doc>Replaces ``search_for`` in the given ``string`` with ``replace_with``.</doc>
<status status="PASS" start="2024-12-25T12:45:12.613018" elapsed="0.000634"/>
</kw>
<kw name="Convert To Integer" owner="BuiltIn">
<msg time="2024-12-25T12:45:12.614159" level="INFO">${fare_number} = 27191</msg>
<var>${fare_number}</var>
<arg>${replace}</arg>
<doc>Converts the given item to an integer number.</doc>
<status status="PASS" start="2024-12-25T12:45:12.613907" elapsed="0.000295"/>
</kw>
<kw name="Append To List" owner="Collections">
<arg>${fare_values}</arg>
<arg>${fare_number}</arg>
<doc>Adds ``values`` to the end of ``list``.</doc>
<status status="PASS" start="2024-12-25T12:45:12.614353" elapsed="0.000147"/>
</kw>
<var name="${element}">&lt;selenium.webdriver.remote.webelement.WebElement (session="889ba404d3de3da2fcbea89ee04a0925", element="f.D5FD44D06D420DBAA34DFB8625AACCF1.d.89901A21463F3E8602AA20AD79ED170E.e.949")&gt;</var>
<status status="PASS" start="2024-12-25T12:45:12.600478" elapsed="0.014071"/>
</iter>
<var>${element}</var>
<value>@{fares}</value>
<status status="PASS" start="2024-12-25T12:45:11.051575" elapsed="1.563029"/>
</for>
<kw name="Evaluate" owner="BuiltIn">
<msg time="2024-12-25T12:45:12.615114" level="INFO">${highest_fare} = 27191</msg>
<var>${highest_fare}</var>
<arg>max(${fare_values})</arg>
<doc>Evaluates the given expression in Python and returns the result.</doc>
<status status="PASS" start="2024-12-25T12:45:12.614724" elapsed="0.000418"/>
</kw>
<kw name="Log To Console" owner="BuiltIn">
<arg>The highest fare is: ₹ ${highest_fare}</arg>
<doc>Logs the given message to the console.</doc>
<status status="PASS" start="2024-12-25T12:45:12.615251" elapsed="0.000285"/>
</kw>
<kw name="Sleep" owner="BuiltIn">
<msg time="2024-12-25T12:45:14.616675" level="INFO">Slept 2 seconds.</msg>
<arg>2</arg>
<doc>Pauses the test executed for the given time.</doc>
<status status="PASS" start="2024-12-25T12:45:12.615657" elapsed="2.001369"/>
</kw>
<kw name="Scroll Element Into View" owner="SeleniumLibrary">
<arg>xpath://span[text()='${price_text}']/ancestor::div[contains(@class,'mr5 cle')]//following-sibling::div//button[text()='Book Now']</arg>
<doc>Scrolls the element identified by ``locator`` into view.</doc>
<status status="PASS" start="2024-12-25T12:45:14.617654" elapsed="0.472966"/>
</kw>
<kw name="Click Element" owner="SeleniumLibrary">
<msg time="2024-12-25T12:45:15.091164" level="INFO">Clicking element 'xpath://span[text()='27,191']/ancestor::div[contains(@class,'mr5 cle')]//following-sibling::div//button[text()='Book Now']'.</msg>
<arg>xpath://span[text()='${price_text}']/ancestor::div[contains(@class,'mr5 cle')]//following-sibling::div//button[text()='Book Now']</arg>
<doc>Click the element identified by ``locator``.</doc>
<status status="PASS" start="2024-12-25T12:45:15.090858" elapsed="2.842403"/>
</kw>
<status status="PASS" start="2024-12-25T12:45:09.094789" elapsed="8.838623"/>
</kw>
<kw name="Entering into booking page" owner="easemytrip_keywords">
<kw name="Sleep" owner="BuiltIn">
<msg time="2024-12-25T12:45:23.935281" level="INFO">Slept 6 seconds.</msg>
<arg>6</arg>
<doc>Pauses the test executed for the given time.</doc>
<status status="PASS" start="2024-12-25T12:45:17.934193" elapsed="6.001398"/>
</kw>
<kw name="Scroll Element Into View" owner="SeleniumLibrary">
<arg>${radio_button}</arg>
<doc>Scrolls the element identified by ``locator`` into view.</doc>
<status status="PASS" start="2024-12-25T12:45:23.936142" elapsed="0.338180"/>
</kw>
<kw name="Sleep" owner="BuiltIn">
<msg time="2024-12-25T12:45:28.276382" level="INFO">Slept 4 seconds.</msg>
<arg>4</arg>
<doc>Pauses the test executed for the given time.</doc>
<status status="PASS" start="2024-12-25T12:45:24.275057" elapsed="4.001661"/>
</kw>
<kw name="Click Element" owner="SeleniumLibrary">
<msg time="2024-12-25T12:45:28.278012" level="INFO">Clicking element 'xpath: //input[@id='chkInsurance']'.</msg>
<arg>${radio_button}</arg>
<doc>Click the element identified by ``locator``.</doc>
<status status="PASS" start="2024-12-25T12:45:28.277288" elapsed="0.117604"/>
</kw>
<kw name="Sleep" owner="BuiltIn">
<msg time="2024-12-25T12:45:32.397291" level="INFO">Slept 4 seconds.</msg>
<arg>4</arg>
<doc>Pauses the test executed for the given time.</doc>
<status status="PASS" start="2024-12-25T12:45:28.395057" elapsed="4.002388"/>
</kw>
<kw name="Scroll Element Into View" owner="SeleniumLibrary">
<arg>${email_text}</arg>
<doc>Scrolls the element identified by ``locator`` into view.</doc>
<status status="PASS" start="2024-12-25T12:45:32.397696" elapsed="0.473379"/>
</kw>
<kw name="Click Element" owner="SeleniumLibrary">
<msg time="2024-12-25T12:45:32.872341" level="INFO">Clicking element 'xpath=//input[@id='txtEmailId']'.</msg>
<arg>${email_text}</arg>
<doc>Click the element identified by ``locator``.</doc>
<status status="PASS" start="2024-12-25T12:45:32.871646" elapsed="0.148945"/>
</kw>
<kw name="Sleep" owner="BuiltIn">
<msg time="2024-12-25T12:45:37.021847" level="INFO">Slept 4 seconds.</msg>
<arg>4</arg>
<doc>Pauses the test executed for the given time.</doc>
<status status="PASS" start="2024-12-25T12:45:33.020760" elapsed="4.001332"/>
</kw>
<kw name="Input Text" owner="SeleniumLibrary">
<msg time="2024-12-25T12:45:37.023087" level="INFO">Typing text 'logadeep@yopmail.com' into text field 'xpath=//input[@id='txtEmailId']'.</msg>
<arg>${email_text}</arg>
<arg>logadeep@yopmail.com</arg>
<doc>Types the given ``text`` into the text field identified by ``locator``.</doc>
<status status="PASS" start="2024-12-25T12:45:37.022524" elapsed="0.212950"/>
</kw>
<kw name="Click Element" owner="SeleniumLibrary">
<msg time="2024-12-25T12:45:37.235892" level="INFO">Clicking element 'xpath: //span[@id='spnVerifyEmail']'.</msg>
<arg>${continue_booking_button}</arg>
<doc>Click the element identified by ``locator``.</doc>
<status status="PASS" start="2024-12-25T12:45:37.235674" elapsed="0.160545"/>
</kw>
<kw name="Sleep" owner="BuiltIn">
<msg time="2024-12-25T12:45:42.397403" level="INFO">Slept 5 seconds.</msg>
<arg>5</arg>
<doc>Pauses the test executed for the given time.</doc>
<status status="PASS" start="2024-12-25T12:45:37.396398" elapsed="5.001176"/>
</kw>
<kw name="Click Element" owner="SeleniumLibrary">
<msg time="2024-12-25T12:45:42.398257" level="INFO">Clicking element 'xpath: //div[@class='str_3 mrel']//input[@placeholder='Enter First Name']'.</msg>
<arg>${first_name_field}</arg>
<doc>Click the element identified by ``locator``.</doc>
<status status="PASS" start="2024-12-25T12:45:42.397878" elapsed="0.117358"/>
</kw>
<kw name="Input Text" owner="SeleniumLibrary">
<msg time="2024-12-25T12:45:42.515598" level="INFO">Typing text 'Sashwin' into text field 'xpath: //div[@class='str_3 mrel']//input[@placeholder='Enter First Name']'.</msg>
<arg>${first_name_field}</arg>
<arg>Sashwin</arg>
<doc>Types the given ``text`` into the text field identified by ``locator``.</doc>
<status status="PASS" start="2024-12-25T12:45:42.515400" elapsed="0.088715"/>
</kw>
<kw name="Sleep" owner="BuiltIn">
<msg time="2024-12-25T12:45:48.605101" level="INFO">Slept 6 seconds.</msg>
<arg>6</arg>
<doc>Pauses the test executed for the given time.</doc>
<status status="PASS" start="2024-12-25T12:45:42.604290" elapsed="6.001156"/>
</kw>
<kw name="Click Element" owner="SeleniumLibrary">
<msg time="2024-12-25T12:45:48.606915" level="INFO">Clicking element 'xpath: //div[@id='divFlyerPlusAdult0']'.</msg>
<arg>${plus_button}</arg>
<doc>Click the element identified by ``locator``.</doc>
<status status="PASS" start="2024-12-25T12:45:48.606119" elapsed="0.143097"/>
</kw>
<kw name="Sleep" owner="BuiltIn">
<msg time="2024-12-25T12:45:51.750072" level="INFO">Slept 3 seconds.</msg>
<arg>3</arg>
<doc>Pauses the test executed for the given time.</doc>
<status status="PASS" start="2024-12-25T12:45:48.749381" elapsed="3.000912"/>
</kw>
<kw name="Click Element" owner="SeleniumLibrary">
<msg time="2024-12-25T12:45:51.751174" level="INFO">Clicking element 'xpath: //select[@id='txtFFMealAdult0']'.</msg>
<arg>${meal_preference}</arg>
<doc>Click the element identified by ``locator``.</doc>
<status status="PASS" start="2024-12-25T12:45:51.750685" elapsed="0.119139"/>
</kw>
<kw name="Sleep" owner="BuiltIn">
<msg time="2024-12-25T12:45:54.871107" level="INFO">Slept 3 seconds.</msg>
<arg>3</arg>
<doc>Pauses the test executed for the given time.</doc>
<status status="PASS" start="2024-12-25T12:45:51.869993" elapsed="3.001395"/>
</kw>
<kw name="Select From List By Value" owner="SeleniumLibrary">
<msg time="2024-12-25T12:45:54.872434" level="INFO">Selecting options from selection list 'id:txtFFMealAdult0' by value Baby Meal.</msg>
<arg>id:txtFFMealAdult0</arg>
<arg>Baby Meal</arg>
<doc>Selects options from selection list ``locator`` by ``values``.</doc>
<status status="PASS" start="2024-12-25T12:45:54.871892" elapsed="0.169073"/>
</kw>
<status status="PASS" start="2024-12-25T12:45:17.933890" elapsed="37.107185"/>
</kw>
<status status="PASS" start="2024-12-25T12:45:09.094331" elapsed="45.947053"/>
</test>
<test id="s1-t4" name="Closing the browser" line="23">
<kw name="Close the browser" owner="easemytrip_keywords">
<kw name="Close Browser" owner="SeleniumLibrary">
<doc>Closes the current browser.</doc>
<status status="PASS" start="2024-12-25T12:45:55.042682" elapsed="2.327051"/>
</kw>
<status status="PASS" start="2024-12-25T12:45:55.042434" elapsed="2.327736"/>
</kw>
<status status="PASS" start="2024-12-25T12:45:55.041899" elapsed="2.329212"/>
</test>
<status status="PASS" start="2024-12-25T12:44:50.998821" elapsed="66.374645"/>
</suite>
<statistics>
<total>
<stat pass="4" fail="0" skip="0">All Tests</stat>
</total>
<tag>
</tag>
<suite>
<stat pass="4" fail="0" skip="0" id="s1" name="Testfile">Testfile</stat>
</suite>
</statistics>
<errors>
</errors>
</robot>
