<?xml version="1.0" encoding="UTF-8"?>
<robot generator="Robot 7.1 (Python 3.13.0 on win32)" generated="2025-01-28T15:24:57.080031" rpa="false" schemaversion="5">
<suite id="s1" name="Testfile" source="D:\robot\testfile\TestCases\testfile.robot">
<test id="s1-t1" name="Launch the page" line="13">
<kw name="Open my browser" owner="easemytrip_keywords">
<kw name="Open Browser" owner="SeleniumLibrary">
<msg time="2025-01-28T15:24:57.805837" level="INFO">Opening browser 'chrome' to base url 'https://www.easemytrip.com/'.</msg>
<arg>${URL}</arg>
<arg>${BROWSER}</arg>
<arg>options=add_argument("--disable-notifications")</arg>
<doc>Opens a new browser instance to the optional ``url``.</doc>
<status status="PASS" start="2025-01-28T15:24:57.805276" elapsed="8.227831"/>
</kw>
<kw name="Maximize Browser Window" owner="SeleniumLibrary">
<doc>Maximizes current browser window.</doc>
<status status="PASS" start="2025-01-28T15:25:06.036461" elapsed="0.077091"/>
</kw>
<arg>${URL}</arg>
<arg>${BROWSER}</arg>
<doc>Opening the browser</doc>
<status status="PASS" start="2025-01-28T15:24:57.803928" elapsed="8.309982"/>
</kw>
<status status="PASS" start="2025-01-28T15:24:57.802682" elapsed="8.311535"/>
</test>
<test id="s1-t2" name="Booking flights" line="16">
<kw name="Enter destinations" owner="easemytrip_keywords">
<try>
<branch type="TRY">
<kw name="Click Element" owner="SeleniumLibrary">
<msg time="2025-01-28T15:25:06.119536" level="INFO">Clicking element 'id:frmcity'.</msg>
<arg>${txt_box_from}</arg>
<doc>Click the element identified by ``locator``.</doc>
<status status="PASS" start="2025-01-28T15:25:06.118526" elapsed="0.599262"/>
</kw>
<kw name="Clear Element Text" owner="SeleniumLibrary">
<arg>${clear_element_from}</arg>
<doc>Clears the value of the text-input-element identified by ``locator``.</doc>
<status status="PASS" start="2025-01-28T15:25:06.718398" elapsed="0.177107"/>
</kw>
<kw name="Set Selenium Implicit Wait" owner="SeleniumLibrary">
<arg>4</arg>
<doc>Sets the implicit wait value used by Selenium.</doc>
<status status="PASS" start="2025-01-28T15:25:06.896034" elapsed="0.002925"/>
</kw>
<kw name="Input Text" owner="SeleniumLibrary">
<msg time="2025-01-28T15:25:06.900236" level="INFO">Typing text 'MAA' into text field 'xpath://input[@id='a_FromSector_show']'.</msg>
<arg>${from_location_txt}</arg>
<arg>${from_city}</arg>
<doc>Types the given ``text`` into the text field identified by ``locator``.</doc>
<status status="PASS" start="2025-01-28T15:25:06.899496" elapsed="0.210793"/>
</kw>
<kw name="Sleep" owner="BuiltIn">
<msg time="2025-01-28T15:25:10.111397" level="INFO">Slept 3 seconds.</msg>
<arg>3</arg>
<doc>Pauses the test executed for the given time.</doc>
<status status="PASS" start="2025-01-28T15:25:07.110670" elapsed="3.001119"/>
</kw>
<kw name="Wait Until Element Is Visible" owner="SeleniumLibrary">
<arg>${from_location_click}</arg>
<arg>10</arg>
<doc>Waits until the element ``locator`` is visible.</doc>
<status status="PASS" start="2025-01-28T15:25:10.112139" elapsed="0.091734"/>
</kw>
<kw name="Sleep" owner="BuiltIn">
<msg time="2025-01-28T15:25:13.205416" level="INFO">Slept 3 seconds.</msg>
<arg>3</arg>
<doc>Pauses the test executed for the given time.</doc>
<status status="PASS" start="2025-01-28T15:25:10.204385" elapsed="3.001393"/>
</kw>
<kw name="Click Element" owner="SeleniumLibrary">
<msg time="2025-01-28T15:25:13.206659" level="INFO">Clicking element 'xpath://span[@id='spnChennai']'.</msg>
<arg>${from_location_click}</arg>
<doc>Click the element identified by ``locator``.</doc>
<status status="PASS" start="2025-01-28T15:25:13.206152" elapsed="0.284967"/>
</kw>
<status status="PASS" start="2025-01-28T15:25:06.118011" elapsed="7.373373"/>
</branch>
<branch type="EXCEPT">
<kw name="Sleep" owner="BuiltIn">
<arg>5</arg>
<doc>Pauses the test executed for the given time.</doc>
<status status="NOT RUN" start="2025-01-28T15:25:13.492028" elapsed="0.000189"/>
</kw>
<kw name="Click Element" owner="SeleniumLibrary">
<arg>xpath://p/span[contains(text(),'Chennai')]</arg>
<doc>Click the element identified by ``locator``.</doc>
<status status="NOT RUN" start="2025-01-28T15:25:13.492547" elapsed="0.000254"/>
</kw>
<status status="NOT RUN" start="2025-01-28T15:25:13.491643" elapsed="0.001305"/>
</branch>
<status status="PASS" start="2025-01-28T15:25:06.117875" elapsed="7.375210"/>
</try>
<try>
<branch type="TRY">
<kw name="Click Element" owner="SeleniumLibrary">
<msg time="2025-01-28T15:25:13.493915" level="INFO">Clicking element '//input[@id='a_Editbox13_show']'.</msg>
<arg>${txt_box_to}</arg>
<doc>Click the element identified by ``locator``.</doc>
<status status="PASS" start="2025-01-28T15:25:13.493466" elapsed="0.151274"/>
</kw>
<kw name="Input Text" owner="SeleniumLibrary">
<msg time="2025-01-28T15:25:13.646380" level="INFO">Typing text 'BOM' into text field 'xpath://input[@id='a_Editbox13_show']'.</msg>
<arg>${to_location_txt}</arg>
<arg>${to_city}</arg>
<doc>Types the given ``text`` into the text field identified by ``locator``.</doc>
<status status="PASS" start="2025-01-28T15:25:13.645266" elapsed="0.173341"/>
</kw>
<kw name="Wait Until Element Is Visible" owner="SeleniumLibrary">
<arg>${to_location_click}</arg>
<doc>Waits until the element ``locator`` is visible.</doc>
<status status="PASS" start="2025-01-28T15:25:13.819121" elapsed="0.128526"/>
</kw>
<kw name="Sleep" owner="BuiltIn">
<msg time="2025-01-28T15:25:16.948769" level="INFO">Slept 3 seconds.</msg>
<arg>3</arg>
<doc>Pauses the test executed for the given time.</doc>
<status status="PASS" start="2025-01-28T15:25:13.948076" elapsed="3.000948"/>
</kw>
<kw name="Click Element" owner="SeleniumLibrary">
<msg time="2025-01-28T15:25:16.949872" level="INFO">Clicking element 'xpath://span[@id='spnMumbai']'.</msg>
<arg>${to_location_click}</arg>
<doc>Click the element identified by ``locator``.</doc>
<status status="PASS" start="2025-01-28T15:25:16.949349" elapsed="0.141411"/>
</kw>
<status status="PASS" start="2025-01-28T15:25:13.493238" elapsed="3.597699"/>
</branch>
<branch type="EXCEPT">
<kw name="Sleep" owner="BuiltIn">
<arg>5</arg>
<doc>Pauses the test executed for the given time.</doc>
<status status="NOT RUN" start="2025-01-28T15:25:17.091359" elapsed="0.000182"/>
</kw>
<kw name="Click Element" owner="SeleniumLibrary">
<arg>xpath://p/span[contains(text(),'Mumbai')]</arg>
<doc>Click the element identified by ``locator``.</doc>
<status status="NOT RUN" start="2025-01-28T15:25:17.091792" elapsed="0.000120"/>
</kw>
<status status="NOT RUN" start="2025-01-28T15:25:17.091087" elapsed="0.000923"/>
</branch>
<status status="PASS" start="2025-01-28T15:25:13.493191" elapsed="3.598935"/>
</try>
<kw name="Click Element" owner="SeleniumLibrary">
<msg time="2025-01-28T15:25:17.092679" level="INFO">Clicking element 'id=fiv_5_28/02/2025'.</msg>
<arg>${date}</arg>
<doc>Click the element identified by ``locator``.</doc>
<status status="PASS" start="2025-01-28T15:25:17.092267" elapsed="0.395883"/>
</kw>
<kw name="Set Selenium Implicit Wait" owner="SeleniumLibrary">
<arg>5</arg>
<doc>Sets the implicit wait value used by Selenium.</doc>
<status status="PASS" start="2025-01-28T15:25:17.488582" elapsed="0.002731"/>
</kw>
<kw name="Click Element" owner="SeleniumLibrary">
<msg time="2025-01-28T15:25:17.492149" level="INFO">Clicking element 'xpath://button[@class='srchBtnSe']'.</msg>
<arg>${searchBtn}</arg>
<doc>Click the element identified by ``locator``.</doc>
<status status="PASS" start="2025-01-28T15:25:17.491720" elapsed="5.549902"/>
</kw>
<arg>${from_city}</arg>
<arg>${to_city}</arg>
<doc>Entering departure and arrival destinations and clicking "Search"</doc>
<status status="PASS" start="2025-01-28T15:25:06.116778" elapsed="16.925331"/>
</kw>
<status status="PASS" start="2025-01-28T15:25:06.115231" elapsed="16.927536"/>
</test>
<test id="s1-t3" name="Launching payment page" line="19">
<kw name="Clicking book now for the highest price" owner="easemytrip_keywords">
<kw name="Wait Until Element Is Visible" owner="SeleniumLibrary">
<arg>${fare_details}</arg>
<doc>Waits until the element ``locator`` is visible.</doc>
<status status="PASS" start="2025-01-28T15:25:23.052648" elapsed="6.075048"/>
</kw>
<kw name="Get WebElements" owner="SeleniumLibrary">
<msg time="2025-01-28T15:25:29.182390" level="INFO">@{fares} = [ &lt;selenium.webdriver.remote.webelement.WebElement (session="28c21c1a6a285e68a00412715b5aaf80", element="f.E6F8D583B705B8F0551AB95424387964.d.7F7803CD82222719D5BD52CB10879640.e.696")&gt; | &lt;selenium.webd...</msg>
<var>@{fares}</var>
<arg>${fare_details}</arg>
<doc>Returns a list of WebElement objects matching the ``locator``.</doc>
<status status="PASS" start="2025-01-28T15:25:29.128328" elapsed="0.054245"/>
</kw>
<kw name="Create List" owner="BuiltIn">
<msg time="2025-01-28T15:25:29.183167" level="INFO">${fare_values} = []</msg>
<var>${fare_values}</var>
<doc>Returns a list containing given items.</doc>
<status status="PASS" start="2025-01-28T15:25:29.182847" elapsed="0.000425"/>
</kw>
<for flavor="IN">
<iter>
<kw name="Get Text" owner="SeleniumLibrary">
<msg time="2025-01-28T15:25:29.208798" level="INFO">${fare_text} = 4,351</msg>
<var>${fare_text}</var>
<arg>${element}</arg>
<doc>Returns the text value of the element identified by ``locator``.</doc>
<status status="PASS" start="2025-01-28T15:25:29.184128" elapsed="0.024834"/>
</kw>
<kw name="Set Global Variable" owner="BuiltIn">
<msg time="2025-01-28T15:25:29.210577" level="INFO">${price_text} = 4,351</msg>
<arg>${price_text}</arg>
<arg>${fare_text}</arg>
<doc>Makes a variable available globally in all tests and suites.</doc>
<status status="PASS" start="2025-01-28T15:25:29.209229" elapsed="0.001498"/>
</kw>
<kw name="Replace String" owner="String">
<msg time="2025-01-28T15:25:29.211787" level="INFO">${replace} = 4351</msg>
<var>${replace}</var>
<arg>${fare_text}</arg>
<arg>,</arg>
<arg>${EMPTY}</arg>
<doc>Replaces ``search_for`` in the given ``string`` with ``replace_with``.</doc>
<status status="PASS" start="2025-01-28T15:25:29.210939" elapsed="0.000960"/>
</kw>
<kw name="Convert To Integer" owner="BuiltIn">
<msg time="2025-01-28T15:25:29.212500" level="INFO">${fare_number} = 4351</msg>
<var>${fare_number}</var>
<arg>${replace}</arg>
<doc>Converts the given item to an integer number.</doc>
<status status="PASS" start="2025-01-28T15:25:29.212118" elapsed="0.000489"/>
</kw>
<kw name="Append To List" owner="Collections">
<arg>${fare_values}</arg>
<arg>${fare_number}</arg>
<doc>Adds ``values`` to the end of ``list``.</doc>
<status status="PASS" start="2025-01-28T15:25:29.212806" elapsed="0.000336"/>
</kw>
<var name="${element}">&lt;selenium.webdriver.remote.webelement.WebElement (session="28c21c1a6a285e68a00412715b5aaf80", element="f.E6F8D583B705B8F0551AB95424387964.d.7F7803CD82222719D5BD52CB10879640.e.696")&gt;</var>
<status status="PASS" start="2025-01-28T15:25:29.183781" elapsed="0.029479"/>
</iter>
<iter>
<kw name="Get Text" owner="SeleniumLibrary">
<msg time="2025-01-28T15:25:29.229203" level="INFO">${fare_text} = 4,488</msg>
<var>${fare_text}</var>
<arg>${element}</arg>
<doc>Returns the text value of the element identified by ``locator``.</doc>
<status status="PASS" start="2025-01-28T15:25:29.213757" elapsed="0.015787"/>
</kw>
<kw name="Set Global Variable" owner="BuiltIn">
<msg time="2025-01-28T15:25:29.230938" level="INFO">${price_text} = 4,488</msg>
<arg>${price_text}</arg>
<arg>${fare_text}</arg>
<doc>Makes a variable available globally in all tests and suites.</doc>
<status status="PASS" start="2025-01-28T15:25:29.230077" elapsed="0.001274"/>
</kw>
<kw name="Replace String" owner="String">
<msg time="2025-01-28T15:25:29.232568" level="INFO">${replace} = 4488</msg>
<var>${replace}</var>
<arg>${fare_text}</arg>
<arg>,</arg>
<arg>${EMPTY}</arg>
<doc>Replaces ``search_for`` in the given ``string`` with ``replace_with``.</doc>
<status status="PASS" start="2025-01-28T15:25:29.231664" elapsed="0.001027"/>
</kw>
<kw name="Convert To Integer" owner="BuiltIn">
<msg time="2025-01-28T15:25:29.233454" level="INFO">${fare_number} = 4488</msg>
<var>${fare_number}</var>
<arg>${replace}</arg>
<doc>Converts the given item to an integer number.</doc>
<status status="PASS" start="2025-01-28T15:25:29.232955" elapsed="0.000653"/>
</kw>
<kw name="Append To List" owner="Collections">
<arg>${fare_values}</arg>
<arg>${fare_number}</arg>
<doc>Adds ``values`` to the end of ``list``.</doc>
<status status="PASS" start="2025-01-28T15:25:29.233899" elapsed="0.000454"/>
</kw>
<var name="${element}">&lt;selenium.webdriver.remote.webelement.WebElement (session="28c21c1a6a285e68a00412715b5aaf80", element="f.E6F8D583B705B8F0551AB95424387964.d.7F7803CD82222719D5BD52CB10879640.e.697")&gt;</var>
<status status="PASS" start="2025-01-28T15:25:29.213531" elapsed="0.020996"/>
</iter>
<iter>
<kw name="Get Text" owner="SeleniumLibrary">
<msg time="2025-01-28T15:25:29.251534" level="INFO">${fare_text} = 4,500</msg>
<var>${fare_text}</var>
<arg>${element}</arg>
<doc>Returns the text value of the element identified by ``locator``.</doc>
<status status="PASS" start="2025-01-28T15:25:29.235192" elapsed="0.016510"/>
</kw>
<kw name="Set Global Variable" owner="BuiltIn">
<msg time="2025-01-28T15:25:29.252355" level="INFO">${price_text} = 4,500</msg>
<arg>${price_text}</arg>
<arg>${fare_text}</arg>
<doc>Makes a variable available globally in all tests and suites.</doc>
<status status="PASS" start="2025-01-28T15:25:29.251969" elapsed="0.000525"/>
</kw>
<kw name="Replace String" owner="String">
<msg time="2025-01-28T15:25:29.253613" level="INFO">${replace} = 4500</msg>
<var>${replace}</var>
<arg>${fare_text}</arg>
<arg>,</arg>
<arg>${EMPTY}</arg>
<doc>Replaces ``search_for`` in the given ``string`` with ``replace_with``.</doc>
<status status="PASS" start="2025-01-28T15:25:29.252702" elapsed="0.001073"/>
</kw>
<kw name="Convert To Integer" owner="BuiltIn">
<msg time="2025-01-28T15:25:29.255481" level="INFO">${fare_number} = 4500</msg>
<var>${fare_number}</var>
<arg>${replace}</arg>
<doc>Converts the given item to an integer number.</doc>
<status status="PASS" start="2025-01-28T15:25:29.254580" elapsed="0.001154"/>
</kw>
<kw name="Append To List" owner="Collections">
<arg>${fare_values}</arg>
<arg>${fare_number}</arg>
<doc>Adds ``values`` to the end of ``list``.</doc>
<status status="PASS" start="2025-01-28T15:25:29.256431" elapsed="0.000721"/>
</kw>
<var name="${element}">&lt;selenium.webdriver.remote.webelement.WebElement (session="28c21c1a6a285e68a00412715b5aaf80", element="f.E6F8D583B705B8F0551AB95424387964.d.7F7803CD82222719D5BD52CB10879640.e.698")&gt;</var>
<status status="PASS" start="2025-01-28T15:25:29.234882" elapsed="0.022438"/>
</iter>
<iter>
<kw name="Get Text" owner="SeleniumLibrary">
<msg time="2025-01-28T15:25:29.277022" level="INFO">${fare_text} = 4,500</msg>
<var>${fare_text}</var>
<arg>${element}</arg>
<doc>Returns the text value of the element identified by ``locator``.</doc>
<status status="PASS" start="2025-01-28T15:25:29.257913" elapsed="0.019328"/>
</kw>
<kw name="Set Global Variable" owner="BuiltIn">
<msg time="2025-01-28T15:25:29.278249" level="INFO">${price_text} = 4,500</msg>
<arg>${price_text}</arg>
<arg>${fare_text}</arg>
<doc>Makes a variable available globally in all tests and suites.</doc>
<status status="PASS" start="2025-01-28T15:25:29.277642" elapsed="0.000779"/>
</kw>
<kw name="Replace String" owner="String">
<msg time="2025-01-28T15:25:29.280023" level="INFO">${replace} = 4500</msg>
<var>${replace}</var>
<arg>${fare_text}</arg>
<arg>,</arg>
<arg>${EMPTY}</arg>
<doc>Replaces ``search_for`` in the given ``string`` with ``replace_with``.</doc>
<status status="PASS" start="2025-01-28T15:25:29.278688" elapsed="0.001620"/>
</kw>
<kw name="Convert To Integer" owner="BuiltIn">
<msg time="2025-01-28T15:25:29.281154" level="INFO">${fare_number} = 4500</msg>
<var>${fare_number}</var>
<arg>${replace}</arg>
<doc>Converts the given item to an integer number.</doc>
<status status="PASS" start="2025-01-28T15:25:29.280666" elapsed="0.000648"/>
</kw>
<kw name="Append To List" owner="Collections">
<arg>${fare_values}</arg>
<arg>${fare_number}</arg>
<doc>Adds ``values`` to the end of ``list``.</doc>
<status status="PASS" start="2025-01-28T15:25:29.281650" elapsed="0.000722"/>
</kw>
<var name="${element}">&lt;selenium.webdriver.remote.webelement.WebElement (session="28c21c1a6a285e68a00412715b5aaf80", element="f.E6F8D583B705B8F0551AB95424387964.d.7F7803CD82222719D5BD52CB10879640.e.699")&gt;</var>
<status status="PASS" start="2025-01-28T15:25:29.257598" elapsed="0.024977"/>
</iter>
<iter>
<kw name="Get Text" owner="SeleniumLibrary">
<msg time="2025-01-28T15:25:29.299401" level="INFO">${fare_text} = 4,950</msg>
<var>${fare_text}</var>
<arg>${element}</arg>
<doc>Returns the text value of the element identified by ``locator``.</doc>
<status status="PASS" start="2025-01-28T15:25:29.283319" elapsed="0.016293"/>
</kw>
<kw name="Set Global Variable" owner="BuiltIn">
<msg time="2025-01-28T15:25:29.300630" level="INFO">${price_text} = 4,950</msg>
<arg>${price_text}</arg>
<arg>${fare_text}</arg>
<doc>Makes a variable available globally in all tests and suites.</doc>
<status status="PASS" start="2025-01-28T15:25:29.300030" elapsed="0.000806"/>
</kw>
<kw name="Replace String" owner="String">
<msg time="2025-01-28T15:25:29.302515" level="INFO">${replace} = 4950</msg>
<var>${replace}</var>
<arg>${fare_text}</arg>
<arg>,</arg>
<arg>${EMPTY}</arg>
<doc>Replaces ``search_for`` in the given ``string`` with ``replace_with``.</doc>
<status status="PASS" start="2025-01-28T15:25:29.301141" elapsed="0.001537"/>
</kw>
<kw name="Convert To Integer" owner="BuiltIn">
<msg time="2025-01-28T15:25:29.303502" level="INFO">${fare_number} = 4950</msg>
<var>${fare_number}</var>
<arg>${replace}</arg>
<doc>Converts the given item to an integer number.</doc>
<status status="PASS" start="2025-01-28T15:25:29.302995" elapsed="0.000655"/>
</kw>
<kw name="Append To List" owner="Collections">
<arg>${fare_values}</arg>
<arg>${fare_number}</arg>
<doc>Adds ``values`` to the end of ``list``.</doc>
<status status="PASS" start="2025-01-28T15:25:29.303939" elapsed="0.000415"/>
</kw>
<var name="${element}">&lt;selenium.webdriver.remote.webelement.WebElement (session="28c21c1a6a285e68a00412715b5aaf80", element="f.E6F8D583B705B8F0551AB95424387964.d.7F7803CD82222719D5BD52CB10879640.e.700")&gt;</var>
<status status="PASS" start="2025-01-28T15:25:29.282958" elapsed="0.021535"/>
</iter>
<iter>
<kw name="Get Text" owner="SeleniumLibrary">
<msg time="2025-01-28T15:25:29.319065" level="INFO">${fare_text} = 4,950</msg>
<var>${fare_text}</var>
<arg>${element}</arg>
<doc>Returns the text value of the element identified by ``locator``.</doc>
<status status="PASS" start="2025-01-28T15:25:29.305165" elapsed="0.014132"/>
</kw>
<kw name="Set Global Variable" owner="BuiltIn">
<msg time="2025-01-28T15:25:29.320341" level="INFO">${price_text} = 4,950</msg>
<arg>${price_text}</arg>
<arg>${fare_text}</arg>
<doc>Makes a variable available globally in all tests and suites.</doc>
<status status="PASS" start="2025-01-28T15:25:29.319713" elapsed="0.000842"/>
</kw>
<kw name="Replace String" owner="String">
<msg time="2025-01-28T15:25:29.322299" level="INFO">${replace} = 4950</msg>
<var>${replace}</var>
<arg>${fare_text}</arg>
<arg>,</arg>
<arg>${EMPTY}</arg>
<doc>Replaces ``search_for`` in the given ``string`` with ``replace_with``.</doc>
<status status="PASS" start="2025-01-28T15:25:29.320894" elapsed="0.001572"/>
</kw>
<kw name="Convert To Integer" owner="BuiltIn">
<msg time="2025-01-28T15:25:29.323338" level="INFO">${fare_number} = 4950</msg>
<var>${fare_number}</var>
<arg>${replace}</arg>
<doc>Converts the given item to an integer number.</doc>
<status status="PASS" start="2025-01-28T15:25:29.322814" elapsed="0.000670"/>
</kw>
<kw name="Append To List" owner="Collections">
<arg>${fare_values}</arg>
<arg>${fare_number}</arg>
<doc>Adds ``values`` to the end of ``list``.</doc>
<status status="PASS" start="2025-01-28T15:25:29.323781" elapsed="0.000499"/>
</kw>
<var name="${element}">&lt;selenium.webdriver.remote.webelement.WebElement (session="28c21c1a6a285e68a00412715b5aaf80", element="f.E6F8D583B705B8F0551AB95424387964.d.7F7803CD82222719D5BD52CB10879640.e.701")&gt;</var>
<status status="PASS" start="2025-01-28T15:25:29.304817" elapsed="0.019656"/>
</iter>
<iter>
<kw name="Get Text" owner="SeleniumLibrary">
<msg time="2025-01-28T15:25:29.351917" level="INFO">${fare_text} = 4,950</msg>
<var>${fare_text}</var>
<arg>${element}</arg>
<doc>Returns the text value of the element identified by ``locator``.</doc>
<status status="PASS" start="2025-01-28T15:25:29.325541" elapsed="0.026687"/>
</kw>
<kw name="Set Global Variable" owner="BuiltIn">
<msg time="2025-01-28T15:25:29.353494" level="INFO">${price_text} = 4,950</msg>
<arg>${price_text}</arg>
<arg>${fare_text}</arg>
<doc>Makes a variable available globally in all tests and suites.</doc>
<status status="PASS" start="2025-01-28T15:25:29.352792" elapsed="0.000873"/>
</kw>
<kw name="Replace String" owner="String">
<msg time="2025-01-28T15:25:29.355284" level="INFO">${replace} = 4950</msg>
<var>${replace}</var>
<arg>${fare_text}</arg>
<arg>,</arg>
<arg>${EMPTY}</arg>
<doc>Replaces ``search_for`` in the given ``string`` with ``replace_with``.</doc>
<status status="PASS" start="2025-01-28T15:25:29.353969" elapsed="0.001492"/>
</kw>
<kw name="Convert To Integer" owner="BuiltIn">
<msg time="2025-01-28T15:25:29.356206" level="INFO">${fare_number} = 4950</msg>
<var>${fare_number}</var>
<arg>${replace}</arg>
<doc>Converts the given item to an integer number.</doc>
<status status="PASS" start="2025-01-28T15:25:29.355741" elapsed="0.000591"/>
</kw>
<kw name="Append To List" owner="Collections">
<arg>${fare_values}</arg>
<arg>${fare_number}</arg>
<doc>Adds ``values`` to the end of ``list``.</doc>
<status status="PASS" start="2025-01-28T15:25:29.356550" elapsed="0.000313"/>
</kw>
<var name="${element}">&lt;selenium.webdriver.remote.webelement.WebElement (session="28c21c1a6a285e68a00412715b5aaf80", element="f.E6F8D583B705B8F0551AB95424387964.d.7F7803CD82222719D5BD52CB10879640.e.702")&gt;</var>
<status status="PASS" start="2025-01-28T15:25:29.325165" elapsed="0.031814"/>
</iter>
<iter>
<kw name="Get Text" owner="SeleniumLibrary">
<msg time="2025-01-28T15:25:29.373504" level="INFO">${fare_text} = 4,950</msg>
<var>${fare_text}</var>
<arg>${element}</arg>
<doc>Returns the text value of the element identified by ``locator``.</doc>
<status status="PASS" start="2025-01-28T15:25:29.357433" elapsed="0.016219"/>
</kw>
<kw name="Set Global Variable" owner="BuiltIn">
<msg time="2025-01-28T15:25:29.374479" level="INFO">${price_text} = 4,950</msg>
<arg>${price_text}</arg>
<arg>${fare_text}</arg>
<doc>Makes a variable available globally in all tests and suites.</doc>
<status status="PASS" start="2025-01-28T15:25:29.373919" elapsed="0.000751"/>
</kw>
<kw name="Replace String" owner="String">
<msg time="2025-01-28T15:25:29.375857" level="INFO">${replace} = 4950</msg>
<var>${replace}</var>
<arg>${fare_text}</arg>
<arg>,</arg>
<arg>${EMPTY}</arg>
<doc>Replaces ``search_for`` in the given ``string`` with ``replace_with``.</doc>
<status status="PASS" start="2025-01-28T15:25:29.374931" elapsed="0.001044"/>
</kw>
<kw name="Convert To Integer" owner="BuiltIn">
<msg time="2025-01-28T15:25:29.376571" level="INFO">${fare_number} = 4950</msg>
<var>${fare_number}</var>
<arg>${replace}</arg>
<doc>Converts the given item to an integer number.</doc>
<status status="PASS" start="2025-01-28T15:25:29.376214" elapsed="0.000455"/>
</kw>
<kw name="Append To List" owner="Collections">
<arg>${fare_values}</arg>
<arg>${fare_number}</arg>
<doc>Adds ``values`` to the end of ``list``.</doc>
<status status="PASS" start="2025-01-28T15:25:29.376866" elapsed="0.000297"/>
</kw>
<var name="${element}">&lt;selenium.webdriver.remote.webelement.WebElement (session="28c21c1a6a285e68a00412715b5aaf80", element="f.E6F8D583B705B8F0551AB95424387964.d.7F7803CD82222719D5BD52CB10879640.e.703")&gt;</var>
<status status="PASS" start="2025-01-28T15:25:29.357215" elapsed="0.020063"/>
</iter>
<iter>
<kw name="Get Text" owner="SeleniumLibrary">
<msg time="2025-01-28T15:25:29.392089" level="INFO">${fare_text} = 4,950</msg>
<var>${fare_text}</var>
<arg>${element}</arg>
<doc>Returns the text value of the element identified by ``locator``.</doc>
<status status="PASS" start="2025-01-28T15:25:29.378004" elapsed="0.014395"/>
</kw>
<kw name="Set Global Variable" owner="BuiltIn">
<msg time="2025-01-28T15:25:29.394359" level="INFO">${price_text} = 4,950</msg>
<arg>${price_text}</arg>
<arg>${fare_text}</arg>
<doc>Makes a variable available globally in all tests and suites.</doc>
<status status="PASS" start="2025-01-28T15:25:29.392863" elapsed="0.001808"/>
</kw>
<kw name="Replace String" owner="String">
<msg time="2025-01-28T15:25:29.397483" level="INFO">${replace} = 4950</msg>
<var>${replace}</var>
<arg>${fare_text}</arg>
<arg>,</arg>
<arg>${EMPTY}</arg>
<doc>Replaces ``search_for`` in the given ``string`` with ``replace_with``.</doc>
<status status="PASS" start="2025-01-28T15:25:29.395666" elapsed="0.002035"/>
</kw>
<kw name="Convert To Integer" owner="BuiltIn">
<msg time="2025-01-28T15:25:29.398766" level="INFO">${fare_number} = 4950</msg>
<var>${fare_number}</var>
<arg>${replace}</arg>
<doc>Converts the given item to an integer number.</doc>
<status status="PASS" start="2025-01-28T15:25:29.398124" elapsed="0.000817"/>
</kw>
<kw name="Append To List" owner="Collections">
<arg>${fare_values}</arg>
<arg>${fare_number}</arg>
<doc>Adds ``values`` to the end of ``list``.</doc>
<status status="PASS" start="2025-01-28T15:25:29.399302" elapsed="0.000533"/>
</kw>
<var name="${element}">&lt;selenium.webdriver.remote.webelement.WebElement (session="28c21c1a6a285e68a00412715b5aaf80", element="f.E6F8D583B705B8F0551AB95424387964.d.7F7803CD82222719D5BD52CB10879640.e.704")&gt;</var>
<status status="PASS" start="2025-01-28T15:25:29.377737" elapsed="0.022308"/>
</iter>
<iter>
<kw name="Get Text" owner="SeleniumLibrary">
<msg time="2025-01-28T15:25:29.416749" level="INFO">${fare_text} = 4,950</msg>
<var>${fare_text}</var>
<arg>${element}</arg>
<doc>Returns the text value of the element identified by ``locator``.</doc>
<status status="PASS" start="2025-01-28T15:25:29.400621" elapsed="0.016284"/>
</kw>
<kw name="Set Global Variable" owner="BuiltIn">
<msg time="2025-01-28T15:25:29.417844" level="INFO">${price_text} = 4,950</msg>
<arg>${price_text}</arg>
<arg>${fare_text}</arg>
<doc>Makes a variable available globally in all tests and suites.</doc>
<status status="PASS" start="2025-01-28T15:25:29.417281" elapsed="0.000768"/>
</kw>
<kw name="Replace String" owner="String">
<msg time="2025-01-28T15:25:29.419966" level="INFO">${replace} = 4950</msg>
<var>${replace}</var>
<arg>${fare_text}</arg>
<arg>,</arg>
<arg>${EMPTY}</arg>
<doc>Replaces ``search_for`` in the given ``string`` with ``replace_with``.</doc>
<status status="PASS" start="2025-01-28T15:25:29.418374" elapsed="0.001802"/>
</kw>
<kw name="Convert To Integer" owner="BuiltIn">
<msg time="2025-01-28T15:25:29.421179" level="INFO">${fare_number} = 4950</msg>
<var>${fare_number}</var>
<arg>${replace}</arg>
<doc>Converts the given item to an integer number.</doc>
<status status="PASS" start="2025-01-28T15:25:29.420577" elapsed="0.000767"/>
</kw>
<kw name="Append To List" owner="Collections">
<arg>${fare_values}</arg>
<arg>${fare_number}</arg>
<doc>Adds ``values`` to the end of ``list``.</doc>
<status status="PASS" start="2025-01-28T15:25:29.421704" elapsed="0.000499"/>
</kw>
<var name="${element}">&lt;selenium.webdriver.remote.webelement.WebElement (session="28c21c1a6a285e68a00412715b5aaf80", element="f.E6F8D583B705B8F0551AB95424387964.d.7F7803CD82222719D5BD52CB10879640.e.705")&gt;</var>
<status status="PASS" start="2025-01-28T15:25:29.400371" elapsed="0.022052"/>
</iter>
<iter>
<kw name="Get Text" owner="SeleniumLibrary">
<msg time="2025-01-28T15:25:29.458470" level="INFO">${fare_text} = 5,035</msg>
<var>${fare_text}</var>
<arg>${element}</arg>
<doc>Returns the text value of the element identified by ``locator``.</doc>
<status status="PASS" start="2025-01-28T15:25:29.423173" elapsed="0.035562"/>
</kw>
<kw name="Set Global Variable" owner="BuiltIn">
<msg time="2025-01-28T15:25:29.459867" level="INFO">${price_text} = 5,035</msg>
<arg>${price_text}</arg>
<arg>${fare_text}</arg>
<doc>Makes a variable available globally in all tests and suites.</doc>
<status status="PASS" start="2025-01-28T15:25:29.459196" elapsed="0.000905"/>
</kw>
<kw name="Replace String" owner="String">
<msg time="2025-01-28T15:25:29.462249" level="INFO">${replace} = 5035</msg>
<var>${replace}</var>
<arg>${fare_text}</arg>
<arg>,</arg>
<arg>${EMPTY}</arg>
<doc>Replaces ``search_for`` in the given ``string`` with ``replace_with``.</doc>
<status status="PASS" start="2025-01-28T15:25:29.460467" elapsed="0.002157"/>
</kw>
<kw name="Convert To Integer" owner="BuiltIn">
<msg time="2025-01-28T15:25:29.463977" level="INFO">${fare_number} = 5035</msg>
<var>${fare_number}</var>
<arg>${replace}</arg>
<doc>Converts the given item to an integer number.</doc>
<status status="PASS" start="2025-01-28T15:25:29.463278" elapsed="0.000904"/>
</kw>
<kw name="Append To List" owner="Collections">
<arg>${fare_values}</arg>
<arg>${fare_number}</arg>
<doc>Adds ``values`` to the end of ``list``.</doc>
<status status="PASS" start="2025-01-28T15:25:29.464686" elapsed="0.000566"/>
</kw>
<var name="${element}">&lt;selenium.webdriver.remote.webelement.WebElement (session="28c21c1a6a285e68a00412715b5aaf80", element="f.E6F8D583B705B8F0551AB95424387964.d.7F7803CD82222719D5BD52CB10879640.e.706")&gt;</var>
<status status="PASS" start="2025-01-28T15:25:29.422820" elapsed="0.042661"/>
</iter>
<iter>
<kw name="Get Text" owner="SeleniumLibrary">
<msg time="2025-01-28T15:25:29.490294" level="INFO">${fare_text} = 5,035</msg>
<var>${fare_text}</var>
<arg>${element}</arg>
<doc>Returns the text value of the element identified by ``locator``.</doc>
<status status="PASS" start="2025-01-28T15:25:29.466301" elapsed="0.024233"/>
</kw>
<kw name="Set Global Variable" owner="BuiltIn">
<msg time="2025-01-28T15:25:29.491702" level="INFO">${price_text} = 5,035</msg>
<arg>${price_text}</arg>
<arg>${fare_text}</arg>
<doc>Makes a variable available globally in all tests and suites.</doc>
<status status="PASS" start="2025-01-28T15:25:29.490980" elapsed="0.000981"/>
</kw>
<kw name="Replace String" owner="String">
<msg time="2025-01-28T15:25:29.493570" level="INFO">${replace} = 5035</msg>
<var>${replace}</var>
<arg>${fare_text}</arg>
<arg>,</arg>
<arg>${EMPTY}</arg>
<doc>Replaces ``search_for`` in the given ``string`` with ``replace_with``.</doc>
<status status="PASS" start="2025-01-28T15:25:29.492312" elapsed="0.001446"/>
</kw>
<kw name="Convert To Integer" owner="BuiltIn">
<msg time="2025-01-28T15:25:29.494779" level="INFO">${fare_number} = 5035</msg>
<var>${fare_number}</var>
<arg>${replace}</arg>
<doc>Converts the given item to an integer number.</doc>
<status status="PASS" start="2025-01-28T15:25:29.494170" elapsed="0.000834"/>
</kw>
<kw name="Append To List" owner="Collections">
<arg>${fare_values}</arg>
<arg>${fare_number}</arg>
<doc>Adds ``values`` to the end of ``list``.</doc>
<status status="PASS" start="2025-01-28T15:25:29.495947" elapsed="0.001130"/>
</kw>
<var name="${element}">&lt;selenium.webdriver.remote.webelement.WebElement (session="28c21c1a6a285e68a00412715b5aaf80", element="f.E6F8D583B705B8F0551AB95424387964.d.7F7803CD82222719D5BD52CB10879640.e.707")&gt;</var>
<status status="PASS" start="2025-01-28T15:25:29.465855" elapsed="0.031504"/>
</iter>
<iter>
<kw name="Get Text" owner="SeleniumLibrary">
<msg time="2025-01-28T15:25:29.516317" level="INFO">${fare_text} = 5,035</msg>
<var>${fare_text}</var>
<arg>${element}</arg>
<doc>Returns the text value of the element identified by ``locator``.</doc>
<status status="PASS" start="2025-01-28T15:25:29.498212" elapsed="0.018269"/>
</kw>
<kw name="Set Global Variable" owner="BuiltIn">
<msg time="2025-01-28T15:25:29.517635" level="INFO">${price_text} = 5,035</msg>
<arg>${price_text}</arg>
<arg>${fare_text}</arg>
<doc>Makes a variable available globally in all tests and suites.</doc>
<status status="PASS" start="2025-01-28T15:25:29.517004" elapsed="0.000844"/>
</kw>
<kw name="Replace String" owner="String">
<msg time="2025-01-28T15:25:29.519878" level="INFO">${replace} = 5035</msg>
<var>${replace}</var>
<arg>${fare_text}</arg>
<arg>,</arg>
<arg>${EMPTY}</arg>
<doc>Replaces ``search_for`` in the given ``string`` with ``replace_with``.</doc>
<status status="PASS" start="2025-01-28T15:25:29.518361" elapsed="0.001722"/>
</kw>
<kw name="Convert To Integer" owner="BuiltIn">
<msg time="2025-01-28T15:25:29.521133" level="INFO">${fare_number} = 5035</msg>
<var>${fare_number}</var>
<arg>${replace}</arg>
<doc>Converts the given item to an integer number.</doc>
<status status="PASS" start="2025-01-28T15:25:29.520503" elapsed="0.000804"/>
</kw>
<kw name="Append To List" owner="Collections">
<arg>${fare_values}</arg>
<arg>${fare_number}</arg>
<doc>Adds ``values`` to the end of ``list``.</doc>
<status status="PASS" start="2025-01-28T15:25:29.521628" elapsed="0.000368"/>
</kw>
<var name="${element}">&lt;selenium.webdriver.remote.webelement.WebElement (session="28c21c1a6a285e68a00412715b5aaf80", element="f.E6F8D583B705B8F0551AB95424387964.d.7F7803CD82222719D5BD52CB10879640.e.708")&gt;</var>
<status status="PASS" start="2025-01-28T15:25:29.497735" elapsed="0.024459"/>
</iter>
<iter>
<kw name="Get Text" owner="SeleniumLibrary">
<msg time="2025-01-28T15:25:29.548752" level="INFO">${fare_text} = 5,068</msg>
<var>${fare_text}</var>
<arg>${element}</arg>
<doc>Returns the text value of the element identified by ``locator``.</doc>
<status status="PASS" start="2025-01-28T15:25:29.522869" elapsed="0.026116"/>
</kw>
<kw name="Set Global Variable" owner="BuiltIn">
<msg time="2025-01-28T15:25:29.549962" level="INFO">${price_text} = 5,068</msg>
<arg>${price_text}</arg>
<arg>${fare_text}</arg>
<doc>Makes a variable available globally in all tests and suites.</doc>
<status status="PASS" start="2025-01-28T15:25:29.549369" elapsed="0.000818"/>
</kw>
<kw name="Replace String" owner="String">
<msg time="2025-01-28T15:25:29.552066" level="INFO">${replace} = 5068</msg>
<var>${replace}</var>
<arg>${fare_text}</arg>
<arg>,</arg>
<arg>${EMPTY}</arg>
<doc>Replaces ``search_for`` in the given ``string`` with ``replace_with``.</doc>
<status status="PASS" start="2025-01-28T15:25:29.550519" elapsed="0.001760"/>
</kw>
<kw name="Convert To Integer" owner="BuiltIn">
<msg time="2025-01-28T15:25:29.553269" level="INFO">${fare_number} = 5068</msg>
<var>${fare_number}</var>
<arg>${replace}</arg>
<doc>Converts the given item to an integer number.</doc>
<status status="PASS" start="2025-01-28T15:25:29.552676" elapsed="0.000776"/>
</kw>
<kw name="Append To List" owner="Collections">
<arg>${fare_values}</arg>
<arg>${fare_number}</arg>
<doc>Adds ``values`` to the end of ``list``.</doc>
<status status="PASS" start="2025-01-28T15:25:29.553716" elapsed="0.000446"/>
</kw>
<var name="${element}">&lt;selenium.webdriver.remote.webelement.WebElement (session="28c21c1a6a285e68a00412715b5aaf80", element="f.E6F8D583B705B8F0551AB95424387964.d.7F7803CD82222719D5BD52CB10879640.e.709")&gt;</var>
<status status="PASS" start="2025-01-28T15:25:29.522557" elapsed="0.031748"/>
</iter>
<iter>
<kw name="Get Text" owner="SeleniumLibrary">
<msg time="2025-01-28T15:25:29.571419" level="INFO">${fare_text} = 5,272</msg>
<var>${fare_text}</var>
<arg>${element}</arg>
<doc>Returns the text value of the element identified by ``locator``.</doc>
<status status="PASS" start="2025-01-28T15:25:29.554921" elapsed="0.016680"/>
</kw>
<kw name="Set Global Variable" owner="BuiltIn">
<msg time="2025-01-28T15:25:29.572385" level="INFO">${price_text} = 5,272</msg>
<arg>${price_text}</arg>
<arg>${fare_text}</arg>
<doc>Makes a variable available globally in all tests and suites.</doc>
<status status="PASS" start="2025-01-28T15:25:29.571871" elapsed="0.000716"/>
</kw>
<kw name="Replace String" owner="String">
<msg time="2025-01-28T15:25:29.574326" level="INFO">${replace} = 5272</msg>
<var>${replace}</var>
<arg>${fare_text}</arg>
<arg>,</arg>
<arg>${EMPTY}</arg>
<doc>Replaces ``search_for`` in the given ``string`` with ``replace_with``.</doc>
<status status="PASS" start="2025-01-28T15:25:29.572895" elapsed="0.001563"/>
</kw>
<kw name="Convert To Integer" owner="BuiltIn">
<msg time="2025-01-28T15:25:29.575293" level="INFO">${fare_number} = 5272</msg>
<var>${fare_number}</var>
<arg>${replace}</arg>
<doc>Converts the given item to an integer number.</doc>
<status status="PASS" start="2025-01-28T15:25:29.574697" elapsed="0.000818"/>
</kw>
<kw name="Append To List" owner="Collections">
<arg>${fare_values}</arg>
<arg>${fare_number}</arg>
<doc>Adds ``values`` to the end of ``list``.</doc>
<status status="PASS" start="2025-01-28T15:25:29.576142" elapsed="0.000459"/>
</kw>
<var name="${element}">&lt;selenium.webdriver.remote.webelement.WebElement (session="28c21c1a6a285e68a00412715b5aaf80", element="f.E6F8D583B705B8F0551AB95424387964.d.7F7803CD82222719D5BD52CB10879640.e.710")&gt;</var>
<status status="PASS" start="2025-01-28T15:25:29.554601" elapsed="0.022138"/>
</iter>
<iter>
<kw name="Get Text" owner="SeleniumLibrary">
<msg time="2025-01-28T15:25:29.591545" level="INFO">${fare_text} = 5,519</msg>
<var>${fare_text}</var>
<arg>${element}</arg>
<doc>Returns the text value of the element identified by ``locator``.</doc>
<status status="PASS" start="2025-01-28T15:25:29.577244" elapsed="0.014532"/>
</kw>
<kw name="Set Global Variable" owner="BuiltIn">
<msg time="2025-01-28T15:25:29.592773" level="INFO">${price_text} = 5,519</msg>
<arg>${price_text}</arg>
<arg>${fare_text}</arg>
<doc>Makes a variable available globally in all tests and suites.</doc>
<status status="PASS" start="2025-01-28T15:25:29.592165" elapsed="0.000827"/>
</kw>
<kw name="Replace String" owner="String">
<msg time="2025-01-28T15:25:29.594799" level="INFO">${replace} = 5519</msg>
<var>${replace}</var>
<arg>${fare_text}</arg>
<arg>,</arg>
<arg>${EMPTY}</arg>
<doc>Replaces ``search_for`` in the given ``string`` with ``replace_with``.</doc>
<status status="PASS" start="2025-01-28T15:25:29.593318" elapsed="0.001666"/>
</kw>
<kw name="Convert To Integer" owner="BuiltIn">
<msg time="2025-01-28T15:25:29.595905" level="INFO">${fare_number} = 5519</msg>
<var>${fare_number}</var>
<arg>${replace}</arg>
<doc>Converts the given item to an integer number.</doc>
<status status="PASS" start="2025-01-28T15:25:29.595399" elapsed="0.000633"/>
</kw>
<kw name="Append To List" owner="Collections">
<arg>${fare_values}</arg>
<arg>${fare_number}</arg>
<doc>Adds ``values`` to the end of ``list``.</doc>
<status status="PASS" start="2025-01-28T15:25:29.596262" elapsed="0.000332"/>
</kw>
<var name="${element}">&lt;selenium.webdriver.remote.webelement.WebElement (session="28c21c1a6a285e68a00412715b5aaf80", element="f.E6F8D583B705B8F0551AB95424387964.d.7F7803CD82222719D5BD52CB10879640.e.711")&gt;</var>
<status status="PASS" start="2025-01-28T15:25:29.576999" elapsed="0.019720"/>
</iter>
<iter>
<kw name="Get Text" owner="SeleniumLibrary">
<msg time="2025-01-28T15:25:29.612400" level="INFO">${fare_text} = 5,519</msg>
<var>${fare_text}</var>
<arg>${element}</arg>
<doc>Returns the text value of the element identified by ``locator``.</doc>
<status status="PASS" start="2025-01-28T15:25:29.597188" elapsed="0.015457"/>
</kw>
<kw name="Set Global Variable" owner="BuiltIn">
<msg time="2025-01-28T15:25:29.613687" level="INFO">${price_text} = 5,519</msg>
<arg>${price_text}</arg>
<arg>${fare_text}</arg>
<doc>Makes a variable available globally in all tests and suites.</doc>
<status status="PASS" start="2025-01-28T15:25:29.613047" elapsed="0.000843"/>
</kw>
<kw name="Replace String" owner="String">
<msg time="2025-01-28T15:25:29.615100" level="INFO">${replace} = 5519</msg>
<var>${replace}</var>
<arg>${fare_text}</arg>
<arg>,</arg>
<arg>${EMPTY}</arg>
<doc>Replaces ``search_for`` in the given ``string`` with ``replace_with``.</doc>
<status status="PASS" start="2025-01-28T15:25:29.614155" elapsed="0.001072"/>
</kw>
<kw name="Convert To Integer" owner="BuiltIn">
<msg time="2025-01-28T15:25:29.616331" level="INFO">${fare_number} = 5519</msg>
<var>${fare_number}</var>
<arg>${replace}</arg>
<doc>Converts the given item to an integer number.</doc>
<status status="PASS" start="2025-01-28T15:25:29.615719" elapsed="0.000784"/>
</kw>
<kw name="Append To List" owner="Collections">
<arg>${fare_values}</arg>
<arg>${fare_number}</arg>
<doc>Adds ``values`` to the end of ``list``.</doc>
<status status="PASS" start="2025-01-28T15:25:29.616877" elapsed="0.000543"/>
</kw>
<var name="${element}">&lt;selenium.webdriver.remote.webelement.WebElement (session="28c21c1a6a285e68a00412715b5aaf80", element="f.E6F8D583B705B8F0551AB95424387964.d.7F7803CD82222719D5BD52CB10879640.e.712")&gt;</var>
<status status="PASS" start="2025-01-28T15:25:29.596964" elapsed="0.020655"/>
</iter>
<iter>
<kw name="Get Text" owner="SeleniumLibrary">
<msg time="2025-01-28T15:25:29.635886" level="INFO">${fare_text} = 5,519</msg>
<var>${fare_text}</var>
<arg>${element}</arg>
<doc>Returns the text value of the element identified by ``locator``.</doc>
<status status="PASS" start="2025-01-28T15:25:29.618332" elapsed="0.018086"/>
</kw>
<kw name="Set Global Variable" owner="BuiltIn">
<msg time="2025-01-28T15:25:29.637652" level="INFO">${price_text} = 5,519</msg>
<arg>${price_text}</arg>
<arg>${fare_text}</arg>
<doc>Makes a variable available globally in all tests and suites.</doc>
<status status="PASS" start="2025-01-28T15:25:29.636940" elapsed="0.002720"/>
</kw>
<kw name="Replace String" owner="String">
<msg time="2025-01-28T15:25:29.642626" level="INFO">${replace} = 5519</msg>
<var>${replace}</var>
<arg>${fare_text}</arg>
<arg>,</arg>
<arg>${EMPTY}</arg>
<doc>Replaces ``search_for`` in the given ``string`` with ``replace_with``.</doc>
<status status="PASS" start="2025-01-28T15:25:29.640101" elapsed="0.002761"/>
</kw>
<kw name="Convert To Integer" owner="BuiltIn">
<msg time="2025-01-28T15:25:29.649274" level="INFO">${fare_number} = 5519</msg>
<var>${fare_number}</var>
<arg>${replace}</arg>
<doc>Converts the given item to an integer number.</doc>
<status status="PASS" start="2025-01-28T15:25:29.643290" elapsed="0.006289"/>
</kw>
<kw name="Append To List" owner="Collections">
<arg>${fare_values}</arg>
<arg>${fare_number}</arg>
<doc>Adds ``values`` to the end of ``list``.</doc>
<status status="PASS" start="2025-01-28T15:25:29.649996" elapsed="0.000682"/>
</kw>
<var name="${element}">&lt;selenium.webdriver.remote.webelement.WebElement (session="28c21c1a6a285e68a00412715b5aaf80", element="f.E6F8D583B705B8F0551AB95424387964.d.7F7803CD82222719D5BD52CB10879640.e.713")&gt;</var>
<status status="PASS" start="2025-01-28T15:25:29.617983" elapsed="0.032881"/>
</iter>
<iter>
<kw name="Get Text" owner="SeleniumLibrary">
<msg time="2025-01-28T15:25:29.672273" level="INFO">${fare_text} = 5,887</msg>
<var>${fare_text}</var>
<arg>${element}</arg>
<doc>Returns the text value of the element identified by ``locator``.</doc>
<status status="PASS" start="2025-01-28T15:25:29.651468" elapsed="0.021043"/>
</kw>
<kw name="Set Global Variable" owner="BuiltIn">
<msg time="2025-01-28T15:25:29.673225" level="INFO">${price_text} = 5,887</msg>
<arg>${price_text}</arg>
<arg>${fare_text}</arg>
<doc>Makes a variable available globally in all tests and suites.</doc>
<status status="PASS" start="2025-01-28T15:25:29.672807" elapsed="0.000569"/>
</kw>
<kw name="Replace String" owner="String">
<msg time="2025-01-28T15:25:29.674849" level="INFO">${replace} = 5887</msg>
<var>${replace}</var>
<arg>${fare_text}</arg>
<arg>,</arg>
<arg>${EMPTY}</arg>
<doc>Replaces ``search_for`` in the given ``string`` with ``replace_with``.</doc>
<status status="PASS" start="2025-01-28T15:25:29.673604" elapsed="0.001489"/>
</kw>
<kw name="Convert To Integer" owner="BuiltIn">
<msg time="2025-01-28T15:25:29.676158" level="INFO">${fare_number} = 5887</msg>
<var>${fare_number}</var>
<arg>${replace}</arg>
<doc>Converts the given item to an integer number.</doc>
<status status="PASS" start="2025-01-28T15:25:29.675515" elapsed="0.000846"/>
</kw>
<kw name="Append To List" owner="Collections">
<arg>${fare_values}</arg>
<arg>${fare_number}</arg>
<doc>Adds ``values`` to the end of ``list``.</doc>
<status status="PASS" start="2025-01-28T15:25:29.676711" elapsed="0.000506"/>
</kw>
<var name="${element}">&lt;selenium.webdriver.remote.webelement.WebElement (session="28c21c1a6a285e68a00412715b5aaf80", element="f.E6F8D583B705B8F0551AB95424387964.d.7F7803CD82222719D5BD52CB10879640.e.714")&gt;</var>
<status status="PASS" start="2025-01-28T15:25:29.651169" elapsed="0.026240"/>
</iter>
<iter>
<kw name="Get Text" owner="SeleniumLibrary">
<msg time="2025-01-28T15:25:29.693236" level="INFO">${fare_text} = 5,987</msg>
<var>${fare_text}</var>
<arg>${element}</arg>
<doc>Returns the text value of the element identified by ``locator``.</doc>
<status status="PASS" start="2025-01-28T15:25:29.678104" elapsed="0.015369"/>
</kw>
<kw name="Set Global Variable" owner="BuiltIn">
<msg time="2025-01-28T15:25:29.694464" level="INFO">${price_text} = 5,987</msg>
<arg>${price_text}</arg>
<arg>${fare_text}</arg>
<doc>Makes a variable available globally in all tests and suites.</doc>
<status status="PASS" start="2025-01-28T15:25:29.693863" elapsed="0.000827"/>
</kw>
<kw name="Replace String" owner="String">
<msg time="2025-01-28T15:25:29.696428" level="INFO">${replace} = 5987</msg>
<var>${replace}</var>
<arg>${fare_text}</arg>
<arg>,</arg>
<arg>${EMPTY}</arg>
<doc>Replaces ``search_for`` in the given ``string`` with ``replace_with``.</doc>
<status status="PASS" start="2025-01-28T15:25:29.695039" elapsed="0.001546"/>
</kw>
<kw name="Convert To Integer" owner="BuiltIn">
<msg time="2025-01-28T15:25:29.697578" level="INFO">${fare_number} = 5987</msg>
<var>${fare_number}</var>
<arg>${replace}</arg>
<doc>Converts the given item to an integer number.</doc>
<status status="PASS" start="2025-01-28T15:25:29.697015" elapsed="0.000730"/>
</kw>
<kw name="Append To List" owner="Collections">
<arg>${fare_values}</arg>
<arg>${fare_number}</arg>
<doc>Adds ``values`` to the end of ``list``.</doc>
<status status="PASS" start="2025-01-28T15:25:29.698043" elapsed="0.000603"/>
</kw>
<var name="${element}">&lt;selenium.webdriver.remote.webelement.WebElement (session="28c21c1a6a285e68a00412715b5aaf80", element="f.E6F8D583B705B8F0551AB95424387964.d.7F7803CD82222719D5BD52CB10879640.e.715")&gt;</var>
<status status="PASS" start="2025-01-28T15:25:29.677786" elapsed="0.021006"/>
</iter>
<iter>
<kw name="Get Text" owner="SeleniumLibrary">
<msg time="2025-01-28T15:25:29.717571" level="INFO">${fare_text} = 5,987</msg>
<var>${fare_text}</var>
<arg>${element}</arg>
<doc>Returns the text value of the element identified by ``locator``.</doc>
<status status="PASS" start="2025-01-28T15:25:29.699391" elapsed="0.018377"/>
</kw>
<kw name="Set Global Variable" owner="BuiltIn">
<msg time="2025-01-28T15:25:29.718569" level="INFO">${price_text} = 5,987</msg>
<arg>${price_text}</arg>
<arg>${fare_text}</arg>
<doc>Makes a variable available globally in all tests and suites.</doc>
<status status="PASS" start="2025-01-28T15:25:29.718088" elapsed="0.000631"/>
</kw>
<kw name="Replace String" owner="String">
<msg time="2025-01-28T15:25:29.719866" level="INFO">${replace} = 5987</msg>
<var>${replace}</var>
<arg>${fare_text}</arg>
<arg>,</arg>
<arg>${EMPTY}</arg>
<doc>Replaces ``search_for`` in the given ``string`` with ``replace_with``.</doc>
<status status="PASS" start="2025-01-28T15:25:29.718960" elapsed="0.001025"/>
</kw>
<kw name="Convert To Integer" owner="BuiltIn">
<msg time="2025-01-28T15:25:29.720565" level="INFO">${fare_number} = 5987</msg>
<var>${fare_number}</var>
<arg>${replace}</arg>
<doc>Converts the given item to an integer number.</doc>
<status status="PASS" start="2025-01-28T15:25:29.720207" elapsed="0.000459"/>
</kw>
<kw name="Append To List" owner="Collections">
<arg>${fare_values}</arg>
<arg>${fare_number}</arg>
<doc>Adds ``values`` to the end of ``list``.</doc>
<status status="PASS" start="2025-01-28T15:25:29.720867" elapsed="0.000308"/>
</kw>
<var name="${element}">&lt;selenium.webdriver.remote.webelement.WebElement (session="28c21c1a6a285e68a00412715b5aaf80", element="f.E6F8D583B705B8F0551AB95424387964.d.7F7803CD82222719D5BD52CB10879640.e.716")&gt;</var>
<status status="PASS" start="2025-01-28T15:25:29.699055" elapsed="0.022390"/>
</iter>
<iter>
<kw name="Get Text" owner="SeleniumLibrary">
<msg time="2025-01-28T15:25:29.738484" level="INFO">${fare_text} = 6,000</msg>
<var>${fare_text}</var>
<arg>${element}</arg>
<doc>Returns the text value of the element identified by ``locator``.</doc>
<status status="PASS" start="2025-01-28T15:25:29.721993" elapsed="0.016781"/>
</kw>
<kw name="Set Global Variable" owner="BuiltIn">
<msg time="2025-01-28T15:25:29.740303" level="INFO">${price_text} = 6,000</msg>
<arg>${price_text}</arg>
<arg>${fare_text}</arg>
<doc>Makes a variable available globally in all tests and suites.</doc>
<status status="PASS" start="2025-01-28T15:25:29.739539" elapsed="0.001052"/>
</kw>
<kw name="Replace String" owner="String">
<msg time="2025-01-28T15:25:29.742651" level="INFO">${replace} = 6000</msg>
<var>${replace}</var>
<arg>${fare_text}</arg>
<arg>,</arg>
<arg>${EMPTY}</arg>
<doc>Replaces ``search_for`` in the given ``string`` with ``replace_with``.</doc>
<status status="PASS" start="2025-01-28T15:25:29.741015" elapsed="0.001859"/>
</kw>
<kw name="Convert To Integer" owner="BuiltIn">
<msg time="2025-01-28T15:25:29.743862" level="INFO">${fare_number} = 6000</msg>
<var>${fare_number}</var>
<arg>${replace}</arg>
<doc>Converts the given item to an integer number.</doc>
<status status="PASS" start="2025-01-28T15:25:29.743275" elapsed="0.000758"/>
</kw>
<kw name="Append To List" owner="Collections">
<arg>${fare_values}</arg>
<arg>${fare_number}</arg>
<doc>Adds ``values`` to the end of ``list``.</doc>
<status status="PASS" start="2025-01-28T15:25:29.744384" elapsed="0.000518"/>
</kw>
<var name="${element}">&lt;selenium.webdriver.remote.webelement.WebElement (session="28c21c1a6a285e68a00412715b5aaf80", element="f.E6F8D583B705B8F0551AB95424387964.d.7F7803CD82222719D5BD52CB10879640.e.717")&gt;</var>
<status status="PASS" start="2025-01-28T15:25:29.721762" elapsed="0.024383"/>
</iter>
<iter>
<kw name="Get Text" owner="SeleniumLibrary">
<msg time="2025-01-28T15:25:29.766822" level="INFO">${fare_text} = 6,052</msg>
<var>${fare_text}</var>
<arg>${element}</arg>
<doc>Returns the text value of the element identified by ``locator``.</doc>
<status status="PASS" start="2025-01-28T15:25:29.747182" elapsed="0.019874"/>
</kw>
<kw name="Set Global Variable" owner="BuiltIn">
<msg time="2025-01-28T15:25:29.768031" level="INFO">${price_text} = 6,052</msg>
<arg>${price_text}</arg>
<arg>${fare_text}</arg>
<doc>Makes a variable available globally in all tests and suites.</doc>
<status status="PASS" start="2025-01-28T15:25:29.767446" elapsed="0.000826"/>
</kw>
<kw name="Replace String" owner="String">
<msg time="2025-01-28T15:25:29.769995" level="INFO">${replace} = 6052</msg>
<var>${replace}</var>
<arg>${fare_text}</arg>
<arg>,</arg>
<arg>${EMPTY}</arg>
<doc>Replaces ``search_for`` in the given ``string`` with ``replace_with``.</doc>
<status status="PASS" start="2025-01-28T15:25:29.768598" elapsed="0.001574"/>
</kw>
<kw name="Convert To Integer" owner="BuiltIn">
<msg time="2025-01-28T15:25:29.771060" level="INFO">${fare_number} = 6052</msg>
<var>${fare_number}</var>
<arg>${replace}</arg>
<doc>Converts the given item to an integer number.</doc>
<status status="PASS" start="2025-01-28T15:25:29.770531" elapsed="0.000689"/>
</kw>
<kw name="Append To List" owner="Collections">
<arg>${fare_values}</arg>
<arg>${fare_number}</arg>
<doc>Adds ``values`` to the end of ``list``.</doc>
<status status="PASS" start="2025-01-28T15:25:29.771524" elapsed="0.000446"/>
</kw>
<var name="${element}">&lt;selenium.webdriver.remote.webelement.WebElement (session="28c21c1a6a285e68a00412715b5aaf80", element="f.E6F8D583B705B8F0551AB95424387964.d.7F7803CD82222719D5BD52CB10879640.e.718")&gt;</var>
<status status="PASS" start="2025-01-28T15:25:29.746767" elapsed="0.025380"/>
</iter>
<iter>
<kw name="Get Text" owner="SeleniumLibrary">
<msg time="2025-01-28T15:25:29.791297" level="INFO">${fare_text} = 6,225</msg>
<var>${fare_text}</var>
<arg>${element}</arg>
<doc>Returns the text value of the element identified by ``locator``.</doc>
<status status="PASS" start="2025-01-28T15:25:29.772805" elapsed="0.018758"/>
</kw>
<kw name="Set Global Variable" owner="BuiltIn">
<msg time="2025-01-28T15:25:29.792671" level="INFO">${price_text} = 6,225</msg>
<arg>${price_text}</arg>
<arg>${fare_text}</arg>
<doc>Makes a variable available globally in all tests and suites.</doc>
<status status="PASS" start="2025-01-28T15:25:29.792017" elapsed="0.000885"/>
</kw>
<kw name="Replace String" owner="String">
<msg time="2025-01-28T15:25:29.794707" level="INFO">${replace} = 6225</msg>
<var>${replace}</var>
<arg>${fare_text}</arg>
<arg>,</arg>
<arg>${EMPTY}</arg>
<doc>Replaces ``search_for`` in the given ``string`` with ``replace_with``.</doc>
<status status="PASS" start="2025-01-28T15:25:29.793242" elapsed="0.001689"/>
</kw>
<kw name="Convert To Integer" owner="BuiltIn">
<msg time="2025-01-28T15:25:29.795829" level="INFO">${fare_number} = 6225</msg>
<var>${fare_number}</var>
<arg>${replace}</arg>
<doc>Converts the given item to an integer number.</doc>
<status status="PASS" start="2025-01-28T15:25:29.795327" elapsed="0.000630"/>
</kw>
<kw name="Append To List" owner="Collections">
<arg>${fare_values}</arg>
<arg>${fare_number}</arg>
<doc>Adds ``values`` to the end of ``list``.</doc>
<status status="PASS" start="2025-01-28T15:25:29.796185" elapsed="0.000330"/>
</kw>
<var name="${element}">&lt;selenium.webdriver.remote.webelement.WebElement (session="28c21c1a6a285e68a00412715b5aaf80", element="f.E6F8D583B705B8F0551AB95424387964.d.7F7803CD82222719D5BD52CB10879640.e.719")&gt;</var>
<status status="PASS" start="2025-01-28T15:25:29.772492" elapsed="0.024146"/>
</iter>
<iter>
<kw name="Get Text" owner="SeleniumLibrary">
<msg time="2025-01-28T15:25:29.812254" level="INFO">${fare_text} = 6,225</msg>
<var>${fare_text}</var>
<arg>${element}</arg>
<doc>Returns the text value of the element identified by ``locator``.</doc>
<status status="PASS" start="2025-01-28T15:25:29.797130" elapsed="0.015359"/>
</kw>
<kw name="Set Global Variable" owner="BuiltIn">
<msg time="2025-01-28T15:25:29.813556" level="INFO">${price_text} = 6,225</msg>
<arg>${price_text}</arg>
<arg>${fare_text}</arg>
<doc>Makes a variable available globally in all tests and suites.</doc>
<status status="PASS" start="2025-01-28T15:25:29.812928" elapsed="0.000844"/>
</kw>
<kw name="Replace String" owner="String">
<msg time="2025-01-28T15:25:29.815623" level="INFO">${replace} = 6225</msg>
<var>${replace}</var>
<arg>${fare_text}</arg>
<arg>,</arg>
<arg>${EMPTY}</arg>
<doc>Replaces ``search_for`` in the given ``string`` with ``replace_with``.</doc>
<status status="PASS" start="2025-01-28T15:25:29.814139" elapsed="0.001685"/>
</kw>
<kw name="Convert To Integer" owner="BuiltIn">
<msg time="2025-01-28T15:25:29.816726" level="INFO">${fare_number} = 6225</msg>
<var>${fare_number}</var>
<arg>${replace}</arg>
<doc>Converts the given item to an integer number.</doc>
<status status="PASS" start="2025-01-28T15:25:29.816236" elapsed="0.000606"/>
</kw>
<kw name="Append To List" owner="Collections">
<arg>${fare_values}</arg>
<arg>${fare_number}</arg>
<doc>Adds ``values`` to the end of ``list``.</doc>
<status status="PASS" start="2025-01-28T15:25:29.817094" elapsed="0.000473"/>
</kw>
<var name="${element}">&lt;selenium.webdriver.remote.webelement.WebElement (session="28c21c1a6a285e68a00412715b5aaf80", element="f.E6F8D583B705B8F0551AB95424387964.d.7F7803CD82222719D5BD52CB10879640.e.720")&gt;</var>
<status status="PASS" start="2025-01-28T15:25:29.796902" elapsed="0.020852"/>
</iter>
<iter>
<kw name="Get Text" owner="SeleniumLibrary">
<msg time="2025-01-28T15:25:29.834771" level="INFO">${fare_text} = 6,297</msg>
<var>${fare_text}</var>
<arg>${element}</arg>
<doc>Returns the text value of the element identified by ``locator``.</doc>
<status status="PASS" start="2025-01-28T15:25:29.818463" elapsed="0.016597"/>
</kw>
<kw name="Set Global Variable" owner="BuiltIn">
<msg time="2025-01-28T15:25:29.836118" level="INFO">${price_text} = 6,297</msg>
<arg>${price_text}</arg>
<arg>${fare_text}</arg>
<doc>Makes a variable available globally in all tests and suites.</doc>
<status status="PASS" start="2025-01-28T15:25:29.835464" elapsed="0.000909"/>
</kw>
<kw name="Replace String" owner="String">
<msg time="2025-01-28T15:25:29.838323" level="INFO">${replace} = 6297</msg>
<var>${replace}</var>
<arg>${fare_text}</arg>
<arg>,</arg>
<arg>${EMPTY}</arg>
<doc>Replaces ``search_for`` in the given ``string`` with ``replace_with``.</doc>
<status status="PASS" start="2025-01-28T15:25:29.836741" elapsed="0.001882"/>
</kw>
<kw name="Convert To Integer" owner="BuiltIn">
<msg time="2025-01-28T15:25:29.839745" level="INFO">${fare_number} = 6297</msg>
<var>${fare_number}</var>
<arg>${replace}</arg>
<doc>Converts the given item to an integer number.</doc>
<status status="PASS" start="2025-01-28T15:25:29.839138" elapsed="0.000803"/>
</kw>
<kw name="Append To List" owner="Collections">
<arg>${fare_values}</arg>
<arg>${fare_number}</arg>
<doc>Adds ``values`` to the end of ``list``.</doc>
<status status="PASS" start="2025-01-28T15:25:29.840642" elapsed="0.000926"/>
</kw>
<var name="${element}">&lt;selenium.webdriver.remote.webelement.WebElement (session="28c21c1a6a285e68a00412715b5aaf80", element="f.E6F8D583B705B8F0551AB95424387964.d.7F7803CD82222719D5BD52CB10879640.e.721")&gt;</var>
<status status="PASS" start="2025-01-28T15:25:29.818110" elapsed="0.023743"/>
</iter>
<iter>
<kw name="Get Text" owner="SeleniumLibrary">
<msg time="2025-01-28T15:25:29.870364" level="INFO">${fare_text} = 6,297</msg>
<var>${fare_text}</var>
<arg>${element}</arg>
<doc>Returns the text value of the element identified by ``locator``.</doc>
<status status="PASS" start="2025-01-28T15:25:29.842801" elapsed="0.027799"/>
</kw>
<kw name="Set Global Variable" owner="BuiltIn">
<msg time="2025-01-28T15:25:29.871678" level="INFO">${price_text} = 6,297</msg>
<arg>${price_text}</arg>
<arg>${fare_text}</arg>
<doc>Makes a variable available globally in all tests and suites.</doc>
<status status="PASS" start="2025-01-28T15:25:29.871023" elapsed="0.000885"/>
</kw>
<kw name="Replace String" owner="String">
<msg time="2025-01-28T15:25:29.873858" level="INFO">${replace} = 6297</msg>
<var>${replace}</var>
<arg>${fare_text}</arg>
<arg>,</arg>
<arg>${EMPTY}</arg>
<doc>Replaces ``search_for`` in the given ``string`` with ``replace_with``.</doc>
<status status="PASS" start="2025-01-28T15:25:29.872277" elapsed="0.001773"/>
</kw>
<kw name="Convert To Integer" owner="BuiltIn">
<msg time="2025-01-28T15:25:29.874977" level="INFO">${fare_number} = 6297</msg>
<var>${fare_number}</var>
<arg>${replace}</arg>
<doc>Converts the given item to an integer number.</doc>
<status status="PASS" start="2025-01-28T15:25:29.874378" elapsed="0.000760"/>
</kw>
<kw name="Append To List" owner="Collections">
<arg>${fare_values}</arg>
<arg>${fare_number}</arg>
<doc>Adds ``values`` to the end of ``list``.</doc>
<status status="PASS" start="2025-01-28T15:25:29.875478" elapsed="0.000497"/>
</kw>
<var name="${element}">&lt;selenium.webdriver.remote.webelement.WebElement (session="28c21c1a6a285e68a00412715b5aaf80", element="f.E6F8D583B705B8F0551AB95424387964.d.7F7803CD82222719D5BD52CB10879640.e.722")&gt;</var>
<status status="PASS" start="2025-01-28T15:25:29.842312" elapsed="0.033852"/>
</iter>
<iter>
<kw name="Get Text" owner="SeleniumLibrary">
<msg time="2025-01-28T15:25:29.894574" level="INFO">${fare_text} = 6,297</msg>
<var>${fare_text}</var>
<arg>${element}</arg>
<doc>Returns the text value of the element identified by ``locator``.</doc>
<status status="PASS" start="2025-01-28T15:25:29.876900" elapsed="0.017909"/>
</kw>
<kw name="Set Global Variable" owner="BuiltIn">
<msg time="2025-01-28T15:25:29.895702" level="INFO">${price_text} = 6,297</msg>
<arg>${price_text}</arg>
<arg>${fare_text}</arg>
<doc>Makes a variable available globally in all tests and suites.</doc>
<status status="PASS" start="2025-01-28T15:25:29.895200" elapsed="0.000745"/>
</kw>
<kw name="Replace String" owner="String">
<msg time="2025-01-28T15:25:29.897788" level="INFO">${replace} = 6297</msg>
<var>${replace}</var>
<arg>${fare_text}</arg>
<arg>,</arg>
<arg>${EMPTY}</arg>
<doc>Replaces ``search_for`` in the given ``string`` with ``replace_with``.</doc>
<status status="PASS" start="2025-01-28T15:25:29.896270" elapsed="0.001706"/>
</kw>
<kw name="Convert To Integer" owner="BuiltIn">
<msg time="2025-01-28T15:25:29.899040" level="INFO">${fare_number} = 6297</msg>
<var>${fare_number}</var>
<arg>${replace}</arg>
<doc>Converts the given item to an integer number.</doc>
<status status="PASS" start="2025-01-28T15:25:29.898371" elapsed="0.000919"/>
</kw>
<kw name="Append To List" owner="Collections">
<arg>${fare_values}</arg>
<arg>${fare_number}</arg>
<doc>Adds ``values`` to the end of ``list``.</doc>
<status status="PASS" start="2025-01-28T15:25:29.899807" elapsed="0.000554"/>
</kw>
<var name="${element}">&lt;selenium.webdriver.remote.webelement.WebElement (session="28c21c1a6a285e68a00412715b5aaf80", element="f.E6F8D583B705B8F0551AB95424387964.d.7F7803CD82222719D5BD52CB10879640.e.723")&gt;</var>
<status status="PASS" start="2025-01-28T15:25:29.876546" elapsed="0.024030"/>
</iter>
<iter>
<kw name="Get Text" owner="SeleniumLibrary">
<msg time="2025-01-28T15:25:29.920673" level="INFO">${fare_text} = 6,297</msg>
<var>${fare_text}</var>
<arg>${element}</arg>
<doc>Returns the text value of the element identified by ``locator``.</doc>
<status status="PASS" start="2025-01-28T15:25:29.901408" elapsed="0.019499"/>
</kw>
<kw name="Set Global Variable" owner="BuiltIn">
<msg time="2025-01-28T15:25:29.921929" level="INFO">${price_text} = 6,297</msg>
<arg>${price_text}</arg>
<arg>${fare_text}</arg>
<doc>Makes a variable available globally in all tests and suites.</doc>
<status status="PASS" start="2025-01-28T15:25:29.921319" elapsed="0.000828"/>
</kw>
<kw name="Replace String" owner="String">
<msg time="2025-01-28T15:25:29.923878" level="INFO">${replace} = 6297</msg>
<var>${replace}</var>
<arg>${fare_text}</arg>
<arg>,</arg>
<arg>${EMPTY}</arg>
<doc>Replaces ``search_for`` in the given ``string`` with ``replace_with``.</doc>
<status status="PASS" start="2025-01-28T15:25:29.922494" elapsed="0.001533"/>
</kw>
<kw name="Convert To Integer" owner="BuiltIn">
<msg time="2025-01-28T15:25:29.924899" level="INFO">${fare_number} = 6297</msg>
<var>${fare_number}</var>
<arg>${replace}</arg>
<doc>Converts the given item to an integer number.</doc>
<status status="PASS" start="2025-01-28T15:25:29.924300" elapsed="0.000839"/>
</kw>
<kw name="Append To List" owner="Collections">
<arg>${fare_values}</arg>
<arg>${fare_number}</arg>
<doc>Adds ``values`` to the end of ``list``.</doc>
<status status="PASS" start="2025-01-28T15:25:29.925508" elapsed="0.000425"/>
</kw>
<var name="${element}">&lt;selenium.webdriver.remote.webelement.WebElement (session="28c21c1a6a285e68a00412715b5aaf80", element="f.E6F8D583B705B8F0551AB95424387964.d.7F7803CD82222719D5BD52CB10879640.e.724")&gt;</var>
<status status="PASS" start="2025-01-28T15:25:29.901025" elapsed="0.025113"/>
</iter>
<iter>
<kw name="Get Text" owner="SeleniumLibrary">
<msg time="2025-01-28T15:25:29.949124" level="INFO">${fare_text} = 6,297</msg>
<var>${fare_text}</var>
<arg>${element}</arg>
<doc>Returns the text value of the element identified by ``locator``.</doc>
<status status="PASS" start="2025-01-28T15:25:29.926838" elapsed="0.022511"/>
</kw>
<kw name="Set Global Variable" owner="BuiltIn">
<msg time="2025-01-28T15:25:29.950351" level="INFO">${price_text} = 6,297</msg>
<arg>${price_text}</arg>
<arg>${fare_text}</arg>
<doc>Makes a variable available globally in all tests and suites.</doc>
<status status="PASS" start="2025-01-28T15:25:29.949751" elapsed="0.000816"/>
</kw>
<kw name="Replace String" owner="String">
<msg time="2025-01-28T15:25:29.952603" level="INFO">${replace} = 6297</msg>
<var>${replace}</var>
<arg>${fare_text}</arg>
<arg>,</arg>
<arg>${EMPTY}</arg>
<doc>Replaces ``search_for`` in the given ``string`` with ``replace_with``.</doc>
<status status="PASS" start="2025-01-28T15:25:29.951101" elapsed="0.001673"/>
</kw>
<kw name="Convert To Integer" owner="BuiltIn">
<msg time="2025-01-28T15:25:29.953766" level="INFO">${fare_number} = 6297</msg>
<var>${fare_number}</var>
<arg>${replace}</arg>
<doc>Converts the given item to an integer number.</doc>
<status status="PASS" start="2025-01-28T15:25:29.953174" elapsed="0.000771"/>
</kw>
<kw name="Append To List" owner="Collections">
<arg>${fare_values}</arg>
<arg>${fare_number}</arg>
<doc>Adds ``values`` to the end of ``list``.</doc>
<status status="PASS" start="2025-01-28T15:25:29.954302" elapsed="0.000544"/>
</kw>
<var name="${element}">&lt;selenium.webdriver.remote.webelement.WebElement (session="28c21c1a6a285e68a00412715b5aaf80", element="f.E6F8D583B705B8F0551AB95424387964.d.7F7803CD82222719D5BD52CB10879640.e.725")&gt;</var>
<status status="PASS" start="2025-01-28T15:25:29.926554" elapsed="0.028789"/>
</iter>
<iter>
<kw name="Get Text" owner="SeleniumLibrary">
<msg time="2025-01-28T15:25:29.970690" level="INFO">${fare_text} = 6,297</msg>
<var>${fare_text}</var>
<arg>${element}</arg>
<doc>Returns the text value of the element identified by ``locator``.</doc>
<status status="PASS" start="2025-01-28T15:25:29.955883" elapsed="0.014972"/>
</kw>
<kw name="Set Global Variable" owner="BuiltIn">
<msg time="2025-01-28T15:25:29.971545" level="INFO">${price_text} = 6,297</msg>
<arg>${price_text}</arg>
<arg>${fare_text}</arg>
<doc>Makes a variable available globally in all tests and suites.</doc>
<status status="PASS" start="2025-01-28T15:25:29.971138" elapsed="0.000545"/>
</kw>
<kw name="Replace String" owner="String">
<msg time="2025-01-28T15:25:29.972808" level="INFO">${replace} = 6297</msg>
<var>${replace}</var>
<arg>${fare_text}</arg>
<arg>,</arg>
<arg>${EMPTY}</arg>
<doc>Replaces ``search_for`` in the given ``string`` with ``replace_with``.</doc>
<status status="PASS" start="2025-01-28T15:25:29.971900" elapsed="0.001027"/>
</kw>
<kw name="Convert To Integer" owner="BuiltIn">
<msg time="2025-01-28T15:25:29.973531" level="INFO">${fare_number} = 6297</msg>
<var>${fare_number}</var>
<arg>${replace}</arg>
<doc>Converts the given item to an integer number.</doc>
<status status="PASS" start="2025-01-28T15:25:29.973162" elapsed="0.000494"/>
</kw>
<kw name="Append To List" owner="Collections">
<arg>${fare_values}</arg>
<arg>${fare_number}</arg>
<doc>Adds ``values`` to the end of ``list``.</doc>
<status status="PASS" start="2025-01-28T15:25:29.973915" elapsed="0.000323"/>
</kw>
<var name="${element}">&lt;selenium.webdriver.remote.webelement.WebElement (session="28c21c1a6a285e68a00412715b5aaf80", element="f.E6F8D583B705B8F0551AB95424387964.d.7F7803CD82222719D5BD52CB10879640.e.726")&gt;</var>
<status status="PASS" start="2025-01-28T15:25:29.955616" elapsed="0.018745"/>
</iter>
<iter>
<kw name="Get Text" owner="SeleniumLibrary">
<msg time="2025-01-28T15:25:29.991296" level="INFO">${fare_text} = 6,392</msg>
<var>${fare_text}</var>
<arg>${element}</arg>
<doc>Returns the text value of the element identified by ``locator``.</doc>
<status status="PASS" start="2025-01-28T15:25:29.974891" elapsed="0.016603"/>
</kw>
<kw name="Set Global Variable" owner="BuiltIn">
<msg time="2025-01-28T15:25:29.992352" level="INFO">${price_text} = 6,392</msg>
<arg>${price_text}</arg>
<arg>${fare_text}</arg>
<doc>Makes a variable available globally in all tests and suites.</doc>
<status status="PASS" start="2025-01-28T15:25:29.991906" elapsed="0.000604"/>
</kw>
<kw name="Replace String" owner="String">
<msg time="2025-01-28T15:25:29.993673" level="INFO">${replace} = 6392</msg>
<var>${replace}</var>
<arg>${fare_text}</arg>
<arg>,</arg>
<arg>${EMPTY}</arg>
<doc>Replaces ``search_for`` in the given ``string`` with ``replace_with``.</doc>
<status status="PASS" start="2025-01-28T15:25:29.992744" elapsed="0.001095"/>
</kw>
<kw name="Convert To Integer" owner="BuiltIn">
<msg time="2025-01-28T15:25:29.994811" level="INFO">${fare_number} = 6392</msg>
<var>${fare_number}</var>
<arg>${replace}</arg>
<doc>Converts the given item to an integer number.</doc>
<status status="PASS" start="2025-01-28T15:25:29.994205" elapsed="0.000860"/>
</kw>
<kw name="Append To List" owner="Collections">
<arg>${fare_values}</arg>
<arg>${fare_number}</arg>
<doc>Adds ``values`` to the end of ``list``.</doc>
<status status="PASS" start="2025-01-28T15:25:29.995438" elapsed="0.000371"/>
</kw>
<var name="${element}">&lt;selenium.webdriver.remote.webelement.WebElement (session="28c21c1a6a285e68a00412715b5aaf80", element="f.E6F8D583B705B8F0551AB95424387964.d.7F7803CD82222719D5BD52CB10879640.e.727")&gt;</var>
<status status="PASS" start="2025-01-28T15:25:29.974611" elapsed="0.021359"/>
</iter>
<iter>
<kw name="Get Text" owner="SeleniumLibrary">
<msg time="2025-01-28T15:25:30.012788" level="INFO">${fare_text} = 6,648</msg>
<var>${fare_text}</var>
<arg>${element}</arg>
<doc>Returns the text value of the element identified by ``locator``.</doc>
<status status="PASS" start="2025-01-28T15:25:29.996474" elapsed="0.016541"/>
</kw>
<kw name="Set Global Variable" owner="BuiltIn">
<msg time="2025-01-28T15:25:30.014025" level="INFO">${price_text} = 6,648</msg>
<arg>${price_text}</arg>
<arg>${fare_text}</arg>
<doc>Makes a variable available globally in all tests and suites.</doc>
<status status="PASS" start="2025-01-28T15:25:30.013397" elapsed="0.000855"/>
</kw>
<kw name="Replace String" owner="String">
<msg time="2025-01-28T15:25:30.016099" level="INFO">${replace} = 6648</msg>
<var>${replace}</var>
<arg>${fare_text}</arg>
<arg>,</arg>
<arg>${EMPTY}</arg>
<doc>Replaces ``search_for`` in the given ``string`` with ``replace_with``.</doc>
<status status="PASS" start="2025-01-28T15:25:30.014581" elapsed="0.001724"/>
</kw>
<kw name="Convert To Integer" owner="BuiltIn">
<msg time="2025-01-28T15:25:30.017326" level="INFO">${fare_number} = 6648</msg>
<var>${fare_number}</var>
<arg>${replace}</arg>
<doc>Converts the given item to an integer number.</doc>
<status status="PASS" start="2025-01-28T15:25:30.016697" elapsed="0.000802"/>
</kw>
<kw name="Append To List" owner="Collections">
<arg>${fare_values}</arg>
<arg>${fare_number}</arg>
<doc>Adds ``values`` to the end of ``list``.</doc>
<status status="PASS" start="2025-01-28T15:25:30.017833" elapsed="0.000499"/>
</kw>
<var name="${element}">&lt;selenium.webdriver.remote.webelement.WebElement (session="28c21c1a6a285e68a00412715b5aaf80", element="f.E6F8D583B705B8F0551AB95424387964.d.7F7803CD82222719D5BD52CB10879640.e.728")&gt;</var>
<status status="PASS" start="2025-01-28T15:25:29.996238" elapsed="0.022287"/>
</iter>
<iter>
<kw name="Get Text" owner="SeleniumLibrary">
<msg time="2025-01-28T15:25:30.034182" level="INFO">${fare_text} = 6,787</msg>
<var>${fare_text}</var>
<arg>${element}</arg>
<doc>Returns the text value of the element identified by ``locator``.</doc>
<status status="PASS" start="2025-01-28T15:25:30.019242" elapsed="0.015177"/>
</kw>
<kw name="Set Global Variable" owner="BuiltIn">
<msg time="2025-01-28T15:25:30.035459" level="INFO">${price_text} = 6,787</msg>
<arg>${price_text}</arg>
<arg>${fare_text}</arg>
<doc>Makes a variable available globally in all tests and suites.</doc>
<status status="PASS" start="2025-01-28T15:25:30.034804" elapsed="0.000902"/>
</kw>
<kw name="Replace String" owner="String">
<msg time="2025-01-28T15:25:30.037581" level="INFO">${replace} = 6787</msg>
<var>${replace}</var>
<arg>${fare_text}</arg>
<arg>,</arg>
<arg>${EMPTY}</arg>
<doc>Replaces ``search_for`` in the given ``string`` with ``replace_with``.</doc>
<status status="PASS" start="2025-01-28T15:25:30.036062" elapsed="0.001830"/>
</kw>
<kw name="Convert To Integer" owner="BuiltIn">
<msg time="2025-01-28T15:25:30.039467" level="INFO">${fare_number} = 6787</msg>
<var>${fare_number}</var>
<arg>${replace}</arg>
<doc>Converts the given item to an integer number.</doc>
<status status="PASS" start="2025-01-28T15:25:30.038431" elapsed="0.001529"/>
</kw>
<kw name="Append To List" owner="Collections">
<arg>${fare_values}</arg>
<arg>${fare_number}</arg>
<doc>Adds ``values`` to the end of ``list``.</doc>
<status status="PASS" start="2025-01-28T15:25:30.040422" elapsed="0.000613"/>
</kw>
<var name="${element}">&lt;selenium.webdriver.remote.webelement.WebElement (session="28c21c1a6a285e68a00412715b5aaf80", element="f.E6F8D583B705B8F0551AB95424387964.d.7F7803CD82222719D5BD52CB10879640.e.729")&gt;</var>
<status status="PASS" start="2025-01-28T15:25:30.018905" elapsed="0.022379"/>
</iter>
<iter>
<kw name="Get Text" owner="SeleniumLibrary">
<msg time="2025-01-28T15:25:30.064494" level="INFO">${fare_text} = 6,787</msg>
<var>${fare_text}</var>
<arg>${element}</arg>
<doc>Returns the text value of the element identified by ``locator``.</doc>
<status status="PASS" start="2025-01-28T15:25:30.042204" elapsed="0.022505"/>
</kw>
<kw name="Set Global Variable" owner="BuiltIn">
<msg time="2025-01-28T15:25:30.065726" level="INFO">${price_text} = 6,787</msg>
<arg>${price_text}</arg>
<arg>${fare_text}</arg>
<doc>Makes a variable available globally in all tests and suites.</doc>
<status status="PASS" start="2025-01-28T15:25:30.065129" elapsed="0.000816"/>
</kw>
<kw name="Replace String" owner="String">
<msg time="2025-01-28T15:25:30.067756" level="INFO">${replace} = 6787</msg>
<var>${replace}</var>
<arg>${fare_text}</arg>
<arg>,</arg>
<arg>${EMPTY}</arg>
<doc>Replaces ``search_for`` in the given ``string`` with ``replace_with``.</doc>
<status status="PASS" start="2025-01-28T15:25:30.066275" elapsed="0.001664"/>
</kw>
<kw name="Convert To Integer" owner="BuiltIn">
<msg time="2025-01-28T15:25:30.068826" level="INFO">${fare_number} = 6787</msg>
<var>${fare_number}</var>
<arg>${replace}</arg>
<doc>Converts the given item to an integer number.</doc>
<status status="PASS" start="2025-01-28T15:25:30.068298" elapsed="0.000752"/>
</kw>
<kw name="Append To List" owner="Collections">
<arg>${fare_values}</arg>
<arg>${fare_number}</arg>
<doc>Adds ``values`` to the end of ``list``.</doc>
<status status="PASS" start="2025-01-28T15:25:30.069442" elapsed="0.000562"/>
</kw>
<var name="${element}">&lt;selenium.webdriver.remote.webelement.WebElement (session="28c21c1a6a285e68a00412715b5aaf80", element="f.E6F8D583B705B8F0551AB95424387964.d.7F7803CD82222719D5BD52CB10879640.e.730")&gt;</var>
<status status="PASS" start="2025-01-28T15:25:30.041767" elapsed="0.028463"/>
</iter>
<iter>
<kw name="Get Text" owner="SeleniumLibrary">
<msg time="2025-01-28T15:25:30.088571" level="INFO">${fare_text} = 6,787</msg>
<var>${fare_text}</var>
<arg>${element}</arg>
<doc>Returns the text value of the element identified by ``locator``.</doc>
<status status="PASS" start="2025-01-28T15:25:30.071215" elapsed="0.017577"/>
</kw>
<kw name="Set Global Variable" owner="BuiltIn">
<msg time="2025-01-28T15:25:30.089824" level="INFO">${price_text} = 6,787</msg>
<arg>${price_text}</arg>
<arg>${fare_text}</arg>
<doc>Makes a variable available globally in all tests and suites.</doc>
<status status="PASS" start="2025-01-28T15:25:30.089198" elapsed="0.000875"/>
</kw>
<kw name="Replace String" owner="String">
<msg time="2025-01-28T15:25:30.091711" level="INFO">${replace} = 6787</msg>
<var>${replace}</var>
<arg>${fare_text}</arg>
<arg>,</arg>
<arg>${EMPTY}</arg>
<doc>Replaces ``search_for`` in the given ``string`` with ``replace_with``.</doc>
<status status="PASS" start="2025-01-28T15:25:30.090416" elapsed="0.001432"/>
</kw>
<kw name="Convert To Integer" owner="BuiltIn">
<msg time="2025-01-28T15:25:30.092513" level="INFO">${fare_number} = 6787</msg>
<var>${fare_number}</var>
<arg>${replace}</arg>
<doc>Converts the given item to an integer number.</doc>
<status status="PASS" start="2025-01-28T15:25:30.092116" elapsed="0.000506"/>
</kw>
<kw name="Append To List" owner="Collections">
<arg>${fare_values}</arg>
<arg>${fare_number}</arg>
<doc>Adds ``values`` to the end of ``list``.</doc>
<status status="PASS" start="2025-01-28T15:25:30.092835" elapsed="0.000321"/>
</kw>
<var name="${element}">&lt;selenium.webdriver.remote.webelement.WebElement (session="28c21c1a6a285e68a00412715b5aaf80", element="f.E6F8D583B705B8F0551AB95424387964.d.7F7803CD82222719D5BD52CB10879640.e.731")&gt;</var>
<status status="PASS" start="2025-01-28T15:25:30.070767" elapsed="0.022512"/>
</iter>
<iter>
<kw name="Get Text" owner="SeleniumLibrary">
<msg time="2025-01-28T15:25:30.109386" level="INFO">${fare_text} = 6,787</msg>
<var>${fare_text}</var>
<arg>${element}</arg>
<doc>Returns the text value of the element identified by ``locator``.</doc>
<status status="PASS" start="2025-01-28T15:25:30.093774" elapsed="0.015831"/>
</kw>
<kw name="Set Global Variable" owner="BuiltIn">
<msg time="2025-01-28T15:25:30.110624" level="INFO">${price_text} = 6,787</msg>
<arg>${price_text}</arg>
<arg>${fare_text}</arg>
<doc>Makes a variable available globally in all tests and suites.</doc>
<status status="PASS" start="2025-01-28T15:25:30.110010" elapsed="0.000823"/>
</kw>
<kw name="Replace String" owner="String">
<msg time="2025-01-28T15:25:30.112662" level="INFO">${replace} = 6787</msg>
<var>${replace}</var>
<arg>${fare_text}</arg>
<arg>,</arg>
<arg>${EMPTY}</arg>
<doc>Replaces ``search_for`` in the given ``string`` with ``replace_with``.</doc>
<status status="PASS" start="2025-01-28T15:25:30.111166" elapsed="0.001689"/>
</kw>
<kw name="Convert To Integer" owner="BuiltIn">
<msg time="2025-01-28T15:25:30.113803" level="INFO">${fare_number} = 6787</msg>
<var>${fare_number}</var>
<arg>${replace}</arg>
<doc>Converts the given item to an integer number.</doc>
<status status="PASS" start="2025-01-28T15:25:30.113234" elapsed="0.000728"/>
</kw>
<kw name="Append To List" owner="Collections">
<arg>${fare_values}</arg>
<arg>${fare_number}</arg>
<doc>Adds ``values`` to the end of ``list``.</doc>
<status status="PASS" start="2025-01-28T15:25:30.114288" elapsed="0.000490"/>
</kw>
<var name="${element}">&lt;selenium.webdriver.remote.webelement.WebElement (session="28c21c1a6a285e68a00412715b5aaf80", element="f.E6F8D583B705B8F0551AB95424387964.d.7F7803CD82222719D5BD52CB10879640.e.732")&gt;</var>
<status status="PASS" start="2025-01-28T15:25:30.093530" elapsed="0.021443"/>
</iter>
<iter>
<kw name="Get Text" owner="SeleniumLibrary">
<msg time="2025-01-28T15:25:30.135111" level="INFO">${fare_text} = 6,787</msg>
<var>${fare_text}</var>
<arg>${element}</arg>
<doc>Returns the text value of the element identified by ``locator``.</doc>
<status status="PASS" start="2025-01-28T15:25:30.116046" elapsed="0.019328"/>
</kw>
<kw name="Set Global Variable" owner="BuiltIn">
<msg time="2025-01-28T15:25:30.136376" level="INFO">${price_text} = 6,787</msg>
<arg>${price_text}</arg>
<arg>${fare_text}</arg>
<doc>Makes a variable available globally in all tests and suites.</doc>
<status status="PASS" start="2025-01-28T15:25:30.135778" elapsed="0.000823"/>
</kw>
<kw name="Replace String" owner="String">
<msg time="2025-01-28T15:25:30.137923" level="INFO">${replace} = 6787</msg>
<var>${replace}</var>
<arg>${fare_text}</arg>
<arg>,</arg>
<arg>${EMPTY}</arg>
<doc>Replaces ``search_for`` in the given ``string`` with ``replace_with``.</doc>
<status status="PASS" start="2025-01-28T15:25:30.136911" elapsed="0.001136"/>
</kw>
<kw name="Convert To Integer" owner="BuiltIn">
<msg time="2025-01-28T15:25:30.138676" level="INFO">${fare_number} = 6787</msg>
<var>${fare_number}</var>
[...]
<status status="PASS" start="2025-01-28T15:25:31.431275" elapsed="0.000535"/>
</kw>
<kw name="Replace String" owner="String">
<msg time="2025-01-28T15:25:31.433007" level="INFO">${replace} = 15326</msg>
<var>${replace}</var>
<arg>${fare_text}</arg>
<arg>,</arg>
<arg>${EMPTY}</arg>
<doc>Replaces ``search_for`` in the given ``string`` with ``replace_with``.</doc>
<status status="PASS" start="2025-01-28T15:25:31.432021" elapsed="0.001154"/>
</kw>
<kw name="Convert To Integer" owner="BuiltIn">
<msg time="2025-01-28T15:25:31.433984" level="INFO">${fare_number} = 15326</msg>
<var>${fare_number}</var>
<arg>${replace}</arg>
<doc>Converts the given item to an integer number.</doc>
<status status="PASS" start="2025-01-28T15:25:31.433485" elapsed="0.000676"/>
</kw>
<kw name="Append To List" owner="Collections">
<arg>${fare_values}</arg>
<arg>${fare_number}</arg>
<doc>Adds ``values`` to the end of ``list``.</doc>
<status status="PASS" start="2025-01-28T15:25:31.434529" elapsed="0.000527"/>
</kw>
<var name="${element}">&lt;selenium.webdriver.remote.webelement.WebElement (session="28c21c1a6a285e68a00412715b5aaf80", element="f.E6F8D583B705B8F0551AB95424387964.d.7F7803CD82222719D5BD52CB10879640.e.788")&gt;</var>
<status status="PASS" start="2025-01-28T15:25:31.414608" elapsed="0.020643"/>
</iter>
<iter>
<kw name="Get Text" owner="SeleniumLibrary">
<msg time="2025-01-28T15:25:31.462522" level="INFO">${fare_text} = 15,326</msg>
<var>${fare_text}</var>
<arg>${element}</arg>
<doc>Returns the text value of the element identified by ``locator``.</doc>
<status status="PASS" start="2025-01-28T15:25:31.436237" elapsed="0.026501"/>
</kw>
<kw name="Set Global Variable" owner="BuiltIn">
<msg time="2025-01-28T15:25:31.463663" level="INFO">${price_text} = 15,326</msg>
<arg>${price_text}</arg>
<arg>${fare_text}</arg>
<doc>Makes a variable available globally in all tests and suites.</doc>
<status status="PASS" start="2025-01-28T15:25:31.463108" elapsed="0.000898"/>
</kw>
<kw name="Replace String" owner="String">
<msg time="2025-01-28T15:25:31.465295" level="INFO">${replace} = 15326</msg>
<var>${replace}</var>
<arg>${fare_text}</arg>
<arg>,</arg>
<arg>${EMPTY}</arg>
<doc>Replaces ``search_for`` in the given ``string`` with ``replace_with``.</doc>
<status status="PASS" start="2025-01-28T15:25:31.464319" elapsed="0.001111"/>
</kw>
<kw name="Convert To Integer" owner="BuiltIn">
<msg time="2025-01-28T15:25:31.466346" level="INFO">${fare_number} = 15326</msg>
<var>${fare_number}</var>
<arg>${replace}</arg>
<doc>Converts the given item to an integer number.</doc>
<status status="PASS" start="2025-01-28T15:25:31.465811" elapsed="0.000663"/>
</kw>
<kw name="Append To List" owner="Collections">
<arg>${fare_values}</arg>
<arg>${fare_number}</arg>
<doc>Adds ``values`` to the end of ``list``.</doc>
<status status="PASS" start="2025-01-28T15:25:31.466817" elapsed="0.000603"/>
</kw>
<var name="${element}">&lt;selenium.webdriver.remote.webelement.WebElement (session="28c21c1a6a285e68a00412715b5aaf80", element="f.E6F8D583B705B8F0551AB95424387964.d.7F7803CD82222719D5BD52CB10879640.e.789")&gt;</var>
<status status="PASS" start="2025-01-28T15:25:31.435795" elapsed="0.031894"/>
</iter>
<iter>
<kw name="Get Text" owner="SeleniumLibrary">
<msg time="2025-01-28T15:25:31.482487" level="INFO">${fare_text} = 15,326</msg>
<var>${fare_text}</var>
<arg>${element}</arg>
<doc>Returns the text value of the element identified by ``locator``.</doc>
<status status="PASS" start="2025-01-28T15:25:31.468513" elapsed="0.014170"/>
</kw>
<kw name="Set Global Variable" owner="BuiltIn">
<msg time="2025-01-28T15:25:31.483508" level="INFO">${price_text} = 15,326</msg>
<arg>${price_text}</arg>
<arg>${fare_text}</arg>
<doc>Makes a variable available globally in all tests and suites.</doc>
<status status="PASS" start="2025-01-28T15:25:31.483098" elapsed="0.000547"/>
</kw>
<kw name="Replace String" owner="String">
<msg time="2025-01-28T15:25:31.484721" level="INFO">${replace} = 15326</msg>
<var>${replace}</var>
<arg>${fare_text}</arg>
<arg>,</arg>
<arg>${EMPTY}</arg>
<doc>Replaces ``search_for`` in the given ``string`` with ``replace_with``.</doc>
<status status="PASS" start="2025-01-28T15:25:31.483855" elapsed="0.000972"/>
</kw>
<kw name="Convert To Integer" owner="BuiltIn">
<msg time="2025-01-28T15:25:31.485514" level="INFO">${fare_number} = 15326</msg>
<var>${fare_number}</var>
<arg>${replace}</arg>
<doc>Converts the given item to an integer number.</doc>
<status status="PASS" start="2025-01-28T15:25:31.485070" elapsed="0.000551"/>
</kw>
<kw name="Append To List" owner="Collections">
<arg>${fare_values}</arg>
<arg>${fare_number}</arg>
<doc>Adds ``values`` to the end of ``list``.</doc>
<status status="PASS" start="2025-01-28T15:25:31.485866" elapsed="0.000322"/>
</kw>
<var name="${element}">&lt;selenium.webdriver.remote.webelement.WebElement (session="28c21c1a6a285e68a00412715b5aaf80", element="f.E6F8D583B705B8F0551AB95424387964.d.7F7803CD82222719D5BD52CB10879640.e.790")&gt;</var>
<status status="PASS" start="2025-01-28T15:25:31.468128" elapsed="0.018179"/>
</iter>
<iter>
<kw name="Get Text" owner="SeleniumLibrary">
<msg time="2025-01-28T15:25:31.498756" level="INFO">${fare_text} = 15,828</msg>
<var>${fare_text}</var>
<arg>${element}</arg>
<doc>Returns the text value of the element identified by ``locator``.</doc>
<status status="PASS" start="2025-01-28T15:25:31.486756" elapsed="0.012179"/>
</kw>
<kw name="Set Global Variable" owner="BuiltIn">
<msg time="2025-01-28T15:25:31.499733" level="INFO">${price_text} = 15,828</msg>
<arg>${price_text}</arg>
<arg>${fare_text}</arg>
<doc>Makes a variable available globally in all tests and suites.</doc>
<status status="PASS" start="2025-01-28T15:25:31.499294" elapsed="0.000585"/>
</kw>
<kw name="Replace String" owner="String">
<msg time="2025-01-28T15:25:31.501067" level="INFO">${replace} = 15828</msg>
<var>${replace}</var>
<arg>${fare_text}</arg>
<arg>,</arg>
<arg>${EMPTY}</arg>
<doc>Replaces ``search_for`` in the given ``string`` with ``replace_with``.</doc>
<status status="PASS" start="2025-01-28T15:25:31.500094" elapsed="0.001145"/>
</kw>
<kw name="Convert To Integer" owner="BuiltIn">
<msg time="2025-01-28T15:25:31.501907" level="INFO">${fare_number} = 15828</msg>
<var>${fare_number}</var>
<arg>${replace}</arg>
<doc>Converts the given item to an integer number.</doc>
<status status="PASS" start="2025-01-28T15:25:31.501524" elapsed="0.000494"/>
</kw>
<kw name="Append To List" owner="Collections">
<arg>${fare_values}</arg>
<arg>${fare_number}</arg>
<doc>Adds ``values`` to the end of ``list``.</doc>
<status status="PASS" start="2025-01-28T15:25:31.502218" elapsed="0.000302"/>
</kw>
<var name="${element}">&lt;selenium.webdriver.remote.webelement.WebElement (session="28c21c1a6a285e68a00412715b5aaf80", element="f.E6F8D583B705B8F0551AB95424387964.d.7F7803CD82222719D5BD52CB10879640.e.791")&gt;</var>
<status status="PASS" start="2025-01-28T15:25:31.486543" elapsed="0.016092"/>
</iter>
<iter>
<kw name="Get Text" owner="SeleniumLibrary">
<msg time="2025-01-28T15:25:31.516321" level="INFO">${fare_text} = 15,882</msg>
<var>${fare_text}</var>
<arg>${element}</arg>
<doc>Returns the text value of the element identified by ``locator``.</doc>
<status status="PASS" start="2025-01-28T15:25:31.503091" elapsed="0.013434"/>
</kw>
<kw name="Set Global Variable" owner="BuiltIn">
<msg time="2025-01-28T15:25:31.517422" level="INFO">${price_text} = 15,882</msg>
<arg>${price_text}</arg>
<arg>${fare_text}</arg>
<doc>Makes a variable available globally in all tests and suites.</doc>
<status status="PASS" start="2025-01-28T15:25:31.516882" elapsed="0.000737"/>
</kw>
<kw name="Replace String" owner="String">
<msg time="2025-01-28T15:25:31.519304" level="INFO">${replace} = 15882</msg>
<var>${replace}</var>
<arg>${fare_text}</arg>
<arg>,</arg>
<arg>${EMPTY}</arg>
<doc>Replaces ``search_for`` in the given ``string`` with ``replace_with``.</doc>
<status status="PASS" start="2025-01-28T15:25:31.517923" elapsed="0.001542"/>
</kw>
<kw name="Convert To Integer" owner="BuiltIn">
<msg time="2025-01-28T15:25:31.520247" level="INFO">${fare_number} = 15882</msg>
<var>${fare_number}</var>
<arg>${replace}</arg>
<doc>Converts the given item to an integer number.</doc>
<status status="PASS" start="2025-01-28T15:25:31.519780" elapsed="0.000600"/>
</kw>
<kw name="Append To List" owner="Collections">
<arg>${fare_values}</arg>
<arg>${fare_number}</arg>
<doc>Adds ``values`` to the end of ``list``.</doc>
<status status="PASS" start="2025-01-28T15:25:31.520589" elapsed="0.000347"/>
</kw>
<var name="${element}">&lt;selenium.webdriver.remote.webelement.WebElement (session="28c21c1a6a285e68a00412715b5aaf80", element="f.E6F8D583B705B8F0551AB95424387964.d.7F7803CD82222719D5BD52CB10879640.e.792")&gt;</var>
<status status="PASS" start="2025-01-28T15:25:31.502880" elapsed="0.018179"/>
</iter>
<iter>
<kw name="Get Text" owner="SeleniumLibrary">
<msg time="2025-01-28T15:25:31.535131" level="INFO">${fare_text} = 15,942</msg>
<var>${fare_text}</var>
<arg>${element}</arg>
<doc>Returns the text value of the element identified by ``locator``.</doc>
<status status="PASS" start="2025-01-28T15:25:31.521527" elapsed="0.013822"/>
</kw>
<kw name="Set Global Variable" owner="BuiltIn">
<msg time="2025-01-28T15:25:31.536404" level="INFO">${price_text} = 15,942</msg>
<arg>${price_text}</arg>
<arg>${fare_text}</arg>
<doc>Makes a variable available globally in all tests and suites.</doc>
<status status="PASS" start="2025-01-28T15:25:31.535720" elapsed="0.000922"/>
</kw>
<kw name="Replace String" owner="String">
<msg time="2025-01-28T15:25:31.538388" level="INFO">${replace} = 15942</msg>
<var>${replace}</var>
<arg>${fare_text}</arg>
<arg>,</arg>
<arg>${EMPTY}</arg>
<doc>Replaces ``search_for`` in the given ``string`` with ``replace_with``.</doc>
<status status="PASS" start="2025-01-28T15:25:31.536989" elapsed="0.001585"/>
</kw>
<kw name="Convert To Integer" owner="BuiltIn">
<msg time="2025-01-28T15:25:31.539725" level="INFO">${fare_number} = 15942</msg>
<var>${fare_number}</var>
<arg>${replace}</arg>
<doc>Converts the given item to an integer number.</doc>
<status status="PASS" start="2025-01-28T15:25:31.539096" elapsed="0.000810"/>
</kw>
<kw name="Append To List" owner="Collections">
<arg>${fare_values}</arg>
<arg>${fare_number}</arg>
<doc>Adds ``values`` to the end of ``list``.</doc>
<status status="PASS" start="2025-01-28T15:25:31.540238" elapsed="0.000473"/>
</kw>
<var name="${element}">&lt;selenium.webdriver.remote.webelement.WebElement (session="28c21c1a6a285e68a00412715b5aaf80", element="f.E6F8D583B705B8F0551AB95424387964.d.7F7803CD82222719D5BD52CB10879640.e.793")&gt;</var>
<status status="PASS" start="2025-01-28T15:25:31.521301" elapsed="0.019593"/>
</iter>
<var>${element}</var>
<value>@{fares}</value>
<status status="PASS" start="2025-01-28T15:25:29.183420" elapsed="2.357661"/>
</for>
<kw name="Evaluate" owner="BuiltIn">
<msg time="2025-01-28T15:25:31.542441" level="INFO">${highest_fare} = 15942</msg>
<var>${highest_fare}</var>
<arg>max(${fare_values})</arg>
<doc>Evaluates the given expression in Python and returns the result.</doc>
<status status="PASS" start="2025-01-28T15:25:31.541435" elapsed="0.001177"/>
</kw>
<kw name="Log To Console" owner="BuiltIn">
<arg>The highest fare is: ₹ ${highest_fare}</arg>
<doc>Logs the given message to the console.</doc>
<status status="PASS" start="2025-01-28T15:25:31.542931" elapsed="0.000719"/>
</kw>
<kw name="Sleep" owner="BuiltIn">
<msg time="2025-01-28T15:25:33.544849" level="INFO">Slept 2 seconds.</msg>
<arg>2</arg>
<doc>Pauses the test executed for the given time.</doc>
<status status="PASS" start="2025-01-28T15:25:31.544296" elapsed="2.000826"/>
</kw>
<kw name="Scroll Element Into View" owner="SeleniumLibrary">
<arg>xpath://span[text()='${price_text}']/ancestor::div[contains(@class,'mr5 cle')]//following-sibling::div//button[text()='Book Now']</arg>
<doc>Scrolls the element identified by ``locator`` into view.</doc>
<status status="PASS" start="2025-01-28T15:25:33.545361" elapsed="0.461603"/>
</kw>
<kw name="Click Element" owner="SeleniumLibrary">
<msg time="2025-01-28T15:25:34.007683" level="INFO">Clicking element 'xpath://span[text()='15,942']/ancestor::div[contains(@class,'mr5 cle')]//following-sibling::div//button[text()='Book Now']'.</msg>
<arg>xpath://span[text()='${price_text}']/ancestor::div[contains(@class,'mr5 cle')]//following-sibling::div//button[text()='Book Now']</arg>
<doc>Click the element identified by ``locator``.</doc>
<status status="PASS" start="2025-01-28T15:25:34.007307" elapsed="3.751008"/>
</kw>
<doc>Entering into flight booking page and booking ticket with the highest price</doc>
<status status="PASS" start="2025-01-28T15:25:23.051480" elapsed="14.707290"/>
</kw>
<kw name="Entering into booking page" owner="easemytrip_keywords">
<kw name="Sleep" owner="BuiltIn">
<msg time="2025-01-28T15:25:43.761217" level="INFO">Slept 6 seconds.</msg>
<arg>6</arg>
<doc>Pauses the test executed for the given time.</doc>
<status status="PASS" start="2025-01-28T15:25:37.760124" elapsed="6.001312"/>
</kw>
<kw name="Scroll Element Into View" owner="SeleniumLibrary">
<arg>${radio_button}</arg>
<doc>Scrolls the element identified by ``locator`` into view.</doc>
<status status="PASS" start="2025-01-28T15:25:43.761654" elapsed="0.301459"/>
</kw>
<kw name="Sleep" owner="BuiltIn">
<msg time="2025-01-28T15:25:48.064006" level="INFO">Slept 4 seconds.</msg>
<arg>4</arg>
<doc>Pauses the test executed for the given time.</doc>
<status status="PASS" start="2025-01-28T15:25:44.063342" elapsed="4.000926"/>
</kw>
<kw name="Click Element" owner="SeleniumLibrary">
<msg time="2025-01-28T15:25:48.064893" level="INFO">Clicking element 'xpath: //input[@id='chkInsurance']'.</msg>
<arg>${radio_button}</arg>
<doc>Click the element identified by ``locator``.</doc>
<status status="PASS" start="2025-01-28T15:25:48.064519" elapsed="0.112653"/>
</kw>
<kw name="Sleep" owner="BuiltIn">
<msg time="2025-01-28T15:25:52.178347" level="INFO">Slept 4 seconds.</msg>
<arg>4</arg>
<doc>Pauses the test executed for the given time.</doc>
<status status="PASS" start="2025-01-28T15:25:48.177521" elapsed="4.001047"/>
</kw>
<kw name="Scroll Element Into View" owner="SeleniumLibrary">
<arg>${email_text}</arg>
<doc>Scrolls the element identified by ``locator`` into view.</doc>
<status status="PASS" start="2025-01-28T15:25:52.178798" elapsed="0.310157"/>
</kw>
<kw name="Click Element" owner="SeleniumLibrary">
<msg time="2025-01-28T15:25:52.489495" level="INFO">Clicking element 'xpath=//input[@id='txtEmailId']'.</msg>
<arg>${email_text}</arg>
<doc>Click the element identified by ``locator``.</doc>
<status status="PASS" start="2025-01-28T15:25:52.489221" elapsed="0.117884"/>
</kw>
<kw name="Sleep" owner="BuiltIn">
<msg time="2025-01-28T15:25:56.608119" level="INFO">Slept 4 seconds.</msg>
<arg>4</arg>
<doc>Pauses the test executed for the given time.</doc>
<status status="PASS" start="2025-01-28T15:25:52.607491" elapsed="4.000937"/>
</kw>
<kw name="Input Text" owner="SeleniumLibrary">
<msg time="2025-01-28T15:25:56.609285" level="INFO">Typing text 'logadeep@yopmail.com' into text field 'xpath=//input[@id='txtEmailId']'.</msg>
<arg>${email_text}</arg>
<arg>logadeep@yopmail.com</arg>
<doc>Types the given ``text`` into the text field identified by ``locator``.</doc>
<status status="PASS" start="2025-01-28T15:25:56.608783" elapsed="0.191195"/>
</kw>
<kw name="Click Element" owner="SeleniumLibrary">
<msg time="2025-01-28T15:25:56.800764" level="INFO">Clicking element 'xpath: //span[@id='spnVerifyEmail']'.</msg>
<arg>${continue_booking_button}</arg>
<doc>Click the element identified by ``locator``.</doc>
<status status="PASS" start="2025-01-28T15:25:56.800337" elapsed="0.206397"/>
</kw>
<kw name="Sleep" owner="BuiltIn">
<msg time="2025-01-28T15:26:02.007771" level="INFO">Slept 5 seconds.</msg>
<arg>5</arg>
<doc>Pauses the test executed for the given time.</doc>
<status status="PASS" start="2025-01-28T15:25:57.007164" elapsed="5.000906"/>
</kw>
<kw name="Click Element" owner="SeleniumLibrary">
<msg time="2025-01-28T15:26:02.008791" level="INFO">Clicking element 'xpath: //div[@class='str_3 mrel']//input[@placeholder='Enter First Name']'.</msg>
<arg>${first_name_field}</arg>
<doc>Click the element identified by ``locator``.</doc>
<status status="PASS" start="2025-01-28T15:26:02.008373" elapsed="0.125886"/>
</kw>
<kw name="Input Text" owner="SeleniumLibrary">
<msg time="2025-01-28T15:26:02.134761" level="INFO">Typing text 'Sashwin' into text field 'xpath: //div[@class='str_3 mrel']//input[@placeholder='Enter First Name']'.</msg>
<arg>${first_name_field}</arg>
<arg>Sashwin</arg>
<doc>Types the given ``text`` into the text field identified by ``locator``.</doc>
<status status="PASS" start="2025-01-28T15:26:02.134489" elapsed="0.108585"/>
</kw>
<kw name="Sleep" owner="BuiltIn">
<msg time="2025-01-28T15:26:08.244218" level="INFO">Slept 6 seconds.</msg>
<arg>6</arg>
<doc>Pauses the test executed for the given time.</doc>
<status status="PASS" start="2025-01-28T15:26:02.243460" elapsed="6.000986"/>
</kw>
<kw name="Click Element" owner="SeleniumLibrary">
<msg time="2025-01-28T15:26:08.244941" level="INFO">Clicking element 'xpath: //div[@id='divFlyerPlusAdult0']'.</msg>
<arg>${plus_button}</arg>
<doc>Click the element identified by ``locator``.</doc>
<status status="PASS" start="2025-01-28T15:26:08.244653" elapsed="0.138663"/>
</kw>
<kw name="Sleep" owner="BuiltIn">
<msg time="2025-01-28T15:26:11.385106" level="INFO">Slept 3 seconds.</msg>
<arg>3</arg>
<doc>Pauses the test executed for the given time.</doc>
<status status="PASS" start="2025-01-28T15:26:08.384026" elapsed="3.001300"/>
</kw>
<kw name="Click Element" owner="SeleniumLibrary">
<msg time="2025-01-28T15:26:11.385943" level="INFO">Clicking element 'xpath: //select[@id='txtFFMealAdult0']'.</msg>
<arg>${meal_preference}</arg>
<doc>Click the element identified by ``locator``.</doc>
<status status="PASS" start="2025-01-28T15:26:11.385559" elapsed="0.124318"/>
</kw>
<kw name="Sleep" owner="BuiltIn">
<msg time="2025-01-28T15:26:14.511232" level="INFO">Slept 3 seconds.</msg>
<arg>3</arg>
<doc>Pauses the test executed for the given time.</doc>
<status status="PASS" start="2025-01-28T15:26:11.510257" elapsed="3.001209"/>
</kw>
<kw name="Select From List By Value" owner="SeleniumLibrary">
<msg time="2025-01-28T15:26:14.512046" level="INFO">Selecting options from selection list 'id:txtFFMealAdult0' by value Baby Meal.</msg>
<arg>id:txtFFMealAdult0</arg>
<arg>Baby Meal</arg>
<doc>Selects options from selection list ``locator`` by ``values``.</doc>
<status status="PASS" start="2025-01-28T15:26:14.511712" elapsed="0.164039"/>
</kw>
<kw name="Sleep" owner="BuiltIn">
<msg time="2025-01-28T15:26:15.676451" level="INFO">Slept 1 second.</msg>
<arg>1</arg>
<doc>Pauses the test executed for the given time.</doc>
<status status="PASS" start="2025-01-28T15:26:14.675989" elapsed="1.000691"/>
</kw>
<doc>Performing some operations in the payment page</doc>
<status status="PASS" start="2025-01-28T15:25:37.759301" elapsed="37.917527"/>
</kw>
<status status="PASS" start="2025-01-28T15:25:23.043754" elapsed="52.633242"/>
</test>
<test id="s1-t4" name="Closing the browser" line="23">
<kw name="Close the browser" owner="easemytrip_keywords">
<kw name="Close Browser" owner="SeleniumLibrary">
<doc>Closes the current browser.</doc>
<status status="PASS" start="2025-01-28T15:26:15.678248" elapsed="2.514107"/>
</kw>
<status status="PASS" start="2025-01-28T15:26:15.677897" elapsed="2.514684"/>
</kw>
<status status="PASS" start="2025-01-28T15:26:15.677369" elapsed="2.515394"/>
</test>
<status status="PASS" start="2025-01-28T15:24:57.119719" elapsed="81.073603"/>
</suite>
<statistics>
<total>
<stat pass="4" fail="0" skip="0">All Tests</stat>
</total>
<tag>
</tag>
<suite>
<stat pass="4" fail="0" skip="0" id="s1" name="Testfile">Testfile</stat>
</suite>
</statistics>
<errors>
</errors>
</robot>
